Test 1:

Initial:
Weight:
[[-8.5049732   7.59610013]
 [-2.97727764 -2.63224086]
 [ 7.9059131  -1.76814959]
 [-5.16096908  7.27726279]]
Biases:
[[-6.01926723]
 [-9.12661589]
 [-0.07215286]
 [-3.07126929]]

After Traning:
Weight:
[[ 3.4950268   3.59610013]
 [ 5.02272236 -4.63224086]
 [-1.0940869   1.23185041]
 [-3.16096908 -3.72273721]]
Biases:
[[-7.01926723]
 [-5.12661589]
 [-3.07215286]
 [-5.07126929]]
Learning Rate: 1

End Epoch: 8
Speed: 0.0009815692901611328

1[Error] 2[Error] 3[Error] 4[O] 
Error Number : 3
End Test: 1
--------------------------------------------------
Total Error: 3
Avg Error: 3.0
Total Time: 0.0009815692901611328 sec
Avg Time: 0.0009815692901611328 sec
