Test 1:

Initial:
Weight:
[[-5.39361563  6.86736882]
 [ 2.75360305  0.83078249]]
Biases:
[[-6.49728187]
 [ 6.32900722]]

After Traning:
Weight:
[[ 7.78968437  6.50746882]
 [-6.32239695  7.55538249]]
Biases:
[[-7.49728187]
 [ 8.32900722]]
Learning Rate: 1

End Epoch: 3
Speed: 0.029353618621826172

1[W] 2[P] 3[B] 4[B] 5[P] 6[W] 7[O] 8[P] 9[O] 10[O] 
11[W] 12[B] 13[B] 14[O] 15[P] 16[P] 17[B] 18[W] 19[B] 20[O] 
21[B] 22[P] 23[B] 24[W] 25[O] 26[O] 27[O] 28[B] 29[O] 30[O] 
31[W] 32[W] 33[O] 34[B] 35[P] 36[W] 37[B] 38[P] 39[W] 40[P] 

Error Number : 0
End Test: 1
--------------------------------------------------
Total Error: 0
Avg Error: 0.0
Total Time: 0.029353618621826172 sec
Avg Time: 0.029353618621826172 sec
