Test 1:

Initial:
Weight:
[[-2.8239942   8.36710576 -2.9332891 ]
 [ 1.80178707  5.4797749  -9.13858608]
 [-5.0223694  -4.70618533  7.04732853]
 [ 7.56578564  7.81405823  3.83209567]]
Biases:
[[-7.43323957]
 [ 4.94886831]
 [ 3.90085024]
 [-7.86080065]]

After Traning:
Weight:
[[  4.0557058    9.46910576   8.9139109 ]
 [-17.01051293   5.6129749  -13.85678608]
 [ -6.7361694  -16.69328533   2.69782853]
 [ 12.70258564  -6.17834177 -10.91700433]]
Biases:
[[-45.43323957]
 [-44.05113169]
 [-50.09914976]
 [-67.86080065]]

End Epoch: 8
Speed: 0.07995343208312988
1[W] 2[O] 3[O] 4[B] 5[P] 6[Error] 7[P] 8[W] 9[W] 10[P] 
11[W] 12[B] 13[W] 14[W] 15[O] 16[B] 17[B] 18[B] 19[B] 20[Error] 
21[P] 22[P] 23[O] 24[O] 25[W] 26[P] 27[P] 28[B] 29[W] 30[Error] 
31[B] 32[P] 33[W] 34[Error] 35[B] 36[P] 37[O] 38[W] 39[Error] 40[B] 

Error Number : 5
End Test: 1
--------------------------------------------------
Test 2:

Initial:
Weight:
[[-8.69434558  6.26831643  5.59018528]
 [-4.81376643 -8.28557858  2.80741044]
 [-6.19934601 -7.03313821 -7.13277664]
 [ 6.71739148  7.09540826  5.58363145]]
Biases:
[[-8.81328926]
 [-6.29195964]
 [ 9.14027796]
 [-4.70767236]]

After Traning:
Weight:
[[  3.75795442   8.86521643   6.03008528]
 [-13.52366643   7.90382142 -11.31198956]
 [ -6.89604601 -17.15273821   5.48762336]
 [  9.23369148  -4.55659174  -9.52026855]]
Biases:
[[-37.81328926]
 [-48.29195964]
 [-51.85972204]
 [-52.70767236]]

End Epoch: 6
Speed: 0.05496835708618164
1[W] 2[O] 3[O] 4[B] 5[P] 6[Error] 7[P] 8[W] 9[W] 10[P] 
11[W] 12[B] 13[W] 14[W] 15[O] 16[B] 17[B] 18[B] 19[B] 20[O] 
21[P] 22[P] 23[O] 24[O] 25[W] 26[P] 27[P] 28[B] 29[W] 30[Error] 
31[Error] 32[P] 33[W] 34[O] 35[B] 36[P] 37[O] 38[W] 39[P] 40[B] 

Error Number : 3
End Test: 2
--------------------------------------------------
Test 3:

Initial:
Weight:
[[-4.87070411 -6.95649581 -6.44569202]
 [ 3.84122233  6.78721614  0.49779453]
 [ 9.78027418 -3.17076656  3.56379072]
 [-0.36067166  3.09387039 -7.35086875]]
Biases:
[[-5.5072933 ]
 [-1.33898863]
 [-3.28320932]
 [-4.0530872 ]]

After Traning:
Weight:
[[  4.12779589  13.04130419   8.53900798]
 [-13.30167767   8.18891614 -11.80540547]
 [ -5.49702582 -14.68566656   1.68809072]
 [  8.57622834  -2.94092961  -9.11446875]]
Biases:
[[-48.5072933 ]
 [-48.33898863]
 [-49.28320932]
 [-50.0530872 ]]

End Epoch: 5
Speed: 0.04497504234313965
1[W] 2[O] 3[O] 4[B] 5[P] 6[Error] 7[P] 8[W] 9[W] 10[P] 
11[W] 12[B] 13[W] 14[W] 15[O] 16[B] 17[B] 18[B] 19[B] 20[Error] 
21[P] 22[P] 23[O] 24[O] 25[W] 26[P] 27[P] 28[B] 29[W] 30[Error] 
31[Error] 32[P] 33[W] 34[Error] 35[B] 36[P] 37[O] 38[W] 39[P] 40[B] 

Error Number : 5
End Test: 3
--------------------------------------------------
Test 4:

Initial:
Weight:
[[-3.53460473  2.2213137  -0.08723776]
 [-0.37488961 -1.57024564  4.67783769]
 [ 9.84762875 -6.4950966  -7.54746748]
 [-5.61296957  9.03773322  2.55689345]]
Biases:
[[ 3.34108623]
 [ 0.78829393]
 [ 0.54391189]
 [-5.12896397]]

After Traning:
Weight:
[[  6.23729527  11.1407137    9.36066224]
 [-19.35538961   8.97925436 -15.59986231]
 [ -5.93057125 -13.6670966    8.57713252]
 [ 11.60223043  -3.44926678 -10.26160655]]
Biases:
[[-43.65891377]
 [-42.21170607]
 [-48.45608811]
 [-60.12896397]]

End Epoch: 7
Speed: 0.06596112251281738
1[W] 2[O] 3[O] 4[B] 5[P] 6[O] 7[P] 8[W] 9[W] 10[P] 
11[Error] 12[B] 13[W] 14[W] 15[O] 16[B] 17[B] 18[B] 19[B] 20[O] 
21[P] 22[P] 23[O] 24[O] 25[W] 26[P] 27[P] 28[B] 29[W] 30[O] 
31[B] 32[P] 33[W] 34[O] 35[B] 36[P] 37[O] 38[W] 39[Error] 40[B] 

Error Number : 2
End Test: 4
--------------------------------------------------
Test 5:

Initial:
Weight:
[[-9.00326612 -6.89182102  1.56628761]
 [ 4.29759657 -9.86744731  1.15941948]
 [ 9.27448298  8.64064222  3.59090902]
 [-5.1861928  -3.02210115  7.69283417]]
Biases:
[[-7.1963352 ]
 [-8.36856359]
 [ 1.67184632]
 [-0.50625709]]

After Traning:
Weight:
[[  6.94173388  11.20217898   9.08898761]
 [-14.83030343   5.69395269 -10.25538052]
 [ -2.80591702 -11.70325778   6.88300902]
 [ 14.1392072   -5.02310115 -11.20706583]]
Biases:
[[-47.1963352 ]
 [-43.36856359]
 [-47.32815368]
 [-66.50625709]]

End Epoch: 8
Speed: 0.07795500755310059
1[W] 2[O] 3[O] 4[B] 5[P] 6[Error] 7[P] 8[W] 9[W] 10[P] 
11[W] 12[B] 13[W] 14[W] 15[O] 16[B] 17[B] 18[B] 19[B] 20[O] 
21[P] 22[P] 23[O] 24[O] 25[W] 26[P] 27[P] 28[B] 29[W] 30[O] 
31[B] 32[P] 33[W] 34[O] 35[B] 36[P] 37[O] 38[W] 39[P] 40[B] 

Error Number : 1
End Test: 5
--------------------------------------------------
Test 6:

Initial:
Weight:
[[-0.61928786 -2.654025   -2.7320764 ]
 [ 0.32750839 -0.75229854  5.53737621]
 [-6.23238338  0.53889797 -5.8790698 ]
 [ 4.01498864 -9.13915775  1.67217534]]
Biases:
[[4.27637738]
 [0.83456283]
 [0.06196352]
 [8.57672143]]

After Traning:
Weight:
[[  6.48641214  13.021375    10.1684236 ]
 [-16.03849161   1.40900146 -11.61452379]
 [ -7.17088338 -13.12990203   8.4603302 ]
 [ 15.94808864  -5.43955775  -7.95872466]]
Biases:
[[-52.72362262]
 [-58.16543717]
 [-46.93803648]
 [-79.42327857]]

End Epoch: 16
Speed: 0.16290640830993652
1[W] 2[O] 3[O] 4[B] 5[P] 6[O] 7[P] 8[W] 9[W] 10[P] 
11[Error] 12[B] 13[W] 14[W] 15[O] 16[B] 17[B] 18[B] 19[Error] 20[O] 
21[P] 22[P] 23[O] 24[O] 25[W] 26[P] 27[P] 28[B] 29[W] 30[O] 
31[B] 32[P] 33[W] 34[O] 35[B] 36[P] 37[O] 38[W] 39[P] 40[B] 

Error Number : 2
End Test: 6
--------------------------------------------------
Test 7:

Initial:
Weight:
[[-8.5531694  -5.57303726 -6.17634718]
 [ 1.86790781 -5.042927    7.98966332]
 [ 1.37965292  3.61418244 -2.56643273]
 [-4.69733603 -6.88824382  3.74162816]]
Biases:
[[ 3.2626072 ]
 [ 6.77522508]
 [-0.61952956]
 [-5.24038315]]

After Traning:
Weight:
[[  7.4151306   14.66606274   7.69285282]
 [-16.89799219   4.788773    -7.25843668]
 [ -4.35024708 -10.97051756   7.18676727]
 [  8.26546397  -3.64394382  -6.82937184]]
Biases:
[[-51.7373928 ]
 [-56.22477492]
 [-46.61952956]
 [-39.24038315]]

End Epoch: 8
Speed: 0.07795500755310059
1[W] 2[O] 3[O] 4[B] 5[P] 6[O] 7[P] 8[W] 9[W] 10[P] 
11[W] 12[B] 13[W] 14[W] 15[O] 16[B] 17[B] 18[B] 19[Error] 20[O] 
21[P] 22[P] 23[O] 24[O] 25[W] 26[P] 27[P] 28[B] 29[W] 30[O] 
31[B] 32[P] 33[W] 34[O] 35[B] 36[P] 37[O] 38[W] 39[P] 40[B] 

Error Number : 1
End Test: 7
--------------------------------------------------
Test 8:

Initial:
Weight:
[[-9.95460338  3.73119203 -1.04731631]
 [-8.79282848  1.10823599  5.70491781]
 [ 8.12343101  3.06954394  2.54298289]
 [ 9.86982357 -6.8901108  -8.05806853]]
Biases:
[[-8.0648143 ]
 [ 1.07621291]
 [-3.03462073]
 [-5.08658906]]

After Traning:
Weight:
[[  4.16229662  10.51269203   8.69098369]
 [-16.88302848   5.31373599 -12.46588219]
 [ -2.45996899 -11.63665606   9.11948289]
 [ 15.41292357  -5.6511108  -13.12866853]]
Biases:
[[-47.0648143 ]
 [-42.92378709]
 [-50.03462073]
 [-73.08658906]]

End Epoch: 14
Speed: 0.14191699028015137
1[W] 2[O] 3[O] 4[B] 5[P] 6[O] 7[P] 8[W] 9[W] 10[P] 
11[Error] 12[B] 13[W] 14[W] 15[O] 16[B] 17[B] 18[B] 19[B] 20[O] 
21[P] 22[P] 23[O] 24[O] 25[W] 26[P] 27[P] 28[B] 29[W] 30[O] 
31[B] 32[P] 33[W] 34[O] 35[B] 36[P] 37[O] 38[W] 39[P] 40[B] 

Error Number : 1
End Test: 8
--------------------------------------------------
Test 9:

Initial:
Weight:
[[ 9.13964965  5.60386477  6.38369485]
 [ 7.54568256 -6.34268342  4.92674981]
 [-7.87141057  5.30203054 -8.04648717]
 [-8.55936107 -2.67204328 -7.48510344]]
Biases:
[[ 3.7671927 ]
 [-3.34379118]
 [-1.07055504]
 [ 4.3906647 ]]

After Traning:
Weight:
[[  6.16614965  14.42646477   9.71729485]
 [-11.16311744   6.63501658 -10.38355019]
 [ -5.64001057 -15.15086946   1.39631283]
 [ 13.01193893  -6.05304328 -11.89940344]]
Biases:
[[-43.2328073 ]
 [-42.34379118]
 [-53.07055504]
 [-67.6093353 ]]

End Epoch: 9
Speed: 0.08896708488464355
1[W] 2[O] 3[O] 4[B] 5[P] 6[Error] 7[P] 8[W] 9[W] 10[P] 
11[W] 12[B] 13[W] 14[W] 15[O] 16[B] 17[B] 18[B] 19[B] 20[Error] 
21[P] 22[P] 23[O] 24[O] 25[W] 26[P] 27[P] 28[B] 29[W] 30[Error] 
31[Error] 32[Error] 33[W] 34[Error] 35[B] 36[P] 37[O] 38[W] 39[P] 40[B] 

Error Number : 6
End Test: 9
--------------------------------------------------
Test 10:

Initial:
Weight:
[[ 8.92785974  3.45253794 -7.28649805]
 [ 6.72417557 -0.25073511 -3.56039379]
 [ 4.15961816 -8.97135833  3.31660488]
 [ 2.11566777 -6.48280637  8.77023334]]
Biases:
[[-5.18704125]
 [ 0.82159015]
 [-4.66282445]
 [ 0.54200804]]

After Traning:
Weight:
[[  4.72175974  10.44993794   4.18040195]
 [-17.77362443   6.46856489 -14.79809379]
 [ -3.75568184 -12.33675833   8.67690488]
 [ 13.43406777  -4.09910637  -8.45276666]]
Biases:
[[-35.18704125]
 [-47.17840985]
 [-47.66282445]
 [-66.45799196]]

End Epoch: 10
Speed: 0.0999608039855957
1[W] 2[O] 3[O] 4[B] 5[P] 6[O] 7[P] 8[W] 9[W] 10[P] 
11[Error] 12[B] 13[W] 14[W] 15[O] 16[B] 17[B] 18[B] 19[B] 20[O] 
21[P] 22[P] 23[O] 24[O] 25[W] 26[P] 27[P] 28[B] 29[W] 30[O] 
31[B] 32[P] 33[W] 34[O] 35[B] 36[P] 37[O] 38[W] 39[P] 40[B] 

Error Number : 1
End Test: 10
--------------------------------------------------
Test 11:

Initial:
Weight:
[[ 8.05456271e-01  1.08303823e-03  4.20018828e+00]
 [ 2.05478134e+00 -3.76424975e+00 -9.28833968e+00]
 [ 9.75475248e+00  4.55327844e+00 -7.93514893e+00]
 [-6.99820439e-01 -5.64489161e+00  5.15293979e+00]]
Biases:
[[ 2.99803182]
 [-6.51857411]
 [ 7.17038093]
 [-6.28468653]]

After Traning:
Weight:
[[  5.61885627  11.38768304   6.24348828]
 [-16.31001866   6.61975025 -12.97333968]
 [ -5.73774752 -16.73372156   8.89195107]
 [ 16.65427956  -6.00819161  -9.48366021]]
Biases:
[[-39.00196818]
 [-50.51857411]
 [-52.82961907]
 [-81.28468653]]

End Epoch: 21
Speed: 0.22185373306274414
1[W] 2[O] 3[O] 4[B] 5[P] 6[Error] 7[P] 8[W] 9[W] 10[P] 
11[W] 12[B] 13[W] 14[W] 15[O] 16[B] 17[B] 18[B] 19[B] 20[O] 
21[P] 22[P] 23[O] 24[O] 25[W] 26[P] 27[P] 28[B] 29[W] 30[O] 
31[B] 32[P] 33[W] 34[O] 35[B] 36[P] 37[O] 38[W] 39[P] 40[B] 

Error Number : 1
End Test: 11
--------------------------------------------------
Test 12:

Initial:
Weight:
[[-2.66338778  7.07985575 -3.99215735]
 [ 2.31837441 -2.77607987  1.86324983]
 [-4.17266554 -7.52105224  8.31196234]
 [ 4.62662632  0.49861846  2.1415611 ]]
Biases:
[[-5.66460432]
 [ 5.04487234]
 [-6.7228686 ]
 [ 5.52330809]]

After Traning:
Weight:
[[  4.69411222  10.34375575   7.87644265]
 [-15.14682559   8.09342013 -11.83915017]
 [ -5.03606554 -12.01725224   1.82286234]
 [ 10.89002632  -4.30518154  -9.6500389 ]]
Biases:
[[-40.66460432]
 [-46.95512766]
 [-44.7228686 ]
 [-58.47669191]]

End Epoch: 7
Speed: 0.06896042823791504
1[W] 2[O] 3[O] 4[B] 5[P] 6[Error] 7[P] 8[W] 9[W] 10[P] 
11[W] 12[B] 13[W] 14[W] 15[O] 16[B] 17[B] 18[B] 19[B] 20[O] 
21[P] 22[P] 23[O] 24[O] 25[W] 26[P] 27[P] 28[B] 29[W] 30[Error] 
31[B] 32[Error] 33[W] 34[O] 35[B] 36[P] 37[O] 38[W] 39[P] 40[B] 

Error Number : 3
End Test: 12
--------------------------------------------------
Test 13:

Initial:
Weight:
[[ 1.60194464 -1.98564673 -8.68979304]
 [ 1.59976112 -9.98104292  5.29888174]
 [ 9.7813363  -7.23012113 -9.81645776]
 [-3.69689638  6.11392342  2.14782816]]
Biases:
[[-4.83428934]
 [-1.57768961]
 [ 6.58802555]
 [ 8.16490966]]

After Traning:
Weight:
[[  6.06024464  12.69205327   6.04590696]
 [-15.61703888   4.71405708  -9.64701826]
 [ -5.9511637  -13.09962113   4.25704224]
 [ 14.23000362  -2.52957658 -12.24217184]]
Biases:
[[-46.83428934]
 [-54.57768961]
 [-51.41197445]
 [-77.83509034]]

End Epoch: 16
Speed: 0.16990327835083008
1[W] 2[O] 3[O] 4[B] 5[P] 6[O] 7[P] 8[W] 9[W] 10[P] 
11[W] 12[B] 13[W] 14[W] 15[O] 16[B] 17[B] 18[B] 19[B] 20[O] 
21[P] 22[P] 23[O] 24[O] 25[W] 26[P] 27[P] 28[B] 29[W] 30[O] 
31[B] 32[P] 33[W] 34[O] 35[B] 36[P] 37[O] 38[W] 39[P] 40[B] 

Error Number : 0
End Test: 13
--------------------------------------------------
Test 14:

Initial:
Weight:
[[-7.2885547  -5.89361138  1.67003242]
 [-1.9611252   3.83606647  6.38693224]
 [ 9.22554252  9.17326583  4.29185707]
 [ 3.07990379 -7.73646684 -1.47470855]]
Biases:
[[ 1.06446455]
 [-0.76262413]
 [ 6.13658932]
 [-2.26669115]]

After Traning:
Weight:
[[  3.1231453    9.52488862   7.19343242]
 [-15.8743252    2.36756647 -12.26306776]
 [ -6.48165748 -11.83353417   5.29015707]
 [ 16.84710379  -6.93366684 -12.58330855]]
Biases:
[[-32.93553545]
 [-55.76262413]
 [-47.86341068]
 [-79.26669115]]

End Epoch: 18
Speed: 0.18789243698120117
1[W] 2[O] 3[O] 4[B] 5[P] 6[O] 7[P] 8[W] 9[W] 10[P] 
11[W] 12[B] 13[W] 14[W] 15[O] 16[B] 17[B] 18[B] 19[B] 20[O] 
21[P] 22[P] 23[O] 24[O] 25[W] 26[P] 27[P] 28[B] 29[W] 30[O] 
31[B] 32[P] 33[W] 34[O] 35[B] 36[P] 37[O] 38[W] 39[Error] 40[B] 

Error Number : 1
End Test: 14
--------------------------------------------------
Test 15:

Initial:
Weight:
[[-4.51315147  5.79641284 -6.8058052 ]
 [-6.56437517 -1.79860787 -5.80918314]
 [-9.06008532 -9.73220237  4.72430033]
 [-9.83206692 -0.92652827  5.9514605 ]]
Biases:
[[-4.85289097]
 [-0.78295534]
 [-4.09343208]
 [-6.81954193]]

After Traning:
Weight:
[[  6.08994853  14.40121284   6.3950948 ]
 [-15.07397517   6.69059213 -11.01388314]
 [ -7.66438532 -14.49580237  10.65220033]
 [ 14.61723308  -2.91532827 -12.7788395 ]]
Biases:
[[-50.85289097]
 [-49.78295534]
 [-54.09343208]
 [-80.81954193]]

End Epoch: 18
Speed: 0.1859142780303955
1[W] 2[O] 3[O] 4[B] 5[P] 6[O] 7[P] 8[W] 9[W] 10[P] 
11[Error] 12[B] 13[W] 14[W] 15[O] 16[B] 17[B] 18[B] 19[B] 20[O] 
21[P] 22[P] 23[O] 24[O] 25[W] 26[P] 27[P] 28[B] 29[W] 30[O] 
31[B] 32[P] 33[W] 34[O] 35[B] 36[P] 37[O] 38[W] 39[P] 40[B] 

Error Number : 1
End Test: 15
--------------------------------------------------
Test 16:

Initial:
Weight:
[[ 0.44137066  0.52542758 -0.44580256]
 [ 7.68309501  0.17694755  2.01139942]
 [ 6.95055584 -0.10088571 -1.8501521 ]
 [-3.65477711 -5.75090362 -8.39519962]]
Biases:
[[-7.89496518]
 [ 5.62977549]
 [-2.21638747]
 [ 8.56630537]]

After Traning:
Weight:
[[  5.32007066  12.48402758   9.80589744]
 [-17.48140499   4.59854755 -11.16650058]
 [ -4.76204416 -13.01968571   0.0242479 ]
 [ 16.39242289  -6.89560362 -14.84309962]]
Biases:
[[-44.89496518]
 [-51.37022451]
 [-48.21638747]
 [-80.43369463]]

End Epoch: 18
Speed: 0.18591618537902832
1[W] 2[O] 3[O] 4[B] 5[P] 6[Error] 7[P] 8[W] 9[W] 10[P] 
11[W] 12[B] 13[W] 14[W] 15[O] 16[B] 17[B] 18[B] 19[B] 20[Error] 
21[P] 22[P] 23[O] 24[O] 25[W] 26[P] 27[P] 28[B] 29[W] 30[Error] 
31[Error] 32[Error] 33[W] 34[Error] 35[B] 36[P] 37[O] 38[W] 39[W] 40[B] 

Error Number : 6
End Test: 16
--------------------------------------------------
Test 17:

Initial:
Weight:
[[-2.08752797 -9.36121327 -0.19006348]
 [-2.657104    4.5476397   3.83602622]
 [ 7.13545071 -7.55553936  7.54577235]
 [-8.12319063 -9.71740429  2.79060031]]
Biases:
[[ 5.72199829]
 [-2.52772539]
 [-4.85663009]
 [-5.47898317]]

After Traning:
Weight:
[[  5.02297203  11.70838673   6.03323652]
 [-14.522504     2.6170397  -12.41747378]
 [ -3.98494929 -14.72243936   6.91967235]
 [ 13.10680937  -5.46920429 -10.34479969]]
Biases:
[[-43.27800171]
 [-51.52772539]
 [-56.85663009]
 [-66.47898317]]

End Epoch: 9
Speed: 0.08894991874694824
1[W] 2[O] 3[O] 4[B] 5[P] 6[Error] 7[P] 8[W] 9[W] 10[P] 
11[W] 12[B] 13[W] 14[W] 15[O] 16[B] 17[B] 18[B] 19[B] 20[O] 
21[P] 22[P] 23[O] 24[O] 25[W] 26[P] 27[P] 28[B] 29[W] 30[O] 
31[B] 32[P] 33[W] 34[O] 35[B] 36[P] 37[O] 38[W] 39[P] 40[B] 

Error Number : 1
End Test: 17
--------------------------------------------------
Test 18:

Initial:
Weight:
[[ 4.2925349   8.71943979  0.3871306 ]
 [-3.75773424  5.54227962  4.63344626]
 [ 4.26559043 -5.13495048  1.95291393]
 [ 7.0627761   8.63184896 -1.36141807]]
Biases:
[[ 2.88768184]
 [-9.16110187]
 [-8.7561037 ]
 [ 4.2956272 ]]

After Traning:
Weight:
[[  1.8954349   11.50333979  10.2419306 ]
 [-17.11773424   4.97747962 -12.99865374]
 [ -3.08020957 -12.85545048   8.23261393]
 [ 17.6594761   -5.88695104 -13.43931807]]
Biases:
[[-51.11231816]
 [-46.16110187]
 [-43.7561037 ]
 [-83.7043728 ]]

End Epoch: 18
Speed: 0.1868913173675537
1[W] 2[O] 3[O] 4[B] 5[P] 6[Error] 7[P] 8[W] 9[W] 10[P] 
11[Error] 12[B] 13[W] 14[W] 15[O] 16[B] 17[B] 18[B] 19[B] 20[O] 
21[P] 22[P] 23[O] 24[O] 25[W] 26[P] 27[P] 28[B] 29[W] 30[O] 
31[B] 32[P] 33[W] 34[O] 35[B] 36[P] 37[O] 38[W] 39[Error] 40[B] 

Error Number : 3
End Test: 18
--------------------------------------------------
Test 19:

Initial:
Weight:
[[-3.3809097  -2.27150072 -0.37402337]
 [-0.35525905  1.44107637 -5.51172023]
 [ 8.69140238  8.05059705 -4.14646285]
 [-2.19925476  3.61689552  0.45975747]]
Biases:
[[ 0.18814438]
 [-0.16212296]
 [-7.85175332]
 [ 5.0469849 ]]

After Traning:
Weight:
[[  6.2672903   14.25989928   5.33107663]
 [-12.93665905   7.04657637 -12.21382023]
 [ -5.46179762  -8.50080295   5.38663715]
 [ 12.94124524  -4.93280448  -7.10894253]]
Biases:
[[-48.81185562]
 [-60.16212296]
 [-36.85175332]
 [-61.9530151 ]]

End Epoch: 11
Speed: 0.10893607139587402
1[W] 2[O] 3[O] 4[B] 5[P] 6[O] 7[P] 8[W] 9[W] 10[P] 
11[W] 12[B] 13[W] 14[W] 15[O] 16[B] 17[B] 18[B] 19[Error] 20[O] 
21[P] 22[P] 23[O] 24[O] 25[W] 26[P] 27[P] 28[B] 29[W] 30[O] 
31[B] 32[P] 33[W] 34[O] 35[B] 36[P] 37[O] 38[W] 39[P] 40[B] 

Error Number : 1
End Test: 19
--------------------------------------------------
Test 20:

Initial:
Weight:
[[-9.65206105  9.72657045  5.86855588]
 [-0.37315059 -4.76323694  8.85610952]
 [ 2.98414639  9.69109844 -3.62991598]
 [-7.84742754 -5.01865924  6.21114864]]
Biases:
[[ 8.65859244]
 [-9.3724987 ]
 [ 9.09324428]
 [-6.855702  ]]

After Traning:
Weight:
[[  4.36883895  15.74937045  12.75055588]
 [-15.21565059   1.13956306 -11.24179048]
 [ -6.51935361 -14.40260156   4.08408402]
 [ 14.31987246  -3.99525924 -11.12345136]]
Biases:
[[-60.34140756]
 [-60.3724987 ]
 [-49.90675572]
 [-74.855702  ]]

End Epoch: 15
Speed: 0.1548929214477539
1[W] 2[O] 3[O] 4[B] 5[P] 6[O] 7[P] 8[W] 9[W] 10[P] 
11[W] 12[B] 13[W] 14[W] 15[O] 16[B] 17[B] 18[B] 19[Error] 20[O] 
21[P] 22[P] 23[O] 24[O] 25[W] 26[P] 27[P] 28[B] 29[W] 30[O] 
31[B] 32[P] 33[W] 34[O] 35[B] 36[P] 37[O] 38[W] 39[Error] 40[B] 

Error Number : 2
End Test: 20
--------------------------------------------------
Test 21:

Initial:
Weight:
[[-9.4920368  -9.80634356 -0.78450247]
 [ 3.80740153 -3.67258559  0.96017966]
 [ 2.83271725  4.7104848   6.74837258]
 [-9.45765676 -2.50600739  0.36965122]]
Biases:
[[-3.28125328]
 [-5.45090642]
 [ 2.96917905]
 [-4.53345139]]

After Traning:
Weight:
[[  6.1409632   12.28395644   8.65879753]
 [-15.23219847   4.83681441 -12.67642034]
 [ -6.57168275 -14.1735152    6.17227258]
 [ 12.76854324  -2.48030739 -11.76034878]]
Biases:
[[-40.28125328]
 [-44.45090642]
 [-41.03082095]
 [-70.53345139]]

End Epoch: 10
Speed: 0.10094285011291504
1[W] 2[O] 3[O] 4[B] 5[P] 6[Error] 7[P] 8[W] 9[W] 10[P] 
11[W] 12[B] 13[W] 14[W] 15[O] 16[B] 17[B] 18[B] 19[B] 20[O] 
21[P] 22[P] 23[O] 24[O] 25[W] 26[P] 27[P] 28[B] 29[W] 30[O] 
31[B] 32[P] 33[W] 34[O] 35[B] 36[P] 37[O] 38[W] 39[P] 40[B] 

Error Number : 1
End Test: 21
--------------------------------------------------
Test 22:

Initial:
Weight:
[[ 3.59029868  8.71412651  8.33334876]
 [-0.85435829  6.35036019  6.41565772]
 [ 6.77061127  6.16413753 -4.32697429]
 [-1.49815637 -9.90630346  6.10625917]]
Biases:
[[-9.39916094]
 [ 7.64168612]
 [-6.19139354]
 [-8.23723947]]

After Traning:
Weight:
[[  6.00709868  13.90462651   6.29524876]
 [-15.86205829   6.19536019 -10.55694228]
 [ -5.02998873 -11.42486247   4.73372571]
 [ 11.58454363  -5.28730346  -9.98174083]]
Biases:
[[-47.39916094]
 [-53.35831388]
 [-41.19139354]
 [-59.23723947]]

End Epoch: 8
Speed: 0.07695341110229492
1[W] 2[O] 3[O] 4[B] 5[P] 6[O] 7[P] 8[W] 9[W] 10[P] 
11[W] 12[B] 13[W] 14[W] 15[O] 16[B] 17[B] 18[B] 19[B] 20[O] 
21[P] 22[P] 23[O] 24[O] 25[W] 26[P] 27[P] 28[B] 29[W] 30[O] 
31[B] 32[P] 33[W] 34[O] 35[B] 36[P] 37[O] 38[W] 39[P] 40[B] 

Error Number : 0
End Test: 22
--------------------------------------------------
Test 23:

Initial:
Weight:
[[ 3.8712082  -8.22360131  7.19624459]
 [ 2.27317342 -4.8835257   1.00760123]
 [ 6.34773999  8.82069386  9.55696762]
 [ 8.07902232 -5.11911572  9.86300603]]
Biases:
[[-2.12263185]
 [ 2.81961894]
 [-1.13978673]
 [ 3.83319423]]

After Traning:
Weight:
[[  5.5271082   13.21089869  10.67644459]
 [-16.22842658   4.3616743  -10.00949877]
 [ -3.78226001 -11.14820614   5.11746762]
 [ 16.51472232  -5.57391572 -13.44089397]]
Biases:
[[-50.12263185]
 [-50.18038106]
 [-50.13978673]
 [-81.16680577]]

End Epoch: 22
Speed: 0.2318882942199707
1[W] 2[O] 3[O] 4[B] 5[P] 6[O] 7[P] 8[W] 9[W] 10[P] 
11[W] 12[B] 13[W] 14[W] 15[O] 16[B] 17[B] 18[B] 19[B] 20[O] 
21[P] 22[P] 23[O] 24[O] 25[W] 26[P] 27[P] 28[B] 29[W] 30[O] 
31[B] 32[P] 33[W] 34[O] 35[B] 36[P] 37[O] 38[W] 39[Error] 40[B] 

Error Number : 1
End Test: 23
--------------------------------------------------
Test 24:

Initial:
Weight:
[[-3.21147782  6.58284297  6.90699358]
 [-5.77081335 -3.25612722 -0.68231047]
 [ 2.61608656 -6.12450101 -2.35624968]
 [-4.15353812 -8.9091054   4.39015507]]
Biases:
[[-2.5023511 ]
 [ 8.48344851]
 [-4.89219649]
 [ 2.05784644]]

After Traning:
Weight:
[[  5.51172218  13.06634297   7.47519358]
 [-16.01951335   1.62937278 -12.79321047]
 [ -6.92081344 -12.46570101   8.90755032]
 [ 12.98256188  -4.6518054   -8.34544493]]
Biases:
[[-42.5023511 ]
 [-58.51655149]
 [-43.89219649]
 [-59.94215356]]

End Epoch: 9
Speed: 0.08794951438903809
1[W] 2[O] 3[O] 4[B] 5[P] 6[O] 7[P] 8[W] 9[W] 10[P] 
11[Error] 12[B] 13[W] 14[W] 15[O] 16[B] 17[B] 18[B] 19[Error] 20[O] 
21[P] 22[P] 23[O] 24[O] 25[W] 26[P] 27[P] 28[B] 29[W] 30[O] 
31[B] 32[P] 33[W] 34[O] 35[B] 36[P] 37[O] 38[W] 39[P] 40[B] 

Error Number : 2
End Test: 24
--------------------------------------------------
Test 25:

Initial:
Weight:
[[-3.68841468 -6.46632411 -7.95421838]
 [-3.10826176  1.95363036 -3.93027728]
 [ 1.80507681  3.5611572  -5.56832101]
 [ 6.89720357  0.9739362  -1.86404786]]
Biases:
[[-1.18616804]
 [-1.36623345]
 [-6.45947121]
 [-5.68587682]]

After Traning:
Weight:
[[  5.03848532  10.65347589   9.71928162]
 [-20.21606176   8.21553036 -15.29987728]
 [ -4.14322319 -10.8199428    6.12827899]
 [ 17.54020357  -5.0088638  -14.60114786]]
Biases:
[[-46.18616804]
 [-39.36623345]
 [-35.45947121]
 [-83.68587682]]

End Epoch: 18
Speed: 0.187913179397583
1[W] 2[O] 3[O] 4[B] 5[P] 6[Error] 7[P] 8[W] 9[W] 10[P] 
11[W] 12[B] 13[W] 14[W] 15[O] 16[B] 17[B] 18[B] 19[B] 20[O] 
21[P] 22[P] 23[O] 24[O] 25[W] 26[P] 27[P] 28[B] 29[W] 30[O] 
31[B] 32[P] 33[W] 34[O] 35[B] 36[P] 37[O] 38[W] 39[Error] 40[B] 

Error Number : 2
End Test: 25
--------------------------------------------------
Test 26:

Initial:
Weight:
[[-3.07776136  3.53817429 -1.86485502]
 [-5.86050206  1.05689174 -9.89177824]
 [-9.08415729  6.30288843  4.80032196]
 [-9.42917237  3.84401926 -7.28674957]]
Biases:
[[-4.08538677]
 [-6.81437947]
 [ 5.95440214]
 [ 2.18577257]]

After Traning:
Weight:
[[  6.57173864  14.69417429   7.76264498]
 [-11.97110206   4.17589174  -7.83227824]
 [ -4.35185729 -13.59221157   1.76042196]
 [ 15.47322763  -3.72048074 -10.82734957]]
Biases:
[[-49.08538677]
 [-48.81437947]
 [-51.04559786]
 [-80.81422743]]

End Epoch: 14
Speed: 0.1424250602722168
1[W] 2[O] 3[O] 4[B] 5[P] 6[Error] 7[P] 8[W] 9[W] 10[P] 
11[W] 12[B] 13[W] 14[W] 15[O] 16[B] 17[B] 18[B] 19[Error] 20[Error] 
21[P] 22[P] 23[O] 24[O] 25[W] 26[P] 27[P] 28[B] 29[W] 30[Error] 
31[B] 32[Error] 33[W] 34[Error] 35[B] 36[P] 37[O] 38[W] 39[P] 40[B] 

Error Number : 6
End Test: 26
--------------------------------------------------
Test 27:

Initial:
Weight:
[[-2.85282446 -6.07777909 -1.50174828]
 [-2.63949711  1.69091258  9.73829023]
 [ 2.70971962  7.14240378  7.71324486]
 [ 6.78170761  0.17495545  8.29306187]]
Biases:
[[ 4.63718161]
 [-1.85201968]
 [ 4.76818344]
 [-3.14385186]]

After Traning:
Weight:
[[  4.92907554  11.96232091   7.38245172]
 [-20.48629711   8.00661258 -15.80360977]
 [ -5.86398038 -16.07639622   4.84674486]
 [  7.87660761  -4.46644455  -8.37173813]]
Biases:
[[-42.36281839]
 [-42.85201968]
 [-49.23181656]
 [-46.14385186]]

End Epoch: 5
Speed: 0.044135093688964844
1[W] 2[O] 3[O] 4[B] 5[P] 6[Error] 7[P] 8[W] 9[W] 10[P] 
11[W] 12[B] 13[W] 14[W] 15[O] 16[B] 17[B] 18[B] 19[B] 20[O] 
21[P] 22[P] 23[O] 24[O] 25[W] 26[P] 27[P] 28[B] 29[W] 30[Error] 
31[Error] 32[P] 33[W] 34[O] 35[B] 36[P] 37[O] 38[W] 39[P] 40[B] 

Error Number : 3
End Test: 27
--------------------------------------------------
Test 28:

Initial:
Weight:
[[-6.62626655  6.91189943  5.81797979]
 [ 9.3646578   7.36322315 -2.76325035]
 [-9.76138884 -9.62190474  6.75020202]
 [ 7.46627732 -5.85103253  1.53410129]]
Biases:
[[-6.20226735]
 [ 9.75666875]
 [-3.65313305]
 [-0.64481264]]

After Traning:
Weight:
[[  2.07963345  10.80619943   8.07057979]
 [-12.7309422    0.14492315 -11.01475035]
 [ -2.27148884 -11.38150474   8.71260202]
 [  9.37267732  -3.87383253  -9.51199871]]
Biases:
[[-42.20226735]
 [-55.24333125]
 [-49.65313305]
 [-52.64481264]]

End Epoch: 8
Speed: 0.07695484161376953
1[W] 2[O] 3[O] 4[B] 5[P] 6[Error] 7[P] 8[W] 9[W] 10[P] 
11[Error] 12[B] 13[W] 14[W] 15[O] 16[B] 17[B] 18[B] 19[Error] 20[O] 
21[P] 22[P] 23[O] 24[O] 25[W] 26[P] 27[P] 28[B] 29[W] 30[O] 
31[Error] 32[P] 33[W] 34[O] 35[B] 36[P] 37[O] 38[W] 39[Error] 40[B] 

Error Number : 5
End Test: 28
--------------------------------------------------
Test 29:

Initial:
Weight:
[[ 4.15096034  9.05824911 -1.94555438]
 [ 7.5543317  -0.85101055 -1.50812675]
 [-3.86598185  2.92709663  4.78693052]
 [-8.96323811 -4.15059362 -3.91811768]]
Biases:
[[ 3.97623184]
 [-6.90624023]
 [ 7.10223893]
 [-6.53225671]]

After Traning:
Weight:
[[  5.69176034  10.78694911   8.55314562]
 [-17.2624683    7.61048945  -9.59582675]
 [ -5.99008185 -15.12240337   3.01073052]
 [ 16.26036189  -6.50669362 -12.89851768]]
Biases:
[[-43.02376816]
 [-44.90624023]
 [-47.89776107]
 [-75.53225671]]

End Epoch: 13
Speed: 0.13290715217590332
1[W] 2[O] 3[O] 4[B] 5[P] 6[Error] 7[P] 8[W] 9[W] 10[P] 
11[W] 12[B] 13[W] 14[W] 15[O] 16[B] 17[B] 18[B] 19[B] 20[Error] 
21[P] 22[P] 23[O] 24[O] 25[W] 26[P] 27[P] 28[B] 29[W] 30[Error] 
31[B] 32[P] 33[W] 34[Error] 35[B] 36[P] 37[O] 38[W] 39[P] 40[B] 

Error Number : 4
End Test: 29
--------------------------------------------------
Test 30:

Initial:
Weight:
[[-6.63104045 -9.50163137  7.15969041]
 [-6.45638952 -8.10250386  2.54036983]
 [-7.09055848  0.44465754 -4.79115852]
 [ 5.72481006  9.46482254 -7.45376804]]
Biases:
[[ 5.43345036]
 [-8.87459392]
 [ 3.23574184]
 [ 9.75332403]]

After Traning:
Weight:
[[  4.44045955  12.95406863  10.04809041]
 [-15.17528952   6.51509614 -12.06263017]
 [ -3.83625848 -11.95314246   5.39694148]
 [ 17.52841006  -5.77857746 -13.84406804]]
Biases:
[[-46.56654964]
 [-49.87459392]
 [-48.76425816]
 [-84.24667597]]

End Epoch: 19
Speed: 0.19689059257507324
1[W] 2[O] 3[O] 4[B] 5[P] 6[O] 7[P] 8[W] 9[W] 10[P] 
11[W] 12[B] 13[W] 14[W] 15[O] 16[B] 17[B] 18[B] 19[B] 20[O] 
21[P] 22[P] 23[O] 24[O] 25[W] 26[P] 27[P] 28[B] 29[W] 30[O] 
31[B] 32[P] 33[W] 34[O] 35[B] 36[P] 37[O] 38[W] 39[Error] 40[B] 

Error Number : 1
End Test: 30
--------------------------------------------------
Test 31:

Initial:
Weight:
[[-5.54640899  2.87046499  3.46990102]
 [-8.98073206  1.91150098 -1.37864142]
 [ 7.68368316  4.80246626  2.9101476 ]
 [-1.51344044 -2.16493995  4.38481408]]
Biases:
[[ 8.24810692]
 [ 9.20996691]
 [ 8.76875205]
 [-8.6189651 ]]

After Traning:
Weight:
[[  3.65319101  10.15066499   7.79990102]
 [-16.75203206   5.28110098 -10.54594142]
 [ -5.98641684 -11.61023374   7.3544476 ]
 [ 16.62345956  -4.60493995 -15.98438592]]
Biases:
[[-34.75189308]
 [-51.79003309]
 [-46.23124795]
 [-83.6189651 ]]

End Epoch: 20
Speed: 0.20688557624816895
1[W] 2[O] 3[O] 4[B] 5[P] 6[O] 7[P] 8[W] 9[W] 10[P] 
11[W] 12[B] 13[W] 14[W] 15[O] 16[B] 17[B] 18[B] 19[B] 20[O] 
21[P] 22[P] 23[O] 24[O] 25[W] 26[P] 27[P] 28[B] 29[W] 30[O] 
31[Error] 32[P] 33[W] 34[O] 35[B] 36[P] 37[O] 38[W] 39[Error] 40[B] 

Error Number : 2
End Test: 31
--------------------------------------------------
Test 32:

Initial:
Weight:
[[-1.63790599 -4.11411237  6.22700051]
 [-7.95448739  2.87859917 -0.82288962]
 [ 9.49668241  2.48853392  3.5571817 ]
 [-4.50588348  6.87500297 -0.95844835]]
Biases:
[[-5.71665979]
 [ 4.12868839]
 [-4.79470372]
 [ 5.98040171]]

After Traning:
Weight:
[[  6.19379401  13.63798763   6.83480051]
 [-19.42578739   6.13939917 -13.75658962]
 [ -7.46931759 -15.16166608   6.2556817 ]
 [ 15.07151652  -5.81779703 -13.57484835]]
Biases:
[[-46.71665979]
 [-47.87131161]
 [-48.79470372]
 [-66.01959829]]

End Epoch: 11
Speed: 0.10993814468383789
1[W] 2[O] 3[O] 4[B] 5[P] 6[O] 7[P] 8[W] 9[W] 10[P] 
11[W] 12[B] 13[W] 14[W] 15[O] 16[B] 17[B] 18[B] 19[B] 20[O] 
21[P] 22[P] 23[O] 24[O] 25[W] 26[P] 27[P] 28[B] 29[W] 30[O] 
31[Error] 32[P] 33[W] 34[O] 35[B] 36[P] 37[O] 38[W] 39[P] 40[B] 

Error Number : 1
End Test: 32
--------------------------------------------------
Test 33:

Initial:
Weight:
[[-9.11718865 -2.58787162  4.44558918]
 [-4.23444582  4.33423709 -1.06097976]
 [ 2.21302971  8.67730588  1.05357948]
 [-5.99288855 -2.71055964  2.72118303]]
Biases:
[[ 8.36048446]
 [ 4.50690093]
 [ 6.25062315]
 [-8.9192116 ]]

After Traning:
Weight:
[[  4.20511135   9.76142838   9.54308918]
 [-19.89214582   9.99833709 -16.64197976]
 [ -4.83817029 -14.08409412   5.56437948]
 [ 18.34161145  -5.20895964 -13.90511697]]
Biases:
[[-47.63951554]
 [-50.49309907]
 [-48.74937685]
 [-90.9192116 ]]

End Epoch: 24
Speed: 0.2508516311645508
1[W] 2[O] 3[O] 4[B] 5[P] 6[Error] 7[P] 8[W] 9[W] 10[P] 
11[W] 12[B] 13[W] 14[W] 15[O] 16[B] 17[B] 18[B] 19[B] 20[O] 
21[P] 22[P] 23[O] 24[O] 25[W] 26[P] 27[P] 28[B] 29[W] 30[O] 
31[B] 32[P] 33[W] 34[O] 35[B] 36[P] 37[O] 38[W] 39[Error] 40[B] 

Error Number : 2
End Test: 33
--------------------------------------------------
Test 34:

Initial:
Weight:
[[-2.9144591  -7.90371791  1.17396921]
 [-0.58757111  2.18371916 -2.16839014]
 [-3.9513687  -4.60802326 -8.02427711]
 [ 6.94985575  1.37580618 -7.33733759]]
Biases:
[[-7.64365047]
 [-0.57706957]
 [-7.24472106]
 [-7.41420147]]

After Traning:
Weight:
[[  6.8508409   15.50478209   7.91116921]
 [-14.57857111   5.53261916  -9.75239014]
 [ -5.5772687  -14.02422326   1.89222289]
 [ 12.73305575  -5.12499382  -7.25713759]]
Biases:
[[-50.64365047]
 [-53.57706957]
 [-52.24472106]
 [-62.41420147]]

End Epoch: 9
Speed: 0.0884542465209961
1[W] 2[O] 3[O] 4[B] 5[P] 6[Error] 7[P] 8[W] 9[W] 10[P] 
11[W] 12[B] 13[W] 14[W] 15[O] 16[B] 17[B] 18[B] 19[B] 20[Error] 
21[P] 22[P] 23[O] 24[O] 25[W] 26[P] 27[P] 28[B] 29[W] 30[Error] 
31[B] 32[Error] 33[W] 34[Error] 35[B] 36[P] 37[O] 38[W] 39[P] 40[B] 

Error Number : 5
End Test: 34
--------------------------------------------------
Test 35:

Initial:
Weight:
[[-9.36758218 -9.31158704 -1.17320049]
 [-3.57126669 -6.69143215 -8.61062852]
 [ 7.72961479  9.06269157  2.55092779]
 [ 2.66638017 -4.08381523 -8.42027334]]
Biases:
[[ 8.71331863]
 [-3.9851871 ]
 [ 5.5421323 ]
 [-6.8534265 ]]

After Traning:
Weight:
[[  7.55111782  11.55441296   9.59969951]
 [-13.07396669   0.60396785 -11.02762852]
 [ -2.96908521 -12.28130843   5.74022779]
 [ 14.67878017  -5.68021523 -13.99077334]]
Biases:
[[-51.28668137]
 [-57.9851871 ]
 [-49.4578677 ]
 [-74.8534265 ]]

End Epoch: 13
Speed: 0.13092494010925293
1[W] 2[O] 3[O] 4[B] 5[P] 6[Error] 7[P] 8[W] 9[W] 10[P] 
11[W] 12[B] 13[W] 14[W] 15[O] 16[B] 17[B] 18[B] 19[Error] 20[O] 
21[P] 22[P] 23[O] 24[O] 25[W] 26[P] 27[P] 28[B] 29[W] 30[O] 
31[Error] 32[P] 33[W] 34[O] 35[B] 36[P] 37[O] 38[W] 39[P] 40[B] 

Error Number : 3
End Test: 35
--------------------------------------------------
Test 36:

Initial:
Weight:
[[ 7.11909991  9.15159406 -0.51707727]
 [ 6.49644112  1.96694545 -4.98601792]
 [-7.7216126  -9.25913922 -5.57259687]
 [-0.45169763  4.98204379 -1.86413256]]
Biases:
[[ 4.29183212]
 [-7.00329922]
 [-4.28747858]
 [ 1.19195872]]

After Traning:
Weight:
[[  5.38499991  12.11009406   9.10722273]
 [-15.00675888   5.20634545 -12.12631792]
 [ -5.5391126  -12.75943922   8.54390313]
 [ 14.68940237  -5.97495621 -10.95123256]]
Biases:
[[-45.70816788]
 [-56.00329922]
 [-37.28747858]
 [-68.80804128]]

End Epoch: 10
Speed: 0.09794735908508301
1[W] 2[O] 3[O] 4[B] 5[P] 6[O] 7[P] 8[W] 9[W] 10[P] 
11[Error] 12[B] 13[W] 14[W] 15[O] 16[B] 17[B] 18[B] 19[B] 20[O] 
21[P] 22[P] 23[O] 24[O] 25[W] 26[P] 27[P] 28[B] 29[W] 30[O] 
31[B] 32[P] 33[W] 34[O] 35[B] 36[P] 37[O] 38[W] 39[P] 40[B] 

Error Number : 1
End Test: 36
--------------------------------------------------
Test 37:

Initial:
Weight:
[[ 9.75210834  8.00209936  9.16501819]
 [ 1.04929751  3.33023835  8.15645473]
 [-8.49090524  6.31526115 -9.74243636]
 [-8.73745951  6.36213497  2.14360002]]
Biases:
[[-5.39237638]
 [-4.06613448]
 [-5.60870334]
 [-4.88694574]]

After Traning:
Weight:
[[  5.64340834  11.22219936   8.32921819]
 [-20.87340249   6.96023835 -16.38194527]
 [ -6.02110524 -15.96613885   2.46436364]
 [ 11.29334049  -4.86096503 -10.91629998]]
Biases:
[[-40.39237638]
 [-47.06613448]
 [-50.60870334]
 [-61.88694574]]

End Epoch: 6
Speed: 0.05697321891784668
1[W] 2[O] 3[O] 4[B] 5[P] 6[Error] 7[P] 8[W] 9[W] 10[P] 
11[W] 12[B] 13[W] 14[W] 15[O] 16[B] 17[B] 18[B] 19[B] 20[Error] 
21[P] 22[P] 23[O] 24[O] 25[W] 26[P] 27[P] 28[B] 29[W] 30[Error] 
31[Error] 32[P] 33[W] 34[Error] 35[B] 36[P] 37[O] 38[W] 39[P] 40[B] 

Error Number : 5
End Test: 37
--------------------------------------------------
Test 38:

Initial:
Weight:
[[ 5.62080131 -7.93075267  7.59268675]
 [ 2.88553019 -1.73462743  1.61157237]
 [ 2.98548387  2.78449332  4.76902304]
 [-8.47225127 -5.65875242 -9.87296594]]
Biases:
[[ 7.40844079]
 [-1.56161709]
 [-5.17796525]
 [ 8.49479353]]

After Traning:
Weight:
[[  5.41510131  10.61824733   8.35698675]
 [-12.01596981   4.06737257  -8.12672763]
 [ -6.09111613 -13.33960668   8.35662304]
 [ 13.99594873  -5.76725242 -11.19476594]]
Biases:
[[-40.59155921]
 [-47.56161709]
 [-48.17796525]
 [-65.50520647]]

End Epoch: 9
Speed: 0.08794975280761719
1[W] 2[O] 3[O] 4[B] 5[P] 6[O] 7[P] 8[W] 9[W] 10[P] 
11[W] 12[B] 13[W] 14[W] 15[O] 16[B] 17[B] 18[B] 19[Error] 20[O] 
21[P] 22[P] 23[O] 24[O] 25[W] 26[P] 27[P] 28[B] 29[W] 30[O] 
31[B] 32[P] 33[W] 34[O] 35[B] 36[P] 37[O] 38[W] 39[P] 40[B] 

Error Number : 1
End Test: 38
--------------------------------------------------
Test 39:

Initial:
Weight:
[[ 8.84349997 -2.49010317  6.07832553]
 [ 3.81467951  6.43460399 -7.95536109]
 [ 5.58331598  2.53406628  4.64486541]
 [-0.25709647  2.98847118  6.91051019]]
Biases:
[[-6.9616006 ]
 [ 7.49918482]
 [-1.24691767]
 [-1.81183126]]

After Traning:
Weight:
[[  4.21519997  15.06319683   9.38622553]
 [-13.75362049   3.39600399 -13.11446109]
 [ -5.92568402 -14.38363372   6.46526541]
 [ 15.51310353  -5.83802882 -11.46828981]]
Biases:
[[-52.9616006 ]
 [-56.50081518]
 [-43.24691767]
 [-72.81183126]]

End Epoch: 16
Speed: 0.1639416217803955
1[W] 2[O] 3[O] 4[B] 5[P] 6[Error] 7[P] 8[W] 9[W] 10[P] 
11[W] 12[B] 13[W] 14[W] 15[O] 16[B] 17[B] 18[B] 19[Error] 20[O] 
21[P] 22[P] 23[O] 24[O] 25[W] 26[P] 27[P] 28[B] 29[W] 30[O] 
31[B] 32[P] 33[W] 34[O] 35[B] 36[P] 37[O] 38[W] 39[P] 40[B] 

Error Number : 2
End Test: 39
--------------------------------------------------
Test 40:

Initial:
Weight:
[[-8.7600315  -1.15187883 -4.63887298]
 [ 9.16305103 -3.44925978 -3.26719273]
 [ 7.7910917  -7.00211283 -2.12898877]
 [ 1.77688426 -8.65450023 -8.49664548]]
Biases:
[[ 9.70057686]
 [ 2.10587712]
 [-3.32216459]
 [-4.73317008]]

After Traning:
Weight:
[[  5.5797685   11.98492117   9.66302702]
 [-12.36764897   2.25584022 -10.43619273]
 [ -3.5163083  -13.04081283   7.88091123]
 [ 12.22288426  -3.81110023 -11.22834548]]
Biases:
[[-50.29942314]
 [-48.89412288]
 [-43.32216459]
 [-58.73317008]]

End Epoch: 6
Speed: 0.05439186096191406
1[W] 2[O] 3[O] 4[B] 5[P] 6[Error] 7[P] 8[W] 9[W] 10[P] 
11[Error] 12[B] 13[W] 14[W] 15[O] 16[B] 17[B] 18[B] 19[Error] 20[O] 
21[P] 22[P] 23[O] 24[O] 25[W] 26[P] 27[P] 28[B] 29[W] 30[O] 
31[Error] 32[P] 33[W] 34[O] 35[B] 36[P] 37[O] 38[W] 39[P] 40[B] 

Error Number : 4
End Test: 40
--------------------------------------------------
Test 41:

Initial:
Weight:
[[ 4.01323052 -1.11885628  3.35542383]
 [ 1.0107484   1.88398094 -7.19454477]
 [-0.75521548  4.06932186 -8.22330129]
 [-5.05910433 -7.38591285  0.08787167]]
Biases:
[[ 7.24056505]
 [-6.01300841]
 [ 1.36370274]
 [ 2.4677699 ]]

After Traning:
Weight:
[[  4.75093052  13.32254372   8.79192383]
 [-15.1448516    6.80998094 -11.49184477]
 [ -6.27221548 -10.96787814   7.21079871]
 [ 15.21629567  -3.96141285 -12.39732833]]
Biases:
[[-42.75943495]
 [-44.01300841]
 [-46.63629726]
 [-74.5322301 ]]

End Epoch: 14
Speed: 0.14290738105773926
1[W] 2[O] 3[O] 4[B] 5[P] 6[O] 7[P] 8[W] 9[W] 10[P] 
11[W] 12[B] 13[W] 14[W] 15[O] 16[B] 17[B] 18[B] 19[B] 20[O] 
21[P] 22[P] 23[O] 24[O] 25[W] 26[P] 27[P] 28[B] 29[W] 30[O] 
31[B] 32[P] 33[W] 34[O] 35[B] 36[P] 37[O] 38[W] 39[P] 40[B] 

Error Number : 0
End Test: 41
--------------------------------------------------
Test 42:

Initial:
Weight:
[[-0.7113094   5.03298548  3.0908828 ]
 [ 3.07494124  5.81968035  9.09891705]
 [-6.52255852 -4.738207   -1.71242242]
 [ 1.97651878  5.10054082 -2.06380926]]
Biases:
[[ 1.18505471]
 [-9.67066016]
 [ 7.28069147]
 [-5.65718523]]

After Traning:
Weight:
[[  6.3749906   12.82078548   9.5467828 ]
 [-13.17695876   3.03008035 -11.18428295]
 [ -1.62205852 -13.060607     8.95757758]
 [ 14.13491878  -5.75845918 -12.13790926]]
Biases:
[[-41.81494529]
 [-53.67066016]
 [-59.71930853]
 [-71.65718523]]

End Epoch: 15
Speed: 0.15195584297180176
1[W] 2[O] 3[O] 4[B] 5[P] 6[Error] 7[P] 8[W] 9[W] 10[P] 
11[W] 12[B] 13[W] 14[W] 15[O] 16[B] 17[B] 18[B] 19[Error] 20[O] 
21[P] 22[P] 23[O] 24[O] 25[W] 26[P] 27[P] 28[B] 29[W] 30[O] 
31[B] 32[P] 33[W] 34[O] 35[B] 36[P] 37[O] 38[W] 39[Error] 40[B] 

Error Number : 3
End Test: 42
--------------------------------------------------
Test 43:

Initial:
Weight:
[[ 2.16995946  3.44293231 -8.83836365]
 [ 4.16608037 -5.14712185  0.65348476]
 [ 3.8576992   3.53005961 -9.91252036]
 [ 9.9586918  -5.61714765 -3.06703397]]
Biases:
[[ 6.8611769 ]
 [ 4.23255893]
 [-7.42672048]
 [-6.31304993]]

After Traning:
Weight:
[[  2.44885946  12.59593231  10.95993635]
 [-15.49801963   3.64447815 -10.73311524]
 [ -3.5008008  -12.47474039   8.64797964]
 [ 15.6817918   -4.80964765 -10.64453397]]
Biases:
[[-51.1388231 ]
 [-57.76744107]
 [-44.42672048]
 [-77.31304993]]

End Epoch: 14
Speed: 0.1405622959136963
1[W] 2[O] 3[O] 4[B] 5[P] 6[Error] 7[P] 8[W] 9[W] 10[P] 
11[Error] 12[B] 13[W] 14[W] 15[O] 16[B] 17[B] 18[B] 19[Error] 20[O] 
21[P] 22[P] 23[O] 24[O] 25[W] 26[P] 27[P] 28[B] 29[W] 30[O] 
31[B] 32[P] 33[W] 34[O] 35[B] 36[P] 37[O] 38[W] 39[Error] 40[B] 

Error Number : 4
End Test: 43
--------------------------------------------------
Test 44:

Initial:
Weight:
[[ 9.46921603 -2.84966537 -5.73919678]
 [ 4.33747782  2.15688748  2.26422317]
 [-0.73492483 -0.44139962 -2.28696225]
 [-4.62967178  7.58108041  4.57090742]]
Biases:
[[ 1.67705986]
 [-4.93305063]
 [-2.19293038]
 [-4.06828743]]

After Traning:
Weight:
[[  1.71151603  11.28943463   9.42260322]
 [-14.02462218   3.37008748 -11.31167683]
 [ -5.71092483 -12.95469962   7.77193775]
 [ 11.10532822  -4.50251959  -8.72969258]]
Biases:
[[-42.32294014]
 [-54.93305063]
 [-46.19293038]
 [-51.06828743]]

End Epoch: 9
Speed: 0.08669137954711914
1[W] 2[O] 3[O] 4[B] 5[P] 6[O] 7[P] 8[W] 9[W] 10[P] 
11[W] 12[B] 13[W] 14[W] 15[O] 16[B] 17[B] 18[B] 19[Error] 20[O] 
21[P] 22[P] 23[O] 24[O] 25[W] 26[P] 27[P] 28[B] 29[W] 30[O] 
31[B] 32[P] 33[W] 34[O] 35[B] 36[P] 37[O] 38[W] 39[Error] 40[B] 

Error Number : 2
End Test: 44
--------------------------------------------------
Test 45:

Initial:
Weight:
[[-7.8956615  -7.82183569 -1.45893706]
 [ 7.98983693  0.16550655  0.91661008]
 [ 5.30088021  4.89329188  4.16909372]
 [ 6.12627055 -2.60192283  5.48831865]]
Biases:
[[ 7.7991568 ]
 [ 6.3225791 ]
 [ 2.05722833]
 [-9.06427515]]

After Traning:
Weight:
[[  5.2387385   11.96566431   9.82856294]
 [-19.36106307   7.42150655 -15.71828992]
 [ -4.36101979 -14.60770812   9.28509372]
 [ 11.68557055  -5.26812283  -9.39498135]]
Biases:
[[-41.2008432 ]
 [-49.6774209 ]
 [-48.94277167]
 [-59.06427515]]

End Epoch: 7
Speed: 0.06595683097839355
1[W] 2[O] 3[O] 4[B] 5[P] 6[Error] 7[P] 8[W] 9[W] 10[P] 
11[Error] 12[B] 13[W] 14[W] 15[O] 16[B] 17[B] 18[B] 19[B] 20[O] 
21[P] 22[P] 23[O] 24[O] 25[W] 26[P] 27[P] 28[B] 29[W] 30[O] 
31[B] 32[P] 33[W] 34[O] 35[B] 36[P] 37[O] 38[W] 39[Error] 40[B] 

Error Number : 3
End Test: 45
--------------------------------------------------
Test 46:

Initial:
Weight:
[[-6.87398535  9.51734007 -3.5812028 ]
 [-6.06180181  3.01283423 -8.0471327 ]
 [-1.07219839  6.13549413 -4.19519658]
 [ 6.9796754   6.40375568 -5.08044754]]
Biases:
[[ 3.63354412]
 [-0.57095547]
 [ 5.99250442]
 [ 2.0803653 ]]

After Traning:
Weight:
[[  7.18821465  15.96804007   6.5086972 ]
 [-20.74870181   6.96873423 -16.0330327 ]
 [ -7.33099839 -15.39760587   9.56390342]
 [ 14.9153754   -4.41984432 -13.57534754]]
Biases:
[[-56.36645588]
 [-48.57095547]
 [-47.00749558]
 [-74.9196347 ]]

End Epoch: 16
Speed: 0.16590523719787598
1[W] 2[O] 3[O] 4[B] 5[P] 6[O] 7[P] 8[W] 9[W] 10[P] 
11[Error] 12[B] 13[W] 14[W] 15[O] 16[B] 17[B] 18[B] 19[B] 20[O] 
21[P] 22[P] 23[O] 24[O] 25[W] 26[P] 27[P] 28[B] 29[W] 30[O] 
31[Error] 32[P] 33[W] 34[O] 35[B] 36[P] 37[O] 38[W] 39[P] 40[B] 

Error Number : 2
End Test: 46
--------------------------------------------------
Test 47:

Initial:
Weight:
[[-8.22103     3.42179916  2.07427561]
 [ 3.18593966 -7.05187758  8.32653199]
 [-1.22008385  8.25684864  7.59529589]
 [ 4.20721144  8.5508965  -4.47975774]]
Biases:
[[-4.54728506]
 [-8.91265274]
 [-9.1318688 ]
 [-0.82932102]]

After Traning:
Weight:
[[  5.85057     14.32689916   9.59147561]
 [-11.30416034   7.05542242  -9.10886801]
 [ -5.09768385 -13.68325136   0.57529589]
 [ 12.52071144  -5.1607035   -7.61535774]]
Biases:
[[-44.54728506]
 [-49.91265274]
 [-49.1318688 ]
 [-60.82932102]]

End Epoch: 7
Speed: 0.06596040725708008
1[W] 2[O] 3[O] 4[B] 5[P] 6[Error] 7[P] 8[W] 9[W] 10[P] 
11[W] 12[B] 13[W] 14[W] 15[O] 16[B] 17[B] 18[B] 19[Error] 20[Error] 
21[P] 22[P] 23[O] 24[O] 25[W] 26[P] 27[P] 28[B] 29[W] 30[Error] 
31[B] 32[Error] 33[W] 34[Error] 35[B] 36[P] 37[O] 38[W] 39[Error] 40[B] 

Error Number : 7
End Test: 47
--------------------------------------------------
Test 48:

Initial:
Weight:
[[ 6.75020053 -9.38402495  2.21987517]
 [ 8.66584949  0.77439369 -3.48119805]
 [-6.77161349 -6.46892542 -6.33560271]
 [-6.6787084  -9.90241139  0.78032788]]
Biases:
[[ 4.02436713]
 [ 5.27820911]
 [-8.00174974]
 [-8.67790746]]

After Traning:
Weight:
[[  4.37220053  12.63077505   9.23187517]
 [-20.79595051   8.71269369 -16.44729805]
 [ -6.30141349 -15.33562542   2.18289729]
 [ 15.6670916   -3.39731139 -11.69397212]]
Biases:
[[-48.97563287]
 [-44.72179089]
 [-50.00174974]
 [-81.67790746]]

End Epoch: 18
Speed: 0.18589210510253906
1[W] 2[O] 3[O] 4[B] 5[P] 6[Error] 7[P] 8[W] 9[W] 10[P] 
11[W] 12[B] 13[W] 14[W] 15[O] 16[B] 17[B] 18[B] 19[B] 20[Error] 
21[P] 22[P] 23[O] 24[O] 25[W] 26[P] 27[P] 28[B] 29[W] 30[Error] 
31[B] 32[P] 33[W] 34[Error] 35[B] 36[P] 37[O] 38[W] 39[P] 40[B] 

Error Number : 4
End Test: 48
--------------------------------------------------
Test 49:

Initial:
Weight:
[[ 5.64750033  5.08602434 -6.67503034]
 [-0.0377503  -1.76273428 -1.91317371]
 [-2.90502525  6.68940384  7.46871194]
 [ 9.59479895  6.02742322 -9.00244114]]
Biases:
[[-4.97846249]
 [ 7.07702176]
 [ 4.3794317 ]
 [ 4.08168396]]

After Traning:
Weight:
[[  5.23940033  11.11652434   9.48636966]
 [-17.4123503    7.76306572  -6.46917371]
 [ -5.72252525 -15.73039616   9.20371194]
 [ 13.83259895  -5.51017678  -9.64104114]]
Biases:
[[-42.97846249]
 [-53.92297824]
 [-47.6205683 ]
 [-71.91831604]]

End Epoch: 12
Speed: 0.12093114852905273
1[W] 2[O] 3[O] 4[B] 5[P] 6[Error] 7[P] 8[W] 9[W] 10[P] 
11[Error] 12[B] 13[W] 14[W] 15[O] 16[B] 17[B] 18[B] 19[B] 20[O] 
21[P] 22[P] 23[O] 24[O] 25[W] 26[P] 27[P] 28[B] 29[W] 30[O] 
31[B] 32[P] 33[W] 34[O] 35[B] 36[P] 37[O] 38[W] 39[Error] 40[B] 

Error Number : 3
End Test: 49
--------------------------------------------------
Test 50:

Initial:
Weight:
[[-8.83950094  5.68195389 -5.989385  ]
 [-8.32597938  9.5180025  -9.39347628]
 [-6.3337317  -3.92228275  1.36468886]
 [-5.94605608  5.77134077  7.31206476]]
Biases:
[[ 4.38931829]
 [-7.73987944]
 [-2.01719791]
 [ 7.31333791]]

After Traning:
Weight:
[[  5.18599906  12.46205389   7.884415  ]
 [-15.05487938   3.2030025  -12.35957628]
 [ -5.5558317  -12.71638275   2.48578886]
 [ 15.60324392  -6.38205923 -13.11143524]]
Biases:
[[-42.61068171]
 [-47.73987944]
 [-43.01719791]
 [-73.68666209]]

End Epoch: 15
Speed: 0.15191006660461426
1[W] 2[O] 3[O] 4[B] 5[P] 6[Error] 7[P] 8[W] 9[W] 10[P] 
11[W] 12[B] 13[W] 14[W] 15[O] 16[B] 17[B] 18[B] 19[B] 20[O] 
21[P] 22[P] 23[O] 24[O] 25[W] 26[P] 27[P] 28[B] 29[W] 30[Error] 
31[B] 32[P] 33[W] 34[O] 35[B] 36[P] 37[O] 38[W] 39[P] 40[B] 

Error Number : 2
End Test: 50
--------------------------------------------------
Test 51:

Initial:
Weight:
[[ 7.17925     1.62534074  1.80335195]
 [ 4.96074793  9.08319432 -9.82147112]
 [ 2.36481644 -3.6479607  -1.45939588]
 [-2.23049047 -3.64388065  8.26241682]]
Biases:
[[-1.12797867]
 [-7.3874862 ]
 [-4.4423728 ]
 [-6.73132538]]

After Traning:
Weight:
[[  3.16775     12.21284074   8.48245195]
 [-15.51475207   5.92579432  -3.19777112]
 [ -4.07368356 -11.0196607    4.50240412]
 [ 16.78250953  -6.04108065 -11.79418318]]
Biases:
[[-45.12797867]
 [-56.3874862 ]
 [-45.4423728 ]
 [-77.73132538]]

End Epoch: 16
Speed: 0.16190600395202637
1[W] 2[O] 3[O] 4[B] 5[P] 6[O] 7[P] 8[W] 9[W] 10[P] 
11[W] 12[B] 13[W] 14[W] 15[O] 16[B] 17[B] 18[B] 19[Error] 20[O] 
21[P] 22[P] 23[O] 24[O] 25[W] 26[P] 27[P] 28[B] 29[W] 30[O] 
31[B] 32[P] 33[W] 34[O] 35[B] 36[P] 37[O] 38[W] 39[P] 40[B] 

Error Number : 1
End Test: 51
--------------------------------------------------
Test 52:

Initial:
Weight:
[[ 8.88633578  8.40418611  8.47962107]
 [ 4.92352599 -7.33358733 -8.72204541]
 [ 7.66519756  8.66630597 -2.71953371]
 [-1.55801936  6.20823955  5.53547296]]
Biases:
[[ 0.57304396]
 [-4.27532358]
 [-6.55918017]
 [ 5.97063382]]

After Traning:
Weight:
[[  6.48933578  12.19388611   7.32392107]
 [-12.11717401   8.47351267 -12.74544541]
 [ -4.64150244 -11.81189403   7.01606629]
 [ 13.89158064  -5.13506045  -7.73742704]]
Biases:
[[-45.42695604]
 [-52.27532358]
 [-45.55918017]
 [-69.02936618]]

End Epoch: 10
Speed: 0.0979621410369873
1[W] 2[O] 3[O] 4[B] 5[P] 6[O] 7[P] 8[W] 9[W] 10[P] 
11[W] 12[B] 13[W] 14[W] 15[O] 16[B] 17[B] 18[B] 19[B] 20[O] 
21[P] 22[P] 23[O] 24[O] 25[W] 26[P] 27[P] 28[B] 29[W] 30[O] 
31[B] 32[P] 33[W] 34[O] 35[B] 36[P] 37[O] 38[W] 39[P] 40[B] 

Error Number : 0
End Test: 52
--------------------------------------------------
Test 53:

Initial:
Weight:
[[ 4.19430345 -3.48499708 -9.03124477]
 [ 1.93130488 -4.24018081  3.23177973]
 [ 3.43712851 -6.95869595 -3.2910086 ]
 [-7.53454596  6.34363328 -2.51398166]]
Biases:
[[-1.87491872]
 [-7.00798421]
 [-7.92699429]
 [ 3.1691987 ]]

After Traning:
Weight:
[[  6.41990345  10.22850292   8.44755523]
 [-12.26239512   2.66071919  -9.56792027]
 [ -3.21387149 -13.15759595   8.0685914 ]
 [ 13.04665404  -4.76466672  -9.62588166]]
Biases:
[[-44.87491872]
 [-50.00798421]
 [-47.92699429]
 [-60.8308013 ]]

End Epoch: 8
Speed: 0.07697319984436035
1[W] 2[O] 3[O] 4[B] 5[P] 6[Error] 7[P] 8[W] 9[W] 10[P] 
11[Error] 12[B] 13[W] 14[W] 15[O] 16[B] 17[B] 18[B] 19[Error] 20[O] 
21[P] 22[P] 23[O] 24[O] 25[W] 26[P] 27[P] 28[B] 29[W] 30[O] 
31[B] 32[P] 33[W] 34[O] 35[B] 36[P] 37[O] 38[W] 39[P] 40[B] 

Error Number : 3
End Test: 53
--------------------------------------------------
Test 54:

Initial:
Weight:
[[-6.15218471  5.44793871 -4.29183531]
 [ 5.81337048  5.33918365  7.04468879]
 [-4.2971992  -9.36553593 -9.547089  ]
 [ 0.26584644  7.22683528 -9.1207391 ]]
Biases:
[[-6.26194746]
 [ 5.98029129]
 [ 4.48897719]
 [-3.89626371]]

After Traning:
Weight:
[[  6.30321529  12.66493871  11.33886469]
 [-16.71132952   4.77508365 -12.54411121]
 [ -5.5857992  -11.76793593   7.600011  ]
 [ 10.78414644  -4.42966472 -10.5497391 ]]
Biases:
[[-52.26194746]
 [-51.01970871]
 [-53.51102281]
 [-61.89626371]]

End Epoch: 9
Speed: 0.08794975280761719
1[W] 2[O] 3[O] 4[B] 5[P] 6[O] 7[P] 8[W] 9[W] 10[P] 
11[W] 12[B] 13[W] 14[W] 15[O] 16[B] 17[B] 18[B] 19[B] 20[O] 
21[P] 22[P] 23[O] 24[O] 25[W] 26[P] 27[P] 28[B] 29[W] 30[O] 
31[Error] 32[P] 33[W] 34[O] 35[B] 36[P] 37[O] 38[W] 39[Error] 40[B] 

Error Number : 2
End Test: 54
--------------------------------------------------
Test 55:

Initial:
Weight:
[[ 0.74087445 -9.01703299 -7.75317338]
 [ 0.17310886  9.12313055 -4.57716749]
 [-6.15480569 -8.39108992 -4.42088781]
 [-1.70294076  0.389607    7.80951143]]
Biases:
[[-2.94983694]
 [-6.19793478]
 [-7.77495186]
 [ 2.6469787 ]]

After Traning:
Weight:
[[  4.59537445  11.33006701   9.45142662]
 [-16.94789114   5.20093055 -12.78356749]
 [ -4.48520569 -13.45338992   1.08341219]
 [ 11.75265924  -4.631793    -8.14418857]]
Biases:
[[-40.94983694]
 [-46.19793478]
 [-52.77495186]
 [-60.3530213 ]]

End Epoch: 6
Speed: 0.056259870529174805
1[W] 2[O] 3[O] 4[B] 5[P] 6[Error] 7[P] 8[W] 9[W] 10[P] 
11[W] 12[B] 13[W] 14[W] 15[O] 16[B] 17[B] 18[B] 19[B] 20[Error] 
21[P] 22[P] 23[O] 24[O] 25[W] 26[P] 27[P] 28[B] 29[W] 30[Error] 
31[B] 32[Error] 33[W] 34[Error] 35[B] 36[P] 37[O] 38[W] 39[W] 40[B] 

Error Number : 5
End Test: 55
--------------------------------------------------
Test 56:

Initial:
Weight:
[[ 2.82315136 -9.84025164  4.98813666]
 [ 6.10526945 -4.8940062  -6.17353575]
 [-3.7758318  -7.26046387  7.87869285]
 [-8.25631294 -4.54679117  8.33721213]]
Biases:
[[-4.81924733]
 [-6.36104088]
 [-4.23842928]
 [ 9.92129953]]

After Traning:
Weight:
[[  7.46035136  11.64374836   9.65723666]
 [-16.15893055   7.7066938  -11.51333575]
 [ -5.3677318  -14.01906387   6.87069285]
 [ 15.49258706  -6.27859117  -9.98508787]]
Biases:
[[-51.81924733]
 [-47.36104088]
 [-43.23842928]
 [-75.07870047]]

End Epoch: 14
Speed: 0.14391708374023438
1[W] 2[O] 3[O] 4[B] 5[P] 6[Error] 7[P] 8[W] 9[W] 10[P] 
11[W] 12[B] 13[W] 14[W] 15[O] 16[B] 17[B] 18[B] 19[B] 20[O] 
21[P] 22[P] 23[O] 24[O] 25[W] 26[P] 27[P] 28[B] 29[W] 30[O] 
31[B] 32[P] 33[W] 34[O] 35[B] 36[P] 37[O] 38[W] 39[P] 40[B] 

Error Number : 1
End Test: 56
--------------------------------------------------
Test 57:

Initial:
Weight:
[[-9.64490212  1.17896402  6.70459311]
 [ 1.43134372 -1.75480803  9.99505805]
 [ 3.35513986 -3.87101302  7.42046048]
 [ 3.40106316 -3.68811018 -8.4933033 ]]
Biases:
[[ 7.52328593]
 [ 5.94716831]
 [-1.44218257]
 [-8.31257767]]

After Traning:
Weight:
[[  5.52729788  12.70196402   6.71629311]
 [-20.91665628   9.25349197 -16.20344195]
 [ -5.32046014 -11.66081302   3.66606048]
 [ 17.75496316  -6.96161018 -14.7168033 ]]
Biases:
[[-47.47671407]
 [-43.05283169]
 [-48.44218257]
 [-78.31257767]]

End Epoch: 15
Speed: 0.1539306640625
1[W] 2[O] 3[O] 4[B] 5[P] 6[O] 7[P] 8[W] 9[W] 10[P] 
11[W] 12[B] 13[W] 14[W] 15[O] 16[B] 17[B] 18[B] 19[B] 20[O] 
21[P] 22[P] 23[O] 24[O] 25[W] 26[P] 27[P] 28[B] 29[W] 30[O] 
31[Error] 32[Error] 33[W] 34[O] 35[B] 36[P] 37[O] 38[W] 39[P] 40[B] 

Error Number : 2
End Test: 57
--------------------------------------------------
Test 58:

Initial:
Weight:
[[-0.02490251  3.28824793 -1.77435912]
 [ 4.60797111 -2.76506519  8.68227324]
 [-6.52901139  2.9522944  -2.0162683 ]
 [ 5.08998714 -6.63120126 -4.96570424]]
Biases:
[[ 3.98588977]
 [ 9.76132139]
 [-6.3070944 ]
 [-6.09747395]]

After Traning:
Weight:
[[  4.29459749  10.95814793   6.38364088]
 [-18.76722889   5.25443481 -13.86262676]
 [ -4.13981139 -12.7636056    9.0972317 ]
 [ 16.33458714  -5.97650126 -12.92730424]]
Biases:
[[-40.01411023]
 [-51.23867861]
 [-47.3070944 ]
 [-76.09747395]]

End Epoch: 15
Speed: 0.15293145179748535
1[W] 2[O] 3[O] 4[B] 5[P] 6[O] 7[P] 8[W] 9[W] 10[P] 
11[Error] 12[B] 13[W] 14[W] 15[O] 16[B] 17[B] 18[B] 19[B] 20[O] 
21[P] 22[P] 23[O] 24[O] 25[W] 26[P] 27[P] 28[B] 29[W] 30[O] 
31[B] 32[P] 33[W] 34[O] 35[B] 36[P] 37[O] 38[W] 39[P] 40[B] 

Error Number : 1
End Test: 58
--------------------------------------------------
Test 59:

Initial:
Weight:
[[-9.32122852 -9.08615155  6.55696965]
 [ 2.29926168 -0.74736679  1.60778818]
 [ 3.34011103 -4.62136781  6.7993024 ]
 [-3.53242697  2.58695825 -9.16133611]]
Biases:
[[-4.27401757]
 [-4.20586118]
 [ 3.40174137]
 [-1.59882537]]

After Traning:
Weight:
[[  4.03417148  13.62184845  10.44146965]
 [-14.94973832   2.99363321 -10.10881182]
 [ -6.83848897 -13.43676781   5.8365024 ]
 [ 11.58777303  -4.85264175 -10.63813611]]
Biases:
[[-50.27401757]
 [-53.20586118]
 [-46.59825863]
 [-64.59882537]]

End Epoch: 9
Speed: 0.0879521369934082
1[W] 2[O] 3[O] 4[B] 5[P] 6[O] 7[P] 8[W] 9[W] 10[P] 
11[W] 12[B] 13[W] 14[W] 15[O] 16[B] 17[B] 18[B] 19[Error] 20[O] 
21[P] 22[P] 23[O] 24[O] 25[W] 26[P] 27[P] 28[B] 29[W] 30[O] 
31[B] 32[P] 33[W] 34[O] 35[B] 36[P] 37[O] 38[W] 39[Error] 40[B] 

Error Number : 2
End Test: 59
--------------------------------------------------
Test 60:

Initial:
Weight:
[[ 6.3614288   6.1148667   6.79397714]
 [-6.34677217  5.71875288  0.95152992]
 [-1.19189511  1.43086825 -9.53715571]
 [-1.07151929 -3.32170647 -4.21577175]]
Biases:
[[4.83623198]
 [9.77357044]
 [7.92205279]
 [8.55957976]]

After Traning:
Weight:
[[  5.2395288   14.0378667   10.25257714]
 [-18.14987217   5.55035288 -13.75867008]
 [ -6.87239511 -14.51343175   9.51524429]
 [ 10.36428071  -3.29260647  -9.29667175]]
Biases:
[[-55.16376802]
 [-51.22642956]
 [-46.07794721]
 [-49.44042024]]

End Epoch: 9
Speed: 0.08694982528686523
1[W] 2[O] 3[O] 4[B] 5[P] 6[O] 7[P] 8[W] 9[W] 10[P] 
11[Error] 12[B] 13[W] 14[W] 15[O] 16[B] 17[B] 18[B] 19[B] 20[O] 
21[P] 22[P] 23[O] 24[O] 25[W] 26[P] 27[P] 28[B] 29[W] 30[O] 
31[Error] 32[P] 33[W] 34[O] 35[B] 36[P] 37[O] 38[W] 39[P] 40[B] 

Error Number : 2
End Test: 60
--------------------------------------------------
Test 61:

Initial:
Weight:
[[ 2.6261603   5.26966038  5.87850979]
 [-9.55661128 -7.69470016 -3.91306248]
 [-7.35804974 -1.5012516  -2.08481177]
 [ 8.24942568  6.92107415 -5.0054132 ]]
Biases:
[[ 4.62659586]
 [-3.68499973]
 [-7.4887303 ]
 [ 1.40582086]]

After Traning:
Weight:
[[  6.8324603   14.11586038   5.34370979]
 [-15.62361128   7.25889984 -11.04206248]
 [ -5.37524974 -15.0704516    0.79478823]
 [  9.67542568  -3.97642585  -8.4870132 ]]
Biases:
[[-49.37340414]
 [-51.68499973]
 [-52.4887303 ]
 [-49.59417914]]

End Epoch: 6
Speed: 0.055525779724121094
1[W] 2[O] 3[O] 4[B] 5[P] 6[Error] 7[P] 8[W] 9[W] 10[P] 
11[W] 12[B] 13[W] 14[W] 15[O] 16[B] 17[B] 18[B] 19[B] 20[Error] 
21[P] 22[P] 23[O] 24[O] 25[W] 26[P] 27[P] 28[B] 29[W] 30[Error] 
31[B] 32[Error] 33[W] 34[Error] 35[B] 36[P] 37[O] 38[W] 39[Error] 40[B] 

Error Number : 6
End Test: 61
--------------------------------------------------
Test 62:

Initial:
Weight:
[[ 2.66497558 -6.270515   -0.87437081]
 [-5.39480368  8.19868466  9.95308459]
 [ 5.02430059  3.52146085 -0.84828863]
 [ 7.08034513  2.19078644 -7.30283766]]
Biases:
[[-3.51349711]
 [-6.54533351]
 [ 5.98879039]
 [ 7.23501403]]

After Traning:
Weight:
[[  5.69577558  12.809985     9.50932919]
 [-12.78370368   5.43238466  -9.90921541]
 [ -7.13799941 -13.34083915   9.02431137]
 [ 16.24724513  -5.21081356 -13.42173766]]
Biases:
[[-45.51349711]
 [-55.54533351]
 [-43.01120961]
 [-77.76498597]]

End Epoch: 15
Speed: 0.15189194679260254
1[W] 2[O] 3[O] 4[B] 5[P] 6[O] 7[P] 8[W] 9[W] 10[P] 
11[Error] 12[B] 13[W] 14[W] 15[O] 16[B] 17[B] 18[B] 19[Error] 20[O] 
21[P] 22[P] 23[O] 24[O] 25[W] 26[P] 27[P] 28[B] 29[W] 30[O] 
31[B] 32[P] 33[W] 34[O] 35[B] 36[P] 37[O] 38[W] 39[P] 40[B] 

Error Number : 2
End Test: 62
--------------------------------------------------
Test 63:

Initial:
Weight:
[[ 8.52272128 -4.01393062 -3.12907072]
 [ 0.56410976  1.04145279  6.77787175]
 [ 2.90220123 -4.72296525 -6.13936524]
 [ 0.79668906 -2.45864674 -3.53299471]]
Biases:
[[ 6.87141988]
 [-1.666381  ]
 [-5.14592428]
 [ 2.06635286]]

After Traning:
Weight:
[[  5.63502128   9.80466938   8.29212928]
 [-14.30099024   9.70265279 -13.69572825]
 [ -7.21399877 -17.54126525   7.38983476]
 [ 16.05478906  -5.28264674 -13.64439471]]
Biases:
[[-45.12858012]
 [-55.666381  ]
 [-45.14592428]
 [-75.93364714]]

End Epoch: 14
Speed: 0.14291810989379883
1[W] 2[O] 3[O] 4[B] 5[P] 6[Error] 7[P] 8[W] 9[W] 10[P] 
11[W] 12[B] 13[W] 14[W] 15[O] 16[B] 17[B] 18[B] 19[B] 20[O] 
21[P] 22[P] 23[Error] 24[O] 25[W] 26[P] 27[P] 28[B] 29[W] 30[Error] 
31[B] 32[P] 33[W] 34[O] 35[B] 36[P] 37[O] 38[W] 39[P] 40[B] 

Error Number : 3
End Test: 63
--------------------------------------------------
Test 64:

Initial:
Weight:
[[-5.4741644  -0.50716841  2.89045776]
 [-7.16764112  0.53715906  5.54676513]
 [-8.93305146  1.49106598  3.74876887]
 [ 2.96753848  5.69114645  6.79163061]]
Biases:
[[ 0.00803552]
 [-7.10361983]
 [ 6.73699969]
 [ 4.64350153]]

After Traning:
Weight:
[[  4.1835356   11.95113159  10.41435776]
 [-16.70724112   6.76375906 -13.50573487]
 [ -6.79685146 -12.18013402  10.35626887]
 [ 17.46123848  -5.22665355 -13.67536939]]
Biases:
[[-50.99196448]
 [-45.10361983]
 [-54.26300031]
 [-86.35649847]]

End Epoch: 21
Speed: 0.21987438201904297
1[W] 2[O] 3[O] 4[B] 5[P] 6[O] 7[P] 8[W] 9[W] 10[P] 
11[Error] 12[B] 13[W] 14[W] 15[O] 16[B] 17[B] 18[B] 19[B] 20[O] 
21[P] 22[P] 23[O] 24[O] 25[W] 26[P] 27[P] 28[B] 29[W] 30[O] 
31[B] 32[P] 33[W] 34[O] 35[B] 36[P] 37[O] 38[W] 39[Error] 40[B] 

Error Number : 2
End Test: 64
--------------------------------------------------
Test 65:

Initial:
Weight:
[[-5.5078871  -7.18838058  8.16766919]
 [ 6.00965979 -0.04947597 -9.42592745]
 [-7.45107782  6.79686528  5.37204927]
 [-5.39300221  2.70128471 -8.2964025 ]]
Biases:
[[-5.31720901]
 [ 2.28961711]
 [-6.65789127]
 [-0.04991084]]

After Traning:
Weight:
[[  6.6080129   11.98461942   9.02116919]
 [-12.00254021   0.20082403 -10.55902745]
 [ -4.89417782 -11.80993472   7.01064927]
 [ 15.26309779  -5.99511529 -12.9265025 ]]
Biases:
[[-42.31720901]
 [-54.71038289]
 [-36.65789127]
 [-70.04991084]]

End Epoch: 14
Speed: 0.14291644096374512
1[W] 2[O] 3[O] 4[B] 5[P] 6[O] 7[P] 8[W] 9[W] 10[P] 
11[Error] 12[B] 13[W] 14[W] 15[O] 16[B] 17[B] 18[B] 19[Error] 20[O] 
21[P] 22[P] 23[O] 24[O] 25[W] 26[P] 27[P] 28[B] 29[W] 30[O] 
31[Error] 32[P] 33[W] 34[O] 35[B] 36[P] 37[O] 38[W] 39[P] 40[B] 

Error Number : 3
End Test: 65
--------------------------------------------------
Test 66:

Initial:
Weight:
[[ 3.46414216 -9.2169203  -7.81602199]
 [ 4.53608955  8.44012728  7.05635418]
 [ 4.96505682  4.44543456  0.73691699]
 [ 2.24840707  4.60636581  5.75501449]]
Biases:
[[-6.30122   ]
 [-3.87685004]
 [-4.11885862]
 [ 5.97513233]]

After Traning:
Weight:
[[  2.95804216  10.8987797    8.33047801]
 [-13.91851045   4.56372728  -9.57124582]
 [ -4.95864318 -13.68676544   6.66251699]
 [ 17.09450707  -6.62213419 -13.86908551]]
Biases:
[[-37.30122   ]
 [-44.87685004]
 [-45.11885862]
 [-74.02486767]]

End Epoch: 12
Speed: 0.12093043327331543
1[W] 2[O] 3[O] 4[B] 5[P] 6[Error] 7[P] 8[W] 9[W] 10[P] 
11[W] 12[B] 13[W] 14[W] 15[O] 16[B] 17[B] 18[B] 19[B] 20[O] 
21[P] 22[P] 23[O] 24[O] 25[W] 26[P] 27[P] 28[B] 29[W] 30[O] 
31[B] 32[P] 33[W] 34[O] 35[B] 36[P] 37[O] 38[W] 39[Error] 40[B] 

Error Number : 2
End Test: 66
--------------------------------------------------
Test 67:

Initial:
Weight:
[[ 6.66796648 -8.21602629 -3.96783844]
 [ 7.65780828  0.57036829  1.74513887]
 [ 8.25189088  6.33970974 -7.65096679]
 [-8.8957565   4.6246134   0.14393349]]
Biases:
[[ 1.6645185 ]
 [-9.62121275]
 [ 6.26833773]
 [ 9.40255163]]

After Traning:
Weight:
[[  5.37866648  13.49507371   6.16826156]
 [-13.57569172   2.86636829 -11.46246113]
 [ -6.33430912 -15.12199026   1.74113321]
 [ 11.3453435   -3.0212866  -10.78996651]]
Biases:
[[-48.3354815 ]
 [-48.62121275]
 [-47.73166227]
 [-59.59744837]]

End Epoch: 6
Speed: 0.05497169494628906
1[W] 2[O] 3[O] 4[B] 5[P] 6[Error] 7[P] 8[W] 9[W] 10[P] 
11[W] 12[B] 13[W] 14[W] 15[O] 16[B] 17[B] 18[B] 19[B] 20[Error] 
21[P] 22[P] 23[O] 24[O] 25[W] 26[P] 27[P] 28[B] 29[W] 30[Error] 
31[Error] 32[P] 33[W] 34[Error] 35[B] 36[P] 37[O] 38[W] 39[P] 40[B] 

Error Number : 5
End Test: 67
--------------------------------------------------
Test 68:

Initial:
Weight:
[[ 4.34558467 -5.13832858  5.7933059 ]
 [-6.83249108  2.81695766  4.31679611]
 [ 7.81356097 -7.70646807  8.56524201]
 [ 3.41334311  4.81009173  3.53644132]]
Biases:
[[ 1.8162827 ]
 [ 5.64929899]
 [-2.12762957]
 [ 8.90156268]]

After Traning:
Weight:
[[ 5.39778467e+00  1.34642714e+01  9.26000590e+00]
 [-1.36214911e+01 -1.11423448e-02 -1.20324039e+01]
 [-5.64883903e+00 -1.26343681e+01  7.41474201e+00]
 [ 1.65350431e+01 -4.99700827e+00 -1.39137587e+01]]
Biases:
[[-52.1837173 ]
 [-54.35070101]
 [-46.12762957]
 [-80.09843732]]

End Epoch: 19
Speed: 0.19689035415649414
1[W] 2[O] 3[O] 4[B] 5[P] 6[O] 7[P] 8[W] 9[W] 10[P] 
11[W] 12[B] 13[W] 14[W] 15[O] 16[B] 17[B] 18[B] 19[Error] 20[O] 
21[P] 22[P] 23[O] 24[O] 25[W] 26[P] 27[P] 28[B] 29[W] 30[O] 
31[B] 32[P] 33[W] 34[O] 35[B] 36[P] 37[O] 38[W] 39[P] 40[B] 

Error Number : 1
End Test: 68
--------------------------------------------------
Test 69:

Initial:
Weight:
[[ 9.85830073 -5.42137667  9.04380013]
 [-9.5204935  -0.5266144   4.32822783]
 [-6.95631576 -8.39596112 -3.91645201]
 [-9.41333641 -6.26418728  4.67746521]]
Biases:
[[ 5.30746956]
 [-7.94062626]
 [ 9.35547865]
 [-8.22577845]]

After Traning:
Weight:
[[  6.32630073  13.45162333   5.74170013]
 [-14.7011935    2.6186856   -7.42867217]
 [ -5.22071576 -15.84846112   6.96604799]
 [ 14.92076359  -5.80428728 -13.99573479]]
Biases:
[[-46.69253044]
 [-55.94062626]
 [-48.64452135]
 [-69.22577845]]

End Epoch: 11
Speed: 0.10793805122375488
1[W] 2[O] 3[O] 4[B] 5[P] 6[Error] 7[P] 8[W] 9[W] 10[P] 
11[W] 12[B] 13[W] 14[W] 15[O] 16[B] 17[B] 18[B] 19[Error] 20[O] 
21[P] 22[P] 23[O] 24[O] 25[W] 26[P] 27[P] 28[B] 29[W] 30[O] 
31[Error] 32[P] 33[W] 34[O] 35[B] 36[P] 37[O] 38[W] 39[P] 40[B] 

Error Number : 3
End Test: 69
--------------------------------------------------
Test 70:

Initial:
Weight:
[[ 0.21075517  1.04911043 -2.45053254]
 [ 8.17123849 -9.02192072  7.19202578]
 [ 8.05764358 -7.19607804 -9.84882269]
 [-8.93746278  0.09956407  3.4073415 ]]
Biases:
[[ 8.05711222]
 [-9.54418519]
 [ 2.83497612]
 [ 8.16330506]]

After Traning:
Weight:
[[  5.93505517  12.73941043   4.89256746]
 [-13.88546151   7.12257928  -8.38087422]
 [ -6.06415642 -13.51507804   8.08057731]
 [ 10.31583722  -2.20453593  -9.0369585 ]]
Biases:
[[-42.94288778]
 [-48.54418519]
 [-52.16502388]
 [-55.83669494]]

End Epoch: 5
Speed: 0.042971134185791016
1[W] 2[O] 3[O] 4[B] 5[P] 6[O] 7[P] 8[W] 9[W] 10[P] 
11[W] 12[B] 13[W] 14[W] 15[O] 16[B] 17[B] 18[B] 19[B] 20[O] 
21[P] 22[P] 23[O] 24[O] 25[W] 26[P] 27[P] 28[B] 29[W] 30[O] 
31[B] 32[P] 33[W] 34[O] 35[B] 36[P] 37[O] 38[W] 39[P] 40[B] 

Error Number : 0
End Test: 70
--------------------------------------------------
Test 71:

Initial:
Weight:
[[-1.67456564 -4.23218098  2.17396285]
 [-0.64758682  3.06460838 -5.1885094 ]
 [-1.19513709  4.42130274 -1.6760582 ]
 [ 9.49847851  9.75633892  2.56383315]]
Biases:
[[ 6.25997472]
 [ 7.65826914]
 [ 5.21962663]
 [-9.17983478]]

After Traning:
Weight:
[[  6.32353436  13.78531902   5.42496285]
 [-21.17188682   8.82230838 -16.4298094 ]
 [ -5.20693709 -11.15199726   8.7860418 ]
 [ 12.27177851  -5.60716108 -10.54896685]]
Biases:
[[-47.74002528]
 [-43.34173086]
 [-46.78037337]
 [-63.17983478]]

End Epoch: 8
Speed: 0.07595610618591309
1[W] 2[O] 3[O] 4[B] 5[P] 6[O] 7[P] 8[W] 9[W] 10[P] 
11[Error] 12[B] 13[W] 14[W] 15[O] 16[B] 17[B] 18[B] 19[B] 20[O] 
21[P] 22[P] 23[O] 24[O] 25[W] 26[P] 27[P] 28[B] 29[W] 30[O] 
31[B] 32[P] 33[W] 34[O] 35[B] 36[P] 37[O] 38[W] 39[P] 40[B] 

Error Number : 1
End Test: 71
--------------------------------------------------
Test 72:

Initial:
Weight:
[[-5.22854735  9.6087356  -7.8397718 ]
 [ 7.31308485  6.10494716  2.2690598 ]
 [ 3.44774295 -1.7312182   2.07579497]
 [ 4.98169887  8.12505061  6.74309839]]
Biases:
[[-0.78287436]
 [ 3.59268633]
 [ 8.12544066]
 [ 2.25481879]]

After Traning:
Weight:
[[  5.92845265  12.2296356    7.4608282 ]
 [-19.73421515   8.30814716 -15.0044402 ]
 [ -4.34155705 -15.8679182    3.60319497]
 [ 16.47529887  -6.70904939 -12.26860161]]
Biases:
[[-43.78287436]
 [-40.40731367]
 [-62.87455934]
 [-76.74518121]]

End Epoch: 15
Speed: 0.15191411972045898
1[W] 2[O] 3[O] 4[B] 5[P] 6[Error] 7[P] 8[W] 9[W] 10[P] 
11[W] 12[B] 13[W] 14[W] 15[O] 16[B] 17[B] 18[B] 19[B] 20[Error] 
21[P] 22[P] 23[O] 24[O] 25[W] 26[P] 27[P] 28[B] 29[W] 30[Error] 
31[B] 32[P] 33[W] 34[Error] 35[B] 36[P] 37[O] 38[W] 39[P] 40[B] 

Error Number : 4
End Test: 72
--------------------------------------------------
Test 73:

Initial:
Weight:
[[-0.1502806   4.25411865  5.63266712]
 [ 8.90661176  6.93654382 -4.63782288]
 [-4.55533691  7.33084439 -5.02913805]
 [ 2.13917331  8.98509818 -6.94059767]]
Biases:
[[ 0.77546618]
 [ 7.75701545]
 [-1.68559516]
 [ 7.35767288]]

After Traning:
Weight:
[[  3.3970194   13.91131865   9.67316712]
 [-21.27818824   9.10254382 -16.63552288]
 [ -4.37933691 -14.25195561   9.28116195]
 [  9.83767331  -3.11740182  -8.59359767]]
Biases:
[[-53.22453382]
 [-44.24298455]
 [-41.68559516]
 [-53.64232712]]

End Epoch: 8
Speed: 0.07703852653503418
1[W] 2[O] 3[O] 4[B] 5[P] 6[Error] 7[P] 8[W] 9[W] 10[P] 
11[Error] 12[B] 13[W] 14[W] 15[O] 16[B] 17[B] 18[B] 19[B] 20[O] 
21[P] 22[P] 23[O] 24[O] 25[W] 26[P] 27[P] 28[B] 29[W] 30[O] 
31[B] 32[P] 33[W] 34[O] 35[B] 36[P] 37[O] 38[W] 39[P] 40[B] 

Error Number : 2
End Test: 73
--------------------------------------------------
Test 74:

Initial:
Weight:
[[-6.84301209 -4.40237897 -3.79840941]
 [-6.24149141  1.45325983  9.08687375]
 [ 2.17520523  3.77800284 -0.78971488]
 [ 4.05016767  4.27670585  5.94159076]]
Biases:
[[-7.25544297]
 [ 9.94211924]
 [ 1.49812287]
 [ 4.2265831 ]]

After Traning:
Weight:
[[  6.38888791  15.40472103   8.20799059]
 [-14.82669141   3.63445983  -9.29972625]
 [ -5.08649477 -11.74499716   5.64608512]
 [ 15.68936767  -5.94859415 -14.73410924]]
Biases:
[[-53.25544297]
 [-60.05788076]
 [-46.50187713]
 [-71.7734169 ]]

End Epoch: 13
Speed: 0.13292431831359863
1[W] 2[O] 3[O] 4[B] 5[P] 6[O] 7[P] 8[W] 9[W] 10[P] 
11[W] 12[B] 13[W] 14[W] 15[O] 16[B] 17[B] 18[B] 19[Error] 20[O] 
21[P] 22[P] 23[O] 24[O] 25[W] 26[P] 27[P] 28[B] 29[W] 30[O] 
31[Error] 32[P] 33[W] 34[O] 35[B] 36[P] 37[O] 38[W] 39[P] 40[B] 

Error Number : 2
End Test: 74
--------------------------------------------------
Test 75:

Initial:
Weight:
[[ 5.59157617  0.16290516 -5.47263464]
 [ 8.92301943  6.72437826 -5.8883264 ]
 [ 1.54675009  2.35108899  9.92017824]
 [ 2.17766837  1.98767813  0.8655605 ]]
Biases:
[[-1.63911503]
 [-8.08029178]
 [ 6.54787585]
 [ 3.3510709 ]]

After Traning:
Weight:
[[  4.81757617  11.72160516   8.11886536]
 [-15.10538057   6.81787826 -11.0542264 ]
 [ -3.58274991 -12.92111101   9.66477824]
 [ 13.14066837  -4.92912187  -9.4716395 ]]
Biases:
[[-40.63911503]
 [-48.08029178]
 [-49.45212415]
 [-58.6489291 ]]

End Epoch: 7
Speed: 0.06697702407836914
1[W] 2[O] 3[O] 4[B] 5[P] 6[Error] 7[P] 8[W] 9[W] 10[P] 
11[Error] 12[B] 13[W] 14[W] 15[O] 16[B] 17[B] 18[B] 19[B] 20[O] 
21[P] 22[P] 23[O] 24[O] 25[W] 26[P] 27[P] 28[B] 29[W] 30[O] 
31[B] 32[P] 33[W] 34[O] 35[B] 36[P] 37[O] 38[W] 39[P] 40[B] 

Error Number : 2
End Test: 75
--------------------------------------------------
Test 76:

Initial:
Weight:
[[-3.98623742  4.09843236 -4.41759814]
 [-9.89927449  0.49436807  8.99741926]
 [-4.09294133 -4.77442481  5.23416143]
 [ 2.54262032 -1.77773651 -4.95145856]]
Biases:
[[-1.32586453]
 [-2.65886595]
 [ 1.25113884]
 [-7.78596745]]

After Traning:
Weight:
[[  5.96736258  13.41963236   6.22490186]
 [-15.16787449   2.09106807 -12.05018074]
 [ -7.53954133 -14.64002481   8.51146143]
 [ 15.44992032  -5.30183651 -13.07255856]]
Biases:
[[-44.32586453]
 [-55.65886595]
 [-45.74886116]
 [-73.78596745]]

End Epoch: 16
Speed: 0.1639091968536377
1[W] 2[O] 3[O] 4[B] 5[P] 6[O] 7[P] 8[W] 9[W] 10[P] 
11[W] 12[B] 13[W] 14[W] 15[O] 16[B] 17[B] 18[B] 19[Error] 20[O] 
21[P] 22[P] 23[O] 24[O] 25[W] 26[P] 27[P] 28[B] 29[W] 30[O] 
31[B] 32[P] 33[W] 34[O] 35[B] 36[P] 37[O] 38[W] 39[P] 40[B] 

Error Number : 1
End Test: 76
--------------------------------------------------
Test 77:

Initial:
Weight:
[[ 9.74405918  9.19926536 -7.75913915]
 [ 9.14717158  1.70132974  4.99854476]
 [ 8.93874479  6.7665737   2.34190762]
 [-9.45662842  6.28363032  6.91065661]]
Biases:
[[ 4.52460873]
 [-4.90615975]
 [-3.81624805]
 [-2.34225093]]

After Traning:
Weight:
[[  5.79105918  14.35746536   9.67786085]
 [-15.10942842   3.77572974 -12.06515524]
 [ -4.53875521 -16.0338263    6.77340762]
 [ 12.76737158  -3.24936968 -10.57644339]]
Biases:
[[-43.47539127]
 [-52.90615975]
 [-55.81624805]
 [-63.34225093]]

End Epoch: 7
Speed: 0.06596112251281738
1[W] 2[O] 3[O] 4[B] 5[P] 6[Error] 7[P] 8[W] 9[W] 10[P] 
11[W] 12[B] 13[W] 14[W] 15[O] 16[B] 17[B] 18[B] 19[B] 20[O] 
21[P] 22[P] 23[O] 24[O] 25[W] 26[P] 27[P] 28[B] 29[W] 30[O] 
31[B] 32[P] 33[W] 34[O] 35[B] 36[P] 37[O] 38[W] 39[P] 40[B] 

Error Number : 1
End Test: 77
--------------------------------------------------
Test 78:

Initial:
Weight:
[[ 1.01437821 -3.90362745  1.04505441]
 [-3.85438638 -8.53808137  4.15823683]
 [ 2.71240736  0.68669083  6.77124125]
 [ 8.90067686 -1.13532622 -7.7341169 ]]
Biases:
[[-5.84308537]
 [ 9.36172324]
 [ 2.99697158]
 [ 0.7032857 ]]

After Traning:
Weight:
[[  5.56657821   9.61537255   8.03795441]
 [-14.93378638   3.20601863 -12.44976317]
 [ -7.13869264 -12.51170917   7.72574125]
 [ 11.32637686  -3.50762622 -10.6068169 ]]
Biases:
[[-39.84308537]
 [-50.63827676]
 [-45.00302842]
 [-59.2967143 ]]

End Epoch: 7
Speed: 0.06596136093139648
1[W] 2[O] 3[O] 4[B] 5[P] 6[O] 7[P] 8[W] 9[W] 10[P] 
11[W] 12[B] 13[W] 14[W] 15[O] 16[B] 17[B] 18[B] 19[B] 20[O] 
21[P] 22[P] 23[O] 24[O] 25[W] 26[P] 27[P] 28[B] 29[W] 30[O] 
31[Error] 32[P] 33[W] 34[O] 35[B] 36[P] 37[O] 38[W] 39[P] 40[B] 

Error Number : 1
End Test: 78
--------------------------------------------------
Test 79:

Initial:
Weight:
[[ 5.20959252 -1.35638707  2.14455736]
 [ 6.60559263 -8.29116003  9.12418648]
 [-1.72154787  2.78257597 -7.38636582]
 [-2.70660862 -8.99381059  7.20788172]]
Biases:
[[ 1.95240479]
 [-0.16395447]
 [-3.74717503]
 [ 0.28076523]]

After Traning:
Weight:
[[  3.79829252  12.16291293   7.55845736]
 [-15.81860737   7.34333997  -5.07021352]
 [ -4.46394787 -14.09012403   9.03973418]
 [ 13.12869138  -4.18501059  -6.97171828]]
Biases:
[[-43.04759521]
 [-53.16395447]
 [-43.74717503]
 [-65.71923477]]

End Epoch: 8
Speed: 0.07595586776733398
1[W] 2[O] 3[O] 4[B] 5[P] 6[Error] 7[P] 8[W] 9[W] 10[P] 
11[Error] 12[B] 13[W] 14[W] 15[O] 16[B] 17[B] 18[B] 19[Error] 20[O] 
21[P] 22[P] 23[O] 24[O] 25[W] 26[P] 27[P] 28[B] 29[W] 30[O] 
31[B] 32[P] 33[W] 34[O] 35[B] 36[P] 37[O] 38[W] 39[P] 40[B] 

Error Number : 3
End Test: 79
--------------------------------------------------
Test 80:

Initial:
Weight:
[[-9.18349713 -6.66476832 -4.47816243]
 [-9.15202724 -4.44944396  7.53876454]
 [ 8.28035786 -4.56145543  9.01058029]
 [-5.49013124  3.70495793  8.59591289]]
Biases:
[[-5.05346595]
 [-6.53665191]
 [-5.88908278]
 [-8.57576939]]

After Traning:
Weight:
[[  5.85260287  10.55833168   8.67493757]
 [-13.95782724   3.46425604  -8.81813546]
 [ -6.17364214 -10.26595543   6.16368029]
 [ 14.68106876  -6.88584207 -14.32338711]]
Biases:
[[-42.05346595]
 [-48.53665191]
 [-46.88908278]
 [-71.57576939]]

End Epoch: 14
Speed: 0.1419360637664795
1[W] 2[O] 3[O] 4[B] 5[P] 6[O] 7[P] 8[W] 9[W] 10[P] 
11[W] 12[B] 13[W] 14[W] 15[O] 16[B] 17[B] 18[B] 19[B] 20[O] 
21[P] 22[P] 23[O] 24[O] 25[W] 26[P] 27[P] 28[B] 29[W] 30[O] 
31[Error] 32[P] 33[W] 34[O] 35[B] 36[P] 37[O] 38[W] 39[P] 40[B] 

Error Number : 1
End Test: 80
--------------------------------------------------
Test 81:

Initial:
Weight:
[[-6.75772587 -3.14444913  2.96461121]
 [-9.27289194 -2.20354696  6.99490433]
 [ 0.61698457 -2.08117509 -1.02685046]
 [ 8.45405642  2.8388795  -2.31032787]]
Biases:
[[ 4.50531666]
 [-5.94311994]
 [-2.34111299]
 [ 1.11213644]]

After Traning:
Weight:
[[  6.00917413  14.27605087   7.47891121]
 [-12.31519194   2.13265304 -10.92209567]
 [ -3.22321543 -10.89027509   7.40204954]
 [ 17.55465642  -4.9792205  -13.78232787]]
Biases:
[[-46.49468334]
 [-54.94311994]
 [-46.34111299]
 [-86.88786356]]

End Epoch: 19
Speed: 0.1978902816772461
1[W] 2[O] 3[O] 4[B] 5[P] 6[O] 7[P] 8[W] 9[W] 10[P] 
11[Error] 12[B] 13[W] 14[W] 15[O] 16[B] 17[B] 18[B] 19[Error] 20[O] 
21[P] 22[P] 23[O] 24[O] 25[W] 26[P] 27[P] 28[B] 29[W] 30[O] 
31[B] 32[P] 33[W] 34[O] 35[B] 36[P] 37[O] 38[W] 39[P] 40[B] 

Error Number : 2
End Test: 81
--------------------------------------------------
Test 82:

Initial:
Weight:
[[ 7.11431341 -2.17822437  8.56491908]
 [-7.19688042  7.82634696 -1.08234633]
 [-2.42963876 -4.75180465 -6.63776864]
 [ 5.64937146  2.26178248  3.2826204 ]]
Biases:
[[ 9.4571135 ]
 [-4.57320905]
 [ 7.57323879]
 [-7.9029072 ]]

After Traning:
Weight:
[[  3.29511341  12.52597563  10.01611908]
 [-13.40558042   5.48854696  -8.25504633]
 [ -5.00693876 -14.61860465   8.74723136]
 [ 14.85647146  -4.54581752 -13.1029796 ]]
Biases:
[[-52.5428865 ]
 [-51.57320905]
 [-42.42676121]
 [-72.9029072 ]]

End Epoch: 14
Speed: 0.14191842079162598
1[W] 2[O] 3[O] 4[B] 5[P] 6[Error] 7[P] 8[W] 9[W] 10[P] 
11[Error] 12[B] 13[W] 14[W] 15[O] 16[B] 17[B] 18[B] 19[Error] 20[O] 
21[P] 22[P] 23[O] 24[O] 25[W] 26[P] 27[P] 28[B] 29[W] 30[O] 
31[Error] 32[P] 33[W] 34[O] 35[B] 36[P] 37[O] 38[W] 39[Error] 40[B] 

Error Number : 5
End Test: 82
--------------------------------------------------
Test 83:

Initial:
Weight:
[[-0.7060608  -8.0738799  -1.29287302]
 [-8.45727567  1.07317199 -4.10066873]
 [-2.5264607   1.11820037  4.78032001]
 [-7.48019744 -9.74748878 -9.0755343 ]]
Biases:
[[ 9.4787145 ]
 [ 8.89303549]
 [-3.96510441]
 [ 9.56942978]]

After Traning:
Weight:
[[  2.9157392   12.5072201    8.34952698]
 [-18.97837567   8.57657199 -13.20466873]
 [ -2.4836607  -11.26709963   6.27242001]
 [ 15.18850256  -4.97278878 -13.4317343 ]]
Biases:
[[-44.5212855 ]
 [-50.10696451]
 [-50.96510441]
 [-79.43057022]]

End Epoch: 20
Speed: 0.2083895206451416
1[W] 2[O] 3[O] 4[B] 5[P] 6[Error] 7[P] 8[W] 9[W] 10[P] 
11[W] 12[B] 13[W] 14[W] 15[O] 16[B] 17[B] 18[B] 19[B] 20[O] 
21[P] 22[P] 23[O] 24[O] 25[W] 26[P] 27[P] 28[B] 29[W] 30[O] 
31[B] 32[P] 33[W] 34[O] 35[B] 36[P] 37[O] 38[W] 39[P] 40[B] 

Error Number : 1
End Test: 83
--------------------------------------------------
Test 84:

Initial:
Weight:
[[ 5.31617518  9.8932691   1.29317536]
 [-7.34552798 -7.41649403 -2.59868412]
 [ 0.19481262 -6.71136611  9.17538119]
 [-8.27998031  6.03470125  5.21189348]]
Biases:
[[-1.01468796]
 [ 7.39047246]
 [ 6.7681055 ]
 [ 6.98618231]]

After Traning:
Weight:
[[  3.53287518  11.3175691    8.58757536]
 [-14.93692798   3.18000597  -8.07008412]
 [ -5.85598738  -9.95496611   3.58478119]
 [ 17.12341969  -6.68639875 -12.62080652]]
Biases:
[[-42.01468796]
 [-58.60952754]
 [-44.2318945 ]
 [-76.01381769]]

End Epoch: 14
Speed: 0.14391827583312988
1[W] 2[O] 3[O] 4[B] 5[P] 6[O] 7[P] 8[W] 9[W] 10[P] 
11[W] 12[B] 13[W] 14[W] 15[O] 16[B] 17[B] 18[B] 19[Error] 20[O] 
21[P] 22[P] 23[O] 24[O] 25[W] 26[P] 27[P] 28[B] 29[W] 30[O] 
31[B] 32[Error] 33[W] 34[O] 35[B] 36[P] 37[O] 38[W] 39[Error] 40[B] 

Error Number : 3
End Test: 84
--------------------------------------------------
Test 85:

Initial:
Weight:
[[-8.07019617 -8.44290942  1.16406254]
 [-9.64026517 -1.84641889  9.59278079]
 [-2.54675884 -0.81348364 -2.42826195]
 [-8.1277493   6.02561948 -8.31796552]]
Biases:
[[ 8.22456818]
 [ 4.76989806]
 [-4.51304547]
 [-6.1280019 ]]

After Traning:
Weight:
[[  4.59380383   9.62189058   8.29716254]
 [-16.66026517   2.46888111 -13.69121921]
 [ -2.27325884 -10.85198364   8.83973805]
 [  8.7424507   -2.72338052  -7.34066552]]
Biases:
[[-44.77543182]
 [-52.23010194]
 [-49.51304547]
 [-47.1280019 ]]

End Epoch: 6
Speed: 0.05497241020202637
1[W] 2[O] 3[O] 4[B] 5[P] 6[O] 7[P] 8[W] 9[W] 10[P] 
11[Error] 12[B] 13[W] 14[W] 15[O] 16[B] 17[B] 18[B] 19[B] 20[O] 
21[P] 22[P] 23[O] 24[O] 25[W] 26[P] 27[P] 28[B] 29[W] 30[O] 
31[B] 32[P] 33[W] 34[O] 35[B] 36[P] 37[O] 38[W] 39[P] 40[B] 

Error Number : 1
End Test: 85
--------------------------------------------------
Test 86:

Initial:
Weight:
[[-4.42503671  2.59875494  1.27884335]
 [ 8.96352285  0.90277643  4.63449139]
 [ 1.96299564 -1.54560163  8.54272396]
 [-9.8585319  -3.46342315 -8.37608054]]
Biases:
[[ 2.23947383]
 [ 4.89540968]
 [-7.24618216]
 [ 4.48694527]]

After Traning:
Weight:
[[  4.41516329  12.16105494   8.38554335]
 [-17.84377715   7.27497643 -12.38690861]
 [ -5.36070436 -14.00880163   6.43602396]
 [ 12.6545681   -6.13192315 -10.02858054]]
Biases:
[[-40.76052617]
 [-51.10459032]
 [-40.24618216]
 [-67.51305473]]

End Epoch: 6
Speed: 0.05598640441894531
1[W] 2[O] 3[O] 4[B] 5[P] 6[Error] 7[P] 8[W] 9[W] 10[P] 
11[W] 12[B] 13[W] 14[W] 15[O] 16[B] 17[B] 18[B] 19[B] 20[O] 
21[P] 22[P] 23[O] 24[O] 25[W] 26[P] 27[P] 28[B] 29[W] 30[O] 
31[B] 32[P] 33[W] 34[O] 35[B] 36[P] 37[O] 38[W] 39[P] 40[B] 

Error Number : 1
End Test: 86
--------------------------------------------------
Test 87:

Initial:
Weight:
[[ 9.47908342 -9.34537463  1.01760912]
 [-7.70851228  7.4641033  -4.19903703]
 [-7.10373192 -2.77523855  4.51498012]
 [-3.07176274 -0.81605887 -8.21239903]]
Biases:
[[-8.62352485]
 [-6.1131043 ]
 [-4.43122536]
 [-6.61826188]]

After Traning:
Weight:
[[  4.22698342  10.35692537   6.41710912]
 [-13.12991228   5.4045033  -11.10353703]
 [ -2.83983192 -12.34613855   5.09048012]
 [ 12.78113726  -4.25125887 -11.62859903]]
Biases:
[[-42.62352485]
 [-54.1131043 ]
 [-51.43122536]
 [-59.61826188]]

End Epoch: 7
Speed: 0.0659644603729248
1[W] 2[O] 3[O] 4[B] 5[P] 6[Error] 7[P] 8[W] 9[W] 10[P] 
11[W] 12[B] 13[W] 14[W] 15[O] 16[B] 17[B] 18[B] 19[Error] 20[O] 
21[P] 22[P] 23[O] 24[O] 25[W] 26[P] 27[P] 28[B] 29[W] 30[O] 
31[Error] 32[P] 33[W] 34[O] 35[B] 36[P] 37[O] 38[W] 39[P] 40[B] 

Error Number : 3
End Test: 87
--------------------------------------------------
Test 88:

Initial:
Weight:
[[ 2.39184056 -1.65520214 -9.54010316]
 [-0.36577335  2.92557234 -7.59301081]
 [-9.56181448 -6.03922394  8.89580273]
 [-5.24735327  2.86040585 -1.20667336]]
Biases:
[[-4.19629079]
 [ 6.62570311]
 [ 1.702043  ]
 [-8.01232841]]

After Traning:
Weight:
[[  5.87104056  13.89619786  10.01769684]
 [-18.46047335   9.09917234 -14.36981081]
 [ -3.31481448 -11.86582394   3.83730273]
 [ 10.24614673  -4.35649415  -9.73207336]]
Biases:
[[-41.19629079]
 [-47.37429689]
 [-50.297957  ]
 [-56.01232841]]

End Epoch: 5
Speed: 0.04397392272949219
1[W] 2[O] 3[O] 4[B] 5[P] 6[Error] 7[P] 8[W] 9[W] 10[P] 
11[W] 12[B] 13[W] 14[W] 15[O] 16[B] 17[B] 18[B] 19[B] 20[O] 
21[P] 22[P] 23[O] 24[O] 25[W] 26[P] 27[P] 28[B] 29[W] 30[O] 
31[Error] 32[P] 33[W] 34[O] 35[B] 36[P] 37[O] 38[W] 39[Error] 40[B] 

Error Number : 3
End Test: 88
--------------------------------------------------
Test 89:

Initial:
Weight:
[[ 3.67645185  5.86163994  8.82390857]
 [-5.54965969  4.21784645 -6.24222554]
 [ 5.12547448 -3.62673587  6.28491216]
 [ 8.5892518   3.35757896 -3.81702059]]
Biases:
[[ 8.55336484]
 [ 0.40587645]
 [-9.67637844]
 [ 1.77297854]]

After Traning:
Weight:
[[  6.56065185  11.25583994   9.42860857]
 [-17.34785969   5.75984645 -12.79842554]
 [ -5.34192552 -11.57293587   8.50141216]
 [ 13.1374518   -4.14702104  -7.97032059]]
Biases:
[[-43.44663516]
 [-49.59412355]
 [-48.67637844]
 [-65.22702146]]

End Epoch: 9
Speed: 0.0879673957824707
1[W] 2[O] 3[O] 4[B] 5[P] 6[O] 7[P] 8[W] 9[W] 10[P] 
11[Error] 12[B] 13[W] 14[W] 15[O] 16[B] 17[B] 18[B] 19[B] 20[O] 
21[P] 22[P] 23[O] 24[O] 25[W] 26[P] 27[P] 28[B] 29[W] 30[O] 
31[B] 32[P] 33[W] 34[O] 35[B] 36[P] 37[O] 38[W] 39[Error] 40[B] 

Error Number : 2
End Test: 89
--------------------------------------------------
Test 90:

Initial:
Weight:
[[-4.27815287 -5.29207073  7.84198311]
 [-5.14502147 -0.60278361  0.65804629]
 [ 6.24607515  1.46737061 -4.58416369]
 [-6.1686568   3.08413623  3.50201665]]
Biases:
[[-5.25042068]
 [ 4.74222248]
 [-3.60886374]
 [-3.08768335]]

After Traning:
Weight:
[[  5.54024713  11.28652927   7.91648311]
 [-15.53382147   4.70211639 -12.62875371]
 [ -4.35262485 -13.52702939   6.64923631]
 [ 16.0300432   -5.54196377 -14.98168335]]
Biases:
[[-41.25042068]
 [-52.25777752]
 [-45.60886374]
 [-84.08768335]]

End Epoch: 20
Speed: 0.20888042449951172
1[W] 2[O] 3[O] 4[B] 5[P] 6[Error] 7[P] 8[W] 9[W] 10[P] 
11[W] 12[B] 13[W] 14[W] 15[O] 16[B] 17[B] 18[B] 19[B] 20[O] 
21[P] 22[P] 23[O] 24[O] 25[W] 26[P] 27[P] 28[B] 29[W] 30[O] 
31[Error] 32[P] 33[W] 34[O] 35[B] 36[P] 37[O] 38[W] 39[P] 40[B] 

Error Number : 2
End Test: 90
--------------------------------------------------
Test 91:

Initial:
Weight:
[[ 0.95168243  3.55749972  5.23049919]
 [-8.21336505  5.92440467 -6.86828543]
 [ 7.91321752  9.84314749 -8.15661156]
 [-7.43887973  2.92794845  7.59914249]]
Biases:
[[ 4.56233553]
 [-3.50954883]
 [-8.6889316 ]
 [ 1.72235515]]

After Traning:
Weight:
[[  3.93218243  15.09999972  10.96779919]
 [-15.23666505   3.22690467 -12.92658543]
 [ -3.53468248 -14.18385251   8.84728844]
 [ 16.39942027  -6.06115155 -12.39005751]]
Biases:
[[-54.43766447]
 [-49.50954883]
 [-51.6889316 ]
 [-81.27764485]]

End Epoch: 21
Speed: 0.21837949752807617
1[W] 2[O] 3[O] 4[B] 5[P] 6[Error] 7[P] 8[W] 9[W] 10[P] 
11[Error] 12[B] 13[W] 14[W] 15[O] 16[B] 17[B] 18[B] 19[B] 20[O] 
21[P] 22[P] 23[O] 24[O] 25[W] 26[P] 27[P] 28[B] 29[W] 30[O] 
31[B] 32[P] 33[W] 34[O] 35[B] 36[P] 37[O] 38[W] 39[Error] 40[B] 

Error Number : 3
End Test: 91
--------------------------------------------------
Test 92:

Initial:
Weight:
[[ 0.23423469  5.53635409  8.82281287]
 [-5.80941765 -8.81943891  7.90163677]
 [-7.35906453  6.02633167  7.28945212]
 [ 1.60909768  4.29517848  1.54100472]]
Biases:
[[-7.82795392]
 [-9.14736404]
 [ 4.8426224 ]
 [-8.68131478]]

After Traning:
Weight:
[[  4.73963469  11.81045409   7.71411287]
 [-15.19501765   4.57476109 -12.42676323]
 [ -4.32656453 -13.04456833   0.52965212]
 [ 14.29499768  -4.99262152 -10.95239528]]
Biases:
[[-40.82795392]
 [-47.14736404]
 [-49.1573776 ]
 [-68.68131478]]

End Epoch: 9
Speed: 0.08796906471252441
1[W] 2[O] 3[O] 4[B] 5[P] 6[Error] 7[P] 8[W] 9[W] 10[P] 
11[W] 12[B] 13[W] 14[W] 15[O] 16[B] 17[B] 18[B] 19[B] 20[Error] 
21[P] 22[P] 23[O] 24[O] 25[W] 26[P] 27[P] 28[B] 29[W] 30[Error] 
31[B] 32[Error] 33[W] 34[Error] 35[B] 36[P] 37[O] 38[W] 39[Error] 40[B] 

Error Number : 6
End Test: 92
--------------------------------------------------
Test 93:

Initial:
Weight:
[[ 9.08709703 -2.07321743  5.75511707]
 [-1.19662031  2.37468035 -6.91954676]
 [-2.09678378 -6.7767082   9.14168574]
 [-4.42332199 -5.83164389 -5.04229678]]
Biases:
[[ 3.5308354 ]
 [ 2.08585018]
 [ 1.03893621]
 [-3.19206889]]

After Traning:
Weight:
[[  4.60049703  13.10198257  10.19031707]
 [-13.46392031   4.60028035  -9.99154676]
 [ -5.21798378 -15.7434082    6.95128574]
 [ 10.03857801  -3.85404389  -9.36989678]]
Biases:
[[-50.4691646 ]
 [-49.91414982]
 [-47.96106379]
 [-56.19206889]]

End Epoch: 8
Speed: 0.07599687576293945
1[W] 2[O] 3[O] 4[B] 5[P] 6[Error] 7[P] 8[W] 9[W] 10[P] 
11[W] 12[B] 13[W] 14[W] 15[O] 16[B] 17[B] 18[B] 19[B] 20[O] 
21[P] 22[P] 23[O] 24[O] 25[W] 26[P] 27[P] 28[B] 29[W] 30[O] 
31[B] 32[P] 33[W] 34[O] 35[B] 36[P] 37[O] 38[W] 39[Error] 40[B] 

Error Number : 2
End Test: 93
--------------------------------------------------
Test 94:

Initial:
Weight:
[[-6.45029813  5.74857062  6.05745078]
 [ 2.2507608  -6.39945126 -0.83388994]
 [ 6.17785863  2.48965161 -8.07081473]
 [ 0.68343789  7.5410372  -1.56933482]]
Biases:
[[ 7.5191888 ]
 [-3.88271779]
 [ 5.22839551]
 [ 4.71781181]]

After Traning:
Weight:
[[  3.32310187  14.00377062   8.31625078]
 [-18.6269392    7.24674874 -14.45388994]
 [ -6.68734137 -14.71874839   7.71908527]
 [ 12.57963789  -5.2778628   -9.79193482]]
Biases:
[[-51.4808112 ]
 [-42.88271779]
 [-49.77160449]
 [-59.28218819]]

End Epoch: 5
Speed: 0.0439753532409668
1[W] 2[O] 3[O] 4[B] 5[P] 6[O] 7[P] 8[W] 9[W] 10[P] 
11[W] 12[B] 13[W] 14[W] 15[O] 16[B] 17[B] 18[B] 19[B] 20[O] 
21[P] 22[P] 23[O] 24[O] 25[W] 26[P] 27[P] 28[B] 29[W] 30[O] 
31[B] 32[P] 33[W] 34[O] 35[B] 36[P] 37[O] 38[W] 39[P] 40[B] 

Error Number : 0
End Test: 94
--------------------------------------------------
Test 95:

Initial:
Weight:
[[-3.18130584  6.89250672 -9.42761411]
 [ 3.55604721 -4.47373585 -1.50321324]
 [-8.63777463  9.30578169  0.7634838 ]
 [ 3.43580907 -0.0119358  -5.00549772]]
Biases:
[[ 0.7723452 ]
 [-0.71588893]
 [ 6.10816717]
 [-1.57012659]]

After Traning:
Weight:
[[  6.24009416  11.79900672   7.07688589]
 [-15.46885279   7.15986415 -12.32111324]
 [ -6.76457463 -12.29071831   7.7126838 ]
 [ 11.19250907  -4.6120358  -10.04899772]]
Biases:
[[-42.2276548 ]
 [-51.71588893]
 [-45.89183283]
 [-49.57012659]]

End Epoch: 6
Speed: 0.05495023727416992
1[W] 2[O] 3[O] 4[B] 5[P] 6[O] 7[P] 8[W] 9[W] 10[P] 
11[W] 12[B] 13[W] 14[W] 15[O] 16[B] 17[B] 18[B] 19[B] 20[O] 
21[P] 22[P] 23[O] 24[O] 25[W] 26[P] 27[P] 28[B] 29[W] 30[O] 
31[Error] 32[P] 33[W] 34[O] 35[B] 36[P] 37[O] 38[W] 39[P] 40[B] 

Error Number : 1
End Test: 95
--------------------------------------------------
Test 96:

Initial:
Weight:
[[ 5.59774133  1.00118545 -3.97756314]
 [ 2.91870312 -4.09308117 -2.9149806 ]
 [ 1.37152705  9.67416676  7.79025312]
 [ 0.81674511  6.60620076  0.2941746 ]]
Biases:
[[ 9.76782615]
 [-2.48479882]
 [-4.06142157]
 [-4.07672758]]

After Traning:
Weight:
[[  4.28834133  13.02648545  10.28733686]
 [-14.59469688   4.86711883 -10.8556806 ]
 [ -5.88347295 -11.59423324   9.00455312]
 [ 15.68504511  -5.98969924 -12.3395254 ]]
Biases:
[[-46.23217385]
 [-51.48479882]
 [-45.06142157]
 [-72.07672758]]

End Epoch: 11
Speed: 0.10895586013793945
1[W] 2[O] 3[O] 4[B] 5[P] 6[O] 7[P] 8[W] 9[W] 10[P] 
11[Error] 12[B] 13[W] 14[W] 15[O] 16[B] 17[B] 18[B] 19[B] 20[O] 
21[P] 22[P] 23[O] 24[O] 25[W] 26[P] 27[P] 28[B] 29[W] 30[O] 
31[B] 32[P] 33[W] 34[O] 35[B] 36[P] 37[O] 38[W] 39[Error] 40[B] 

Error Number : 2
End Test: 96
--------------------------------------------------
Test 97:

Initial:
Weight:
[[-5.92646065 -7.61690592  2.77870148]
 [-3.57522338  4.28218876  1.00695552]
 [-8.14143255 -6.85312335 -6.89687155]
 [-4.93012361  9.99010194  4.85512519]]
Biases:
[[-9.79712135]
 [ 9.1140468 ]
 [ 6.00022553]
 [ 4.57002712]]

After Traning:
Weight:
[[  5.40863935  13.42699408  10.89680148]
 [-19.32942338   7.51288876 -15.83124448]
 [ -6.86793255 -13.03672335   8.59152845]
 [ 17.11687639  -5.35819806 -13.28417481]]
Biases:
[[-50.79712135]
 [-50.8859532 ]
 [-43.99977447]
 [-87.42997288]]

End Epoch: 25
Speed: 0.26085376739501953
1[W] 2[O] 3[O] 4[B] 5[P] 6[O] 7[P] 8[W] 9[W] 10[P] 
11[Error] 12[B] 13[W] 14[W] 15[O] 16[B] 17[B] 18[B] 19[B] 20[O] 
21[P] 22[P] 23[O] 24[O] 25[W] 26[P] 27[P] 28[B] 29[W] 30[O] 
31[B] 32[P] 33[W] 34[O] 35[B] 36[P] 37[O] 38[W] 39[Error] 40[B] 

Error Number : 2
End Test: 97
--------------------------------------------------
Test 98:

Initial:
Weight:
[[-0.92840334 -3.68092884  7.10521101]
 [ 9.42573704 -5.22151637 -2.13875645]
 [ 1.82599369  3.08509671  4.88231728]
 [-2.63891178  3.19071665  7.16021072]]
Biases:
[[ 8.30751525]
 [-7.87657654]
 [ 1.11097698]
 [ 4.63452036]]

After Traning:
Weight:
[[  4.30419666  11.95877116   8.08341101]
 [-13.06546296   4.24218363 -11.68275645]
 [ -6.14330631 -14.80850329   3.93901728]
 [ 12.68118822  -3.45308335 -11.09718928]]
Biases:
[[-40.69248475]
 [-46.87657654]
 [-45.88902302]
 [-60.36547964]]

End Epoch: 6
Speed: 0.054971933364868164
1[W] 2[O] 3[O] 4[B] 5[P] 6[Error] 7[P] 8[W] 9[W] 10[P] 
11[W] 12[B] 13[W] 14[W] 15[O] 16[B] 17[B] 18[B] 19[B] 20[O] 
21[P] 22[P] 23[O] 24[O] 25[W] 26[P] 27[P] 28[B] 29[W] 30[Error] 
31[Error] 32[P] 33[W] 34[O] 35[B] 36[P] 37[O] 38[W] 39[P] 40[B] 

Error Number : 3
End Test: 98
--------------------------------------------------
Test 99:

Initial:
Weight:
[[-2.93146314 -4.92938039 -0.11776815]
 [ 3.31670395  2.63744175 -2.27147184]
 [-4.72855656 -3.45648198 -3.46615017]
 [-0.51534347  2.96789791  4.35317429]]
Biases:
[[-3.66112854]
 [ 7.05066539]
 [ 8.70157968]
 [ 7.58133665]]

After Traning:
Weight:
[[  5.21303686  12.52301961  10.18233185]
 [-20.40419605   8.48844175 -16.14667184]
 [ -6.53865656 -11.72058198   6.62944983]
 [ 16.09335653  -5.72780209 -11.33692571]]
Biases:
[[-41.66112854]
 [-44.94933461]
 [-48.29842032]
 [-74.41866335]]

End Epoch: 12
Speed: 0.11995267868041992
1[W] 2[O] 3[O] 4[B] 5[P] 6[O] 7[P] 8[W] 9[W] 10[P] 
11[W] 12[B] 13[W] 14[W] 15[O] 16[B] 17[B] 18[B] 19[B] 20[O] 
21[P] 22[P] 23[O] 24[O] 25[W] 26[P] 27[P] 28[B] 29[W] 30[O] 
31[B] 32[P] 33[W] 34[O] 35[B] 36[P] 37[O] 38[W] 39[Error] 40[B] 

Error Number : 1
End Test: 99
--------------------------------------------------
Test 100:

Initial:
Weight:
[[-9.80831346  7.87848907  3.88125474]
 [ 4.40702961 -4.55029443  6.70068592]
 [-6.92149937 -6.9330376   2.11926254]
 [-9.08172153 -1.02751513 -8.82594048]]
Biases:
[[ 2.38932441]
 [-0.72558664]
 [-0.34258197]
 [-1.07090649]]

After Traning:
Weight:
[[  3.69648654  13.44988907   8.00065474]
 [-12.73637039   5.03990557 -10.73081408]
 [ -6.09449937 -13.2474376    5.41236254]
 [ 15.14657847  -6.06961513  -9.44784048]]
Biases:
[[-48.61067559]
 [-53.72558664]
 [-51.34258197]
 [-76.07090649]]

End Epoch: 13
Speed: 0.1324315071105957
1[W] 2[O] 3[O] 4[B] 5[P] 6[O] 7[P] 8[W] 9[W] 10[P] 
11[W] 12[B] 13[W] 14[W] 15[O] 16[B] 17[B] 18[B] 19[Error] 20[O] 
21[P] 22[P] 23[O] 24[O] 25[W] 26[P] 27[P] 28[B] 29[W] 30[O] 
31[B] 32[P] 33[W] 34[O] 35[B] 36[P] 37[O] 38[W] 39[P] 40[B] 

Error Number : 1
End Test: 100
--------------------------------------------------
Total Error: 235
Avg Error: 2.35
Total Time: 11.991913318634033 sec
Avg Time: 0.11991913318634033 sec
