Test 1:

Initial:
Weight:
[[ 2.43288044  5.42761617]
 [ 6.39164226 -9.4640141 ]
 [-6.75064611  6.40588383]
 [ 5.54009347 -5.06347672]]
Biases:
[[-6.47871144]
 [-1.48372174]
 [ 5.98676362]
 [ 4.7660125 ]]

After Traning:
Weight:
[[ 3.43288044  4.42761617]
 [ 7.39164226 -8.4640141 ]
 [-5.75064611  3.40588383]
 [-1.45990653 -4.06347672]]
Biases:
[[-7.47871144]
 [-2.48372174]
 [-5.01323638]
 [-1.2339875 ]]
Learning Rate: 1

End Epoch: 6
Speed: 0.0

1[Error] 2[Error] 3[P] 4[Error] 
Error Number : 3
End Test: 1
--------------------------------------------------
Total Error: 3
Avg Error: 3.0
Total Time: 0.0 sec
Avg Time: 0.0 sec
