Test 1:

Initial:
Weight:
[[ 6.66601981  9.574415  ]
 [ 7.4917609   6.80874443]
 [ 3.67463951 -1.24455751]
 [-4.9565472  -7.4025984 ]]
Biases:
[[ 5.08498912]
 [ 7.07190009]
 [-5.07062501]
 [ 2.86555161]]

After Traning:
Weight:
[[  2.82021981  10.200915  ]
 [ -9.8010391    2.38124443]
 [ -2.29406049 -13.07975751]
 [  6.2927528   -0.5450984 ]]
Biases:
[[-62.91501088]
 [-50.92809991]
 [-70.07062501]
 [-60.13444839]]
Learning Rate: 1

End Epoch: 3
Speed: 0.02877521514892578

1[Error] 2[P] 3[B] 4[B] 5[P] 6[W] 7[O] 8[P] 9[O] 10[O] 
11[W] 12[B] 13[B] 14[Error] 15[P] 16[P] 17[B] 18[W] 19[B] 20[O] 
21[B] 22[P] 23[B] 24[W] 25[O] 26[O] 27[O] 28[B] 29[O] 30[W] 
31[W] 32[W] 33[O] 34[B] 35[Error] 36[Error] 37[Error] 38[P] 39[W] 40[P] 

Error Number : 5
End Test: 1
--------------------------------------------------
Total Error: 5
Avg Error: 5.0
Total Time: 0.02877521514892578 sec
Avg Time: 0.02877521514892578 sec
