Test 1:

Initial:
Weight:
[[-3.02148571  3.01361992  3.00252895]
 [ 5.48220924 -8.05437901  7.7266718 ]]
Biases:
[[5.53087528]
 [0.75955196]]

After Traning:
Weight:
[[  3.89721429 -17.88518008   0.26292895]
 [ -3.14299076   0.76362099 -33.4029282 ]]
Biases:
[[ 5.53087528]
 [-4.24044804]]

End Epoch: 4
Speed: 0.029984235763549805
1[W] 2[O] 3[O] 4[B] 5[P] 6[O] 7[P] 8[W] 9[W] 10[P] 
11[W] 12[B] 13[W] 14[W] 15[O] 16[B] 17[B] 18[B] 19[B] 20[O] 
21[P] 22[P] 23[O] 24[O] 25[W] 26[P] 27[P] 28[B] 29[W] 30[O] 
31[B] 32[P] 33[W] 34[O] 35[B] 36[P] 37[O] 38[W] 39[P] 40[B] 

Error Number : 0
End Test: 1
--------------------------------------------------
Test 2:

Initial:
Weight:
[[-5.66555902 -9.3907289   0.95477028]
 [-1.27649452  8.80197678  9.05151227]]
Biases:
[[ 0.1813009 ]
 [-4.46837617]]

After Traning:
Weight:
[[  5.10314098 -27.4461289    1.75297028]
 [ -1.15919452  -0.67432322 -14.38398773]]
Biases:
[[-3.8186991 ]
 [-3.46837617]]

End Epoch: 3
Speed: 0.0159909725189209
1[W] 2[O] 3[O] 4[B] 5[P] 6[O] 7[P] 8[W] 9[W] 10[P] 
11[W] 12[B] 13[W] 14[W] 15[O] 16[B] 17[B] 18[B] 19[B] 20[O] 
21[P] 22[P] 23[O] 24[O] 25[W] 26[P] 27[P] 28[B] 29[W] 30[O] 
31[B] 32[P] 33[W] 34[O] 35[B] 36[P] 37[O] 38[W] 39[P] 40[B] 

Error Number : 0
End Test: 2
--------------------------------------------------
Test 3:

Initial:
Weight:
[[ 6.20026838  6.79404331 -7.69324351]
 [-4.71974378 -5.0782859  -3.08380299]]
Biases:
[[2.03119353]
 [1.41567188]]

After Traning:
Weight:
[[  6.20266838 -17.78115669  -2.38104351]
 [  0.18945622   0.3350141  -15.67870299]]
Biases:
[[-3.96880647]
 [ 3.41567188]]

End Epoch: 3
Speed: 0.01699042320251465
1[W] 2[O] 3[O] 4[B] 5[P] 6[O] 7[P] 8[W] 9[W] 10[P] 
11[W] 12[B] 13[W] 14[W] 15[O] 16[B] 17[B] 18[B] 19[B] 20[O] 
21[P] 22[P] 23[O] 24[O] 25[W] 26[P] 27[P] 28[B] 29[W] 30[O] 
31[B] 32[P] 33[W] 34[O] 35[B] 36[P] 37[O] 38[W] 39[P] 40[B] 

Error Number : 0
End Test: 3
--------------------------------------------------
Test 4:

Initial:
Weight:
[[-4.99817196  1.84141616  0.40717466]
 [-6.3690905   6.46531164 -8.42049026]]
Biases:
[[-0.71152919]
 [-6.73090868]]

After Traning:
Weight:
[[  1.82962804 -11.67458384   1.07627466]
 [  0.7296095    0.53591164 -15.70559026]]
Biases:
[[ 2.28847081]
 [-2.73090868]]

End Epoch: 3
Speed: 0.016989707946777344
1[W] 2[O] 3[O] 4[B] 5[P] 6[O] 7[P] 8[W] 9[W] 10[P] 
11[W] 12[B] 13[W] 14[W] 15[O] 16[B] 17[B] 18[B] 19[B] 20[O] 
21[P] 22[P] 23[O] 24[O] 25[W] 26[P] 27[P] 28[B] 29[W] 30[O] 
31[B] 32[P] 33[W] 34[O] 35[B] 36[P] 37[O] 38[W] 39[P] 40[B] 

Error Number : 0
End Test: 4
--------------------------------------------------
Test 5:

Initial:
Weight:
[[ 8.29933179  9.38329014 -6.14356322]
 [ 6.06056683 -7.20583724  9.28884083]]
Biases:
[[-8.38080304]
 [-4.49348153]]

After Traning:
Weight:
[[  7.67513179 -18.41790986  -0.29746322]
 [  2.49016683   1.92416276 -26.90415917]]
Biases:
[[-7.38080304]
 [-3.49348153]]

End Epoch: 3
Speed: 0.017989397048950195
1[W] 2[O] 3[O] 4[B] 5[P] 6[O] 7[P] 8[W] 9[P] 10[P] 
11[W] 12[B] 13[W] 14[W] 15[O] 16[B] 17[B] 18[B] 19[B] 20[O] 
21[P] 22[P] 23[O] 24[O] 25[W] 26[P] 27[P] 28[B] 29[W] 30[O] 
31[B] 32[P] 33[W] 34[O] 35[B] 36[P] 37[O] 38[W] 39[P] 40[B] 

Error Number : 0
End Test: 5
--------------------------------------------------
Test 6:

Initial:
Weight:
[[ 3.56193586 -6.83907988 -0.93590583]
 [ 6.05642784 -2.2316818  -3.58755758]]
Biases:
[[-7.43554342]
 [-3.10935179]]

After Traning:
Weight:
[[  5.85253586 -16.60167988   1.51029417]
 [ -1.44587216   1.0649182  -17.67885758]]
Biases:
[[-7.43554342]
 [-0.10935179]]

End Epoch: 4
Speed: 0.02498602867126465
1[P] 2[O] 3[O] 4[B] 5[P] 6[O] 7[P] 8[W] 9[P] 10[P] 
11[W] 12[B] 13[W] 14[W] 15[O] 16[B] 17[B] 18[B] 19[B] 20[O] 
21[P] 22[P] 23[O] 24[O] 25[W] 26[P] 27[P] 28[B] 29[W] 30[O] 
31[B] 32[P] 33[W] 34[O] 35[B] 36[P] 37[O] 38[W] 39[P] 40[B] 

Error Number : 0
End Test: 6
--------------------------------------------------
Test 7:

Initial:
Weight:
[[-2.72801638  0.98637859  1.78125934]
 [-4.06901563 -7.57041165 -6.56075215]]
Biases:
[[-4.29416814]
 [ 3.68216411]]

After Traning:
Weight:
[[  9.75668362 -23.33752141  -4.56964066]
 [  2.32208437  -1.45581165 -22.18695215]]
Biases:
[[-1.29416814]
 [ 3.68216411]]

End Epoch: 3
Speed: 0.0159912109375
1[W] 2[O] 3[O] 4[B] 5[P] 6[O] 7[P] 8[W] 9[W] 10[P] 
11[W] 12[B] 13[W] 14[W] 15[O] 16[B] 17[B] 18[B] 19[B] 20[O] 
21[P] 22[P] 23[O] 24[O] 25[W] 26[P] 27[P] 28[B] 29[W] 30[O] 
31[B] 32[P] 33[W] 34[O] 35[B] 36[P] 37[O] 38[W] 39[W] 40[B] 

Error Number : 0
End Test: 7
--------------------------------------------------
Test 8:

Initial:
Weight:
[[-6.26608731  0.79636852 -6.13471534]
 [-4.83046941 -3.35916795 -9.199268  ]]
Biases:
[[0.6883628 ]
 [1.30216843]]

After Traning:
Weight:
[[  7.03251269 -26.70823148   2.31938466]
 [ -1.90736941  -2.19236795 -22.246368  ]]
Biases:
[[-3.3116372 ]
 [ 0.30216843]]

End Epoch: 4
Speed: 0.024985074996948242
1[P] 2[O] 3[O] 4[B] 5[P] 6[O] 7[P] 8[W] 9[W] 10[P] 
11[W] 12[B] 13[W] 14[W] 15[O] 16[B] 17[B] 18[B] 19[B] 20[O] 
21[P] 22[P] 23[O] 24[O] 25[W] 26[P] 27[P] 28[B] 29[W] 30[O] 
31[B] 32[P] 33[W] 34[O] 35[B] 36[P] 37[O] 38[W] 39[P] 40[B] 

Error Number : 0
End Test: 8
--------------------------------------------------
Test 9:

Initial:
Weight:
[[ 3.6124681  -1.63647554  3.96382505]
 [-6.0253693   2.21072723 -0.85750325]]
Biases:
[[ 9.62590828]
 [-7.97095496]]

After Traning:
Weight:
[[  6.5264681  -27.84087554   2.83522505]
 [ -0.4170693    1.69642723 -17.23180325]]
Biases:
[[-3.37409172]
 [-4.97095496]]

End Epoch: 4
Speed: 0.025985240936279297
1[W] 2[O] 3[O] 4[B] 5[P] 6[O] 7[P] 8[W] 9[W] 10[P] 
11[W] 12[B] 13[W] 14[W] 15[O] 16[B] 17[B] 18[B] 19[B] 20[O] 
21[P] 22[P] 23[O] 24[O] 25[W] 26[P] 27[P] 28[B] 29[W] 30[O] 
31[B] 32[P] 33[W] 34[O] 35[B] 36[P] 37[O] 38[W] 39[P] 40[B] 

Error Number : 0
End Test: 9
--------------------------------------------------
Test 10:

Initial:
Weight:
[[-6.22172236 -5.796804    5.49343501]
 [-9.54042412  5.18999437 -4.48305519]]
Biases:
[[ 8.95086039]
 [-1.06390532]]

After Traning:
Weight:
[[  5.98847764 -25.225004     3.14563501]
 [  0.65107588  -1.48230563 -15.89055519]]
Biases:
[[0.95086039]
 [0.93609468]]

End Epoch: 3
Speed: 0.0159909725189209
1[P] 2[O] 3[O] 4[B] 5[P] 6[O] 7[P] 8[W] 9[W] 10[P] 
11[P] 12[B] 13[W] 14[W] 15[O] 16[B] 17[B] 18[B] 19[B] 20[O] 
21[P] 22[P] 23[O] 24[O] 25[W] 26[P] 27[P] 28[B] 29[W] 30[O] 
31[B] 32[P] 33[W] 34[O] 35[B] 36[P] 37[O] 38[W] 39[P] 40[B] 

Error Number : 0
End Test: 10
--------------------------------------------------
Test 11:

Initial:
Weight:
[[ 2.77012008  1.05011712 -5.22605146]
 [-7.97846898 -3.20709948 -5.82808569]]
Biases:
[[-7.22698481]
 [-9.28675664]]

After Traning:
Weight:
[[  3.33102008 -11.04578288   0.43914854]
 [  1.90723102   0.57330052 -28.93968569]]
Biases:
[[-6.22698481]
 [-5.28675664]]

End Epoch: 3
Speed: 0.0159909725189209
1[W] 2[O] 3[O] 4[B] 5[P] 6[O] 7[P] 8[W] 9[W] 10[P] 
11[W] 12[B] 13[W] 14[W] 15[O] 16[B] 17[B] 18[B] 19[B] 20[O] 
21[P] 22[P] 23[O] 24[O] 25[W] 26[P] 27[P] 28[B] 29[W] 30[O] 
31[B] 32[P] 33[W] 34[O] 35[B] 36[P] 37[O] 38[W] 39[P] 40[B] 

Error Number : 0
End Test: 11
--------------------------------------------------
Test 12:

Initial:
Weight:
[[-5.79954344  9.52467981  0.42765247]
 [ 0.71962949  8.72342481 -8.16110086]]
Biases:
[[-1.91349584]
 [-6.39431752]]

After Traning:
Weight:
[[  6.80405656 -25.14312019   1.09445247]
 [ -0.49087051   1.69112481 -20.08820086]]
Biases:
[[-2.91349584]
 [-1.39431752]]

End Epoch: 3
Speed: 0.01798844337463379
1[W] 2[O] 3[O] 4[B] 5[P] 6[O] 7[P] 8[W] 9[W] 10[P] 
11[W] 12[B] 13[W] 14[W] 15[O] 16[B] 17[B] 18[B] 19[B] 20[O] 
21[P] 22[P] 23[O] 24[O] 25[W] 26[P] 27[P] 28[B] 29[W] 30[O] 
31[B] 32[P] 33[W] 34[O] 35[B] 36[P] 37[O] 38[W] 39[P] 40[B] 

Error Number : 0
End Test: 12
--------------------------------------------------
Test 13:

Initial:
Weight:
[[-7.04760036  2.04904467 -2.97556696]
 [ 7.03223145  4.6865766  -7.64175619]]
Biases:
[[-2.42541276]
 [ 4.55291474]]

After Traning:
Weight:
[[  4.04719964 -23.88505533   2.45813304]
 [ -0.30116855  -4.3021234  -26.95335619]]
Biases:
[[-0.42541276]
 [-0.44708526]]

End Epoch: 4
Speed: 0.023985862731933594
1[W] 2[O] 3[O] 4[B] 5[P] 6[O] 7[P] 8[W] 9[W] 10[P] 
11[W] 12[B] 13[W] 14[W] 15[O] 16[B] 17[B] 18[B] 19[B] 20[O] 
21[P] 22[P] 23[O] 24[O] 25[W] 26[P] 27[P] 28[B] 29[W] 30[O] 
31[B] 32[P] 33[W] 34[O] 35[B] 36[P] 37[O] 38[W] 39[P] 40[B] 

Error Number : 0
End Test: 13
--------------------------------------------------
Test 14:

Initial:
Weight:
[[ 5.12783465 -0.32560258  8.78055845]
 [-8.7273408   7.22244121 -0.77912263]]
Biases:
[[-9.78551302]
 [-2.15263957]]

After Traning:
Weight:
[[  2.67463465 -22.81120258  -2.77714155]
 [  1.4641592    0.55014121 -12.18662263]]
Biases:
[[-13.78551302]
 [ -0.15263957]]

End Epoch: 3
Speed: 0.01598978042602539
1[W] 2[O] 3[O] 4[B] 5[P] 6[O] 7[P] 8[W] 9[W] 10[P] 
11[W] 12[B] 13[W] 14[W] 15[O] 16[B] 17[B] 18[B] 19[B] 20[O] 
21[P] 22[P] 23[O] 24[O] 25[W] 26[P] 27[P] 28[B] 29[W] 30[O] 
31[B] 32[P] 33[W] 34[O] 35[B] 36[P] 37[O] 38[W] 39[P] 40[B] 

Error Number : 0
End Test: 14
--------------------------------------------------
Test 15:

Initial:
Weight:
[[-0.39275634 -3.46022459 -7.2341912 ]
 [-0.71772642  6.43157863 -6.98551104]]
Biases:
[[ 5.92063123]
 [-6.3441076 ]]

After Traning:
Weight:
[[  1.71034366 -13.35112459  -0.5419912 ]
 [  2.53767358   1.63037863 -26.87151104]]
Biases:
[[ 4.92063123]
 [-3.3441076 ]]

End Epoch: 3
Speed: 0.017989635467529297
1[W] 2[O] 3[O] 4[B] 5[P] 6[O] 7[P] 8[W] 9[W] 10[P] 
11[W] 12[B] 13[W] 14[W] 15[O] 16[B] 17[B] 18[B] 19[B] 20[O] 
21[P] 22[P] 23[O] 24[O] 25[W] 26[P] 27[P] 28[B] 29[W] 30[O] 
31[B] 32[P] 33[W] 34[O] 35[B] 36[P] 37[O] 38[W] 39[P] 40[B] 

Error Number : 0
End Test: 15
--------------------------------------------------
Test 16:

Initial:
Weight:
[[-7.23942349 -0.63716596 -4.52349978]
 [ 0.64714222  5.25213169  3.38953758]]
Biases:
[[-1.50335621]
 [-3.68087182]]

After Traning:
Weight:
[[  6.70717651 -20.81126596  -2.59949978]
 [ -1.34235778   1.48093169 -25.67036242]]
Biases:
[[-4.50335621]
 [ 0.31912818]]

End Epoch: 3
Speed: 0.015990018844604492
1[W] 2[O] 3[O] 4[B] 5[P] 6[O] 7[P] 8[W] 9[W] 10[P] 
11[W] 12[B] 13[W] 14[W] 15[O] 16[B] 17[B] 18[B] 19[B] 20[O] 
21[P] 22[P] 23[O] 24[O] 25[W] 26[P] 27[P] 28[B] 29[W] 30[O] 
31[B] 32[P] 33[W] 34[O] 35[B] 36[P] 37[O] 38[W] 39[P] 40[B] 

Error Number : 0
End Test: 16
--------------------------------------------------
Test 17:

Initial:
Weight:
[[ 1.62974669 -3.33874533  3.71277165]
 [-9.75294609 -9.38211921 -6.41735495]]
Biases:
[[ 9.22518526]
 [-7.98101423]]

After Traning:
Weight:
[[  8.90634669 -26.15534533   1.90957165]
 [ -1.34884609  -1.46041921 -24.75515495]]
Biases:
[[-3.77481474]
 [-6.98101423]]

End Epoch: 4
Speed: 0.02598428726196289
1[P] 2[O] 3[O] 4[B] 5[P] 6[O] 7[P] 8[W] 9[P] 10[P] 
11[W] 12[B] 13[W] 14[W] 15[O] 16[B] 17[B] 18[B] 19[B] 20[O] 
21[P] 22[P] 23[O] 24[O] 25[W] 26[P] 27[P] 28[B] 29[W] 30[O] 
31[B] 32[P] 33[W] 34[O] 35[B] 36[P] 37[O] 38[W] 39[P] 40[B] 

Error Number : 0
End Test: 17
--------------------------------------------------
Test 18:

Initial:
Weight:
[[-6.12794639  0.83247072 -0.54820727]
 [ 5.31037087  5.30531156 -8.1529665 ]]
Biases:
[[-3.64744631]
 [ 3.54105214]]

After Traning:
Weight:
[[  0.69985361 -12.68352928   0.12089273]
 [ -1.23812913   1.67381156 -21.4621665 ]]
Biases:
[[-0.64744631]
 [-1.45894786]]

End Epoch: 3
Speed: 0.0159909725189209
1[W] 2[O] 3[O] 4[B] 5[P] 6[O] 7[P] 8[W] 9[W] 10[P] 
11[W] 12[B] 13[W] 14[W] 15[O] 16[B] 17[B] 18[B] 19[B] 20[O] 
21[P] 22[P] 23[O] 24[O] 25[W] 26[P] 27[P] 28[B] 29[W] 30[O] 
31[B] 32[P] 33[W] 34[O] 35[B] 36[P] 37[O] 38[W] 39[P] 40[B] 

Error Number : 0
End Test: 18
--------------------------------------------------
Test 19:

Initial:
Weight:
[[ 4.59018169  5.38950375 -3.16211679]
 [ 2.86352709 -8.73351123 -1.57380698]]
Biases:
[[-8.29333363]
 [-5.76351794]]

After Traning:
Weight:
[[  6.59248169 -25.60859625  -4.68821679]
 [  0.13502709   1.90088877 -19.53500698]]
Biases:
[[-9.29333363]
 [-0.76351794]]

End Epoch: 4
Speed: 0.025984525680541992
1[W] 2[O] 3[O] 4[B] 5[P] 6[O] 7[P] 8[W] 9[W] 10[P] 
11[W] 12[B] 13[W] 14[W] 15[O] 16[B] 17[B] 18[B] 19[B] 20[O] 
21[P] 22[P] 23[O] 24[O] 25[W] 26[P] 27[P] 28[B] 29[W] 30[O] 
31[B] 32[P] 33[W] 34[O] 35[B] 36[P] 37[O] 38[W] 39[W] 40[B] 

Error Number : 0
End Test: 19
--------------------------------------------------
Test 20:

Initial:
Weight:
[[ 0.66995313  7.12331034  1.29378345]
 [ 4.66593738  8.0119863  -0.46133468]]
Biases:
[[-4.8751428 ]
 [ 3.37568927]]

After Traning:
Weight:
[[  5.23325313 -24.05218966  -4.13011655]
 [ -1.01436262   1.2137863  -22.03273468]]
Biases:
[[-6.8751428 ]
 [ 1.37568927]]

End Epoch: 4
Speed: 0.025984525680541992
1[W] 2[O] 3[O] 4[B] 5[P] 6[O] 7[P] 8[W] 9[W] 10[P] 
11[W] 12[B] 13[W] 14[W] 15[O] 16[B] 17[B] 18[B] 19[B] 20[O] 
21[P] 22[P] 23[O] 24[O] 25[W] 26[P] 27[P] 28[B] 29[W] 30[O] 
31[O] 32[P] 33[W] 34[O] 35[B] 36[P] 37[O] 38[W] 39[W] 40[B] 

Error Number : 0
End Test: 20
--------------------------------------------------
Test 21:

Initial:
Weight:
[[ 4.44108386 -3.66803467 -6.71439968]
 [ 2.7689897   0.85602734  6.99302365]]
Biases:
[[-2.99441204]
 [ 7.22018358]]

After Traning:
Weight:
[[  7.71368386 -32.35163467   0.96360032]
 [ -2.0814103    0.84722734 -14.85457635]]
Biases:
[[-6.99441204]
 [ 8.22018358]]

End Epoch: 5
Speed: 0.03497958183288574
1[W] 2[O] 3[O] 4[B] 5[P] 6[O] 7[P] 8[W] 9[W] 10[P] 
11[W] 12[B] 13[W] 14[W] 15[O] 16[B] 17[B] 18[B] 19[B] 20[O] 
21[P] 22[P] 23[O] 24[O] 25[W] 26[P] 27[P] 28[B] 29[W] 30[O] 
31[B] 32[P] 33[W] 34[O] 35[B] 36[P] 37[O] 38[W] 39[P] 40[B] 

Error Number : 0
End Test: 21
--------------------------------------------------
Test 22:

Initial:
Weight:
[[-9.09539566  2.24543179  8.14067533]
 [-8.03125885 -9.25449303  5.66181344]]
Biases:
[[ 3.53010361]
 [-3.34456487]]

After Traning:
Weight:
[[  5.86250434 -23.00236821  -2.88632467]
 [ -0.59225885  -1.05029303 -16.04268656]]
Biases:
[[ 1.53010361]
 [-3.34456487]]

End Epoch: 3
Speed: 0.016989707946777344
1[W] 2[O] 3[O] 4[B] 5[P] 6[O] 7[P] 8[W] 9[W] 10[P] 
11[W] 12[B] 13[W] 14[W] 15[O] 16[B] 17[B] 18[B] 19[B] 20[O] 
21[P] 22[P] 23[O] 24[O] 25[W] 26[P] 27[P] 28[B] 29[W] 30[O] 
31[B] 32[P] 33[W] 34[O] 35[B] 36[P] 37[O] 38[W] 39[P] 40[B] 

Error Number : 0
End Test: 22
--------------------------------------------------
Test 23:

Initial:
Weight:
[[-6.78852138  7.13734133 -6.20584687]
 [ 6.05077739  9.41386659 -3.56437215]]
Biases:
[[-5.4632404]
 [-6.2220963]]

After Traning:
Weight:
[[  5.08207862 -12.31195867  -1.06614687]
 [ -1.53662261  -2.35123341 -31.70067215]]
Biases:
[[-3.4632404]
 [-0.2220963]]

End Epoch: 4
Speed: 0.024985551834106445
1[W] 2[O] 3[O] 4[B] 5[P] 6[O] 7[P] 8[W] 9[W] 10[P] 
11[W] 12[B] 13[W] 14[W] 15[O] 16[B] 17[B] 18[B] 19[B] 20[O] 
21[P] 22[P] 23[O] 24[O] 25[W] 26[P] 27[P] 28[B] 29[W] 30[O] 
31[B] 32[P] 33[W] 34[O] 35[B] 36[P] 37[O] 38[W] 39[P] 40[B] 

Error Number : 0
End Test: 23
--------------------------------------------------
Test 24:

Initial:
Weight:
[[ 8.53524698  6.95585044  5.36576335]
 [-1.2928944  -8.44674451 -8.20837661]]
Biases:
[[ 2.0571693 ]
 [-8.32518863]]

After Traning:
Weight:
[[  7.89934698 -17.99744956  -1.55603665]
 [ -0.2105944   -0.85824451 -20.76697661]]
Biases:
[[ 0.0571693 ]
 [-6.32518863]]

End Epoch: 3
Speed: 0.016989946365356445
1[W] 2[O] 3[O] 4[B] 5[P] 6[O] 7[P] 8[W] 9[P] 10[P] 
11[W] 12[B] 13[W] 14[W] 15[O] 16[B] 17[B] 18[B] 19[B] 20[O] 
21[P] 22[P] 23[O] 24[O] 25[W] 26[P] 27[P] 28[B] 29[W] 30[O] 
31[B] 32[P] 33[W] 34[O] 35[B] 36[P] 37[O] 38[W] 39[P] 40[B] 

Error Number : 0
End Test: 24
--------------------------------------------------
Test 25:

Initial:
Weight:
[[-9.74386873 -0.54122866 -5.31366426]
 [-1.03703495 -3.07671671 -2.30010659]]
Biases:
[[-1.49782731]
 [-1.70351762]]

After Traning:
Weight:
[[  9.31273127 -22.41512866  -3.45926426]
 [  0.95336505  -1.10421671 -19.87660659]]
Biases:
[[-4.49782731]
 [ 2.29648238]]

End Epoch: 3
Speed: 0.01698923110961914
1[W] 2[O] 3[O] 4[B] 5[P] 6[O] 7[P] 8[W] 9[W] 10[P] 
11[W] 12[B] 13[W] 14[W] 15[O] 16[B] 17[B] 18[B] 19[B] 20[O] 
21[P] 22[P] 23[O] 24[O] 25[W] 26[P] 27[P] 28[B] 29[W] 30[O] 
31[B] 32[P] 33[W] 34[O] 35[B] 36[P] 37[O] 38[W] 39[W] 40[B] 

Error Number : 0
End Test: 25
--------------------------------------------------
Test 26:

Initial:
Weight:
[[-7.61620543 -5.73311328  2.08206211]
 [ 7.75676221 -0.98254926 -7.61695845]]
Biases:
[[-2.61024259]
 [ 5.09866028]]

After Traning:
Weight:
[[  4.66589457 -26.07521328  -3.91143789]
 [ -2.90163779  -2.11834926 -26.39435845]]
Biases:
[[-6.61024259]
 [ 3.09866028]]

End Epoch: 3
Speed: 0.01598978042602539
1[W] 2[O] 3[O] 4[B] 5[P] 6[O] 7[P] 8[W] 9[W] 10[P] 
11[W] 12[B] 13[W] 14[W] 15[O] 16[B] 17[B] 18[B] 19[B] 20[O] 
21[P] 22[P] 23[O] 24[O] 25[W] 26[P] 27[P] 28[B] 29[W] 30[O] 
31[O] 32[P] 33[W] 34[O] 35[B] 36[P] 37[O] 38[W] 39[P] 40[B] 

Error Number : 0
End Test: 26
--------------------------------------------------
Test 27:

Initial:
Weight:
[[ 2.98115913 -8.77980787  7.14749624]
 [-0.71070299  9.94622049  7.14871185]]
Biases:
[[-4.88275672]
 [-9.02680654]]

After Traning:
Weight:
[[  2.17355913 -23.31020787  -2.80870376]
 [ -0.25530299  -0.58957951 -12.04428815]]
Biases:
[[-8.88275672]
 [-6.02680654]]

End Epoch: 3
Speed: 0.019988059997558594
1[W] 2[O] 3[O] 4[B] 5[P] 6[O] 7[P] 8[W] 9[W] 10[P] 
11[W] 12[B] 13[W] 14[W] 15[O] 16[B] 17[B] 18[B] 19[B] 20[O] 
21[P] 22[P] 23[O] 24[O] 25[W] 26[P] 27[P] 28[B] 29[W] 30[O] 
31[B] 32[P] 33[W] 34[O] 35[B] 36[P] 37[O] 38[W] 39[P] 40[B] 

Error Number : 0
End Test: 27
--------------------------------------------------
Test 28:

Initial:
Weight:
[[-3.51289636 -3.49450047  6.371444  ]
 [-5.52689977  7.76056    -2.63057175]]
Biases:
[[6.63495588]
 [7.94741841]]

After Traning:
Weight:
[[  4.35340364 -26.79510047  -2.045556  ]
 [ -0.20739977  -1.17734    -19.17907175]]
Biases:
[[-1.36504412]
 [ 6.94741841]]

End Epoch: 3
Speed: 0.0159909725189209
1[W] 2[O] 3[O] 4[B] 5[P] 6[O] 7[P] 8[W] 9[W] 10[P] 
11[W] 12[B] 13[W] 14[W] 15[O] 16[B] 17[B] 18[B] 19[B] 20[O] 
21[P] 22[P] 23[O] 24[O] 25[W] 26[P] 27[P] 28[B] 29[W] 30[O] 
31[B] 32[P] 33[W] 34[O] 35[B] 36[P] 37[O] 38[W] 39[P] 40[B] 

Error Number : 0
End Test: 28
--------------------------------------------------
Test 29:

Initial:
Weight:
[[ 2.47173595 -7.04347462 -7.35803588]
 [ 4.71049704  8.63593608  9.59748107]]
Biases:
[[-3.76957152]
 [-4.01569543]]

After Traning:
Weight:
[[  3.01863595 -12.38327462  -0.12563588]
 [  0.38709704   0.85863608 -20.39551893]]
Biases:
[[-2.76957152]
 [ 1.98430457]]

End Epoch: 3
Speed: 0.016989946365356445
1[W] 2[O] 3[O] 4[B] 5[P] 6[O] 7[P] 8[W] 9[W] 10[P] 
11[W] 12[B] 13[W] 14[W] 15[O] 16[B] 17[B] 18[B] 19[B] 20[O] 
21[P] 22[P] 23[O] 24[O] 25[W] 26[P] 27[P] 28[B] 29[W] 30[O] 
31[B] 32[P] 33[W] 34[O] 35[B] 36[P] 37[O] 38[W] 39[P] 40[B] 

Error Number : 0
End Test: 29
--------------------------------------------------
Test 30:

Initial:
Weight:
[[-9.29881392  2.84195401  1.12784074]
 [-6.18720873 -2.63890352  7.44715367]]
Biases:
[[3.97712799]
 [1.97739   ]]

After Traning:
Weight:
[[  8.73938608 -28.35034599   1.59274074]
 [ -0.70270873   1.15259648 -20.71424633]]
Biases:
[[-4.02287201]
 [-2.02261   ]]

End Epoch: 4
Speed: 0.024340152740478516
1[P] 2[O] 3[O] 4[B] 5[P] 6[O] 7[P] 8[W] 9[W] 10[P] 
11[W] 12[B] 13[W] 14[W] 15[O] 16[B] 17[B] 18[B] 19[B] 20[O] 
21[P] 22[P] 23[O] 24[O] 25[W] 26[P] 27[P] 28[B] 29[W] 30[O] 
31[B] 32[P] 33[W] 34[O] 35[B] 36[P] 37[O] 38[W] 39[P] 40[B] 

Error Number : 0
End Test: 30
--------------------------------------------------
Test 31:

Initial:
Weight:
[[ 0.09117215 -5.63751323  6.70317634]
 [ 3.8411855  -8.72718943  6.87901205]]
Biases:
[[-3.36011124]
 [ 1.1492635 ]]

After Traning:
Weight:
[[  5.69947215 -14.53361323  -1.94992366]
 [  0.8573855    0.30561057 -10.98658795]]
Biases:
[[-4.36011124]
 [ 1.1492635 ]]

End Epoch: 3
Speed: 0.015990495681762695
1[W] 2[O] 3[O] 4[B] 5[P] 6[O] 7[P] 8[W] 9[W] 10[P] 
11[W] 12[B] 13[W] 14[W] 15[O] 16[B] 17[B] 18[B] 19[B] 20[O] 
21[P] 22[P] 23[O] 24[O] 25[W] 26[P] 27[P] 28[B] 29[W] 30[O] 
31[B] 32[P] 33[W] 34[O] 35[B] 36[P] 37[O] 38[W] 39[W] 40[B] 

Error Number : 0
End Test: 31
--------------------------------------------------
Test 32:

Initial:
Weight:
[[ 8.02075572  8.56603913  8.4418515 ]
 [-2.06689423  2.36206245 -6.12373772]]
Biases:
[[ 2.62380464]
 [-5.40983855]]

After Traning:
Weight:
[[  5.54935572 -11.82446087  -2.3642485 ]
 [ -1.29849423  -0.26533755 -25.03783772]]
Biases:
[[3.62380464]
 [1.59016145]]

End Epoch: 4
Speed: 0.026983976364135742
1[W] 2[O] 3[O] 4[B] 5[P] 6[O] 7[P] 8[W] 9[P] 10[P] 
11[W] 12[B] 13[W] 14[W] 15[O] 16[B] 17[B] 18[B] 19[B] 20[O] 
21[P] 22[P] 23[O] 24[O] 25[W] 26[P] 27[P] 28[B] 29[W] 30[O] 
31[O] 32[P] 33[W] 34[O] 35[B] 36[P] 37[O] 38[W] 39[W] 40[B] 

Error Number : 0
End Test: 32
--------------------------------------------------
Test 33:

Initial:
Weight:
[[ 8.01261414 -4.84088587 -2.20899633]
 [ 5.37061752  1.30185605  2.56208705]]
Biases:
[[-5.98981313]
 [-7.89342684]]

After Traning:
Weight:
[[  3.71881414 -13.30278587   1.19930367]
 [ -0.19488248  -1.54784395 -16.00531295]]
Biases:
[[-5.98981313]
 [-3.89342684]]

End Epoch: 3
Speed: 0.014990568161010742
1[W] 2[O] 3[O] 4[B] 5[P] 6[O] 7[P] 8[W] 9[W] 10[P] 
11[W] 12[B] 13[W] 14[W] 15[O] 16[B] 17[B] 18[B] 19[B] 20[O] 
21[P] 22[P] 23[O] 24[O] 25[W] 26[P] 27[P] 28[B] 29[W] 30[O] 
31[B] 32[P] 33[W] 34[O] 35[B] 36[P] 37[O] 38[W] 39[P] 40[B] 

Error Number : 0
End Test: 33
--------------------------------------------------
Test 34:

Initial:
Weight:
[[ 2.90819716  1.84346979  8.67908192]
 [-6.53388064  1.38184655 -9.69639135]]
Biases:
[[-2.65524687]
 [-1.15545884]]

After Traning:
Weight:
[[  5.69689716 -23.50083021   2.51668192]
 [ -1.51238064  -0.56025345 -15.64179135]]
Biases:
[[-3.65524687]
 [-2.15545884]]

End Epoch: 3
Speed: 0.015990257263183594
1[W] 2[O] 3[O] 4[B] 5[P] 6[O] 7[P] 8[W] 9[W] 10[P] 
11[W] 12[B] 13[W] 14[W] 15[O] 16[B] 17[B] 18[B] 19[B] 20[O] 
21[P] 22[P] 23[O] 24[O] 25[W] 26[P] 27[P] 28[B] 29[W] 30[O] 
31[B] 32[P] 33[W] 34[O] 35[B] 36[P] 37[O] 38[W] 39[P] 40[B] 

Error Number : 0
End Test: 34
--------------------------------------------------
Test 35:

Initial:
Weight:
[[-8.15290052  3.52278945  5.86390452]
 [ 9.56412959 -7.19896112 -7.16241846]]
Biases:
[[ 1.99756928]
 [-2.45442452]]

After Traning:
Weight:
[[  5.16749948 -11.65311055  -2.26829548]
 [ -1.28757041  -3.04106112 -25.29151846]]
Biases:
[[-0.00243072]
 [-0.45442452]]

End Epoch: 3
Speed: 0.0159912109375
1[W] 2[O] 3[O] 4[B] 5[P] 6[O] 7[P] 8[W] 9[W] 10[P] 
11[W] 12[B] 13[W] 14[W] 15[O] 16[B] 17[B] 18[B] 19[B] 20[O] 
21[P] 22[P] 23[O] 24[O] 25[W] 26[P] 27[P] 28[B] 29[W] 30[O] 
31[B] 32[P] 33[W] 34[O] 35[B] 36[P] 37[O] 38[W] 39[W] 40[B] 

Error Number : 0
End Test: 35
--------------------------------------------------
Test 36:

Initial:
Weight:
[[-8.1517659  -7.21178504  4.6005668 ]
 [-3.9964752   8.69895726  0.15728533]]
Biases:
[[-5.48623165]
 [ 2.30745872]]

After Traning:
Weight:
[[  8.8615341  -18.17688504  -1.8764332 ]
 [  1.3543248   -1.09544274 -15.07431467]]
Biases:
[[-3.48623165]
 [ 3.30745872]]

End Epoch: 3
Speed: 0.01699042320251465
1[W] 2[O] 3[O] 4[B] 5[P] 6[O] 7[P] 8[W] 9[P] 10[P] 
11[W] 12[B] 13[W] 14[W] 15[O] 16[B] 17[B] 18[B] 19[B] 20[O] 
21[P] 22[P] 23[O] 24[O] 25[W] 26[P] 27[P] 28[B] 29[W] 30[O] 
31[B] 32[P] 33[W] 34[O] 35[B] 36[P] 37[O] 38[W] 39[P] 40[B] 

Error Number : 0
End Test: 36
--------------------------------------------------
Test 37:

Initial:
Weight:
[[ 7.31395412  9.8453436  -5.13558356]
 [ 0.09138745 -7.25541746  7.61903661]]
Biases:
[[-7.85626638]
 [ 4.04445625]]

After Traning:
Weight:
[[  5.05345412 -12.8077564   -1.76648356]
 [ -2.36101255   0.29498254 -16.12856339]]
Biases:
[[-8.85626638]
 [ 4.04445625]]

End Epoch: 3
Speed: 0.01699042320251465
1[W] 2[O] 3[O] 4[B] 5[P] 6[O] 7[P] 8[W] 9[W] 10[P] 
11[W] 12[B] 13[W] 14[W] 15[O] 16[B] 17[B] 18[B] 19[B] 20[O] 
21[P] 22[P] 23[O] 24[O] 25[W] 26[P] 27[P] 28[B] 29[W] 30[O] 
31[B] 32[P] 33[W] 34[O] 35[B] 36[P] 37[O] 38[W] 39[W] 40[B] 

Error Number : 0
End Test: 37
--------------------------------------------------
Test 38:

Initial:
Weight:
[[-0.27587452  9.01790226 -2.86542751]
 [ 4.46110426 -4.52070961 -7.58658994]]
Biases:
[[ 4.18538002]
 [-3.35410675]]

After Traning:
Weight:
[[  5.06122548 -30.30729774  -3.20282751]
 [ -0.58169574   1.41259039 -12.05718994]]
Biases:
[[-3.81461998]
 [-2.35410675]]

End Epoch: 4
Speed: 0.024985551834106445
1[W] 2[O] 3[O] 4[B] 5[P] 6[O] 7[P] 8[W] 9[W] 10[P] 
11[W] 12[B] 13[W] 14[W] 15[O] 16[B] 17[B] 18[B] 19[B] 20[O] 
21[P] 22[P] 23[O] 24[O] 25[W] 26[P] 27[P] 28[B] 29[W] 30[O] 
31[B] 32[P] 33[W] 34[O] 35[B] 36[P] 37[O] 38[W] 39[P] 40[B] 

Error Number : 0
End Test: 38
--------------------------------------------------
Test 39:

Initial:
Weight:
[[-6.4220009  -3.91683037  9.92333741]
 [-7.0571391   7.67485609  1.12942038]]
Biases:
[[0.52680787]
 [0.32814102]]

After Traning:
Weight:
[[  6.4058991  -25.95213037   1.73293741]
 [ -1.7610391    0.26115609 -14.23947962]]
Biases:
[[-3.47319213]
 [ 4.32814102]]

End Epoch: 3
Speed: 0.015990018844604492
1[W] 2[O] 3[O] 4[B] 5[P] 6[O] 7[P] 8[W] 9[W] 10[P] 
11[W] 12[B] 13[W] 14[W] 15[O] 16[B] 17[B] 18[B] 19[B] 20[O] 
21[P] 22[P] 23[O] 24[O] 25[W] 26[P] 27[P] 28[B] 29[W] 30[O] 
31[B] 32[P] 33[W] 34[O] 35[B] 36[P] 37[O] 38[W] 39[P] 40[B] 

Error Number : 0
End Test: 39
--------------------------------------------------
Test 40:

Initial:
Weight:
[[ 8.18753031  6.03564854 -9.27889062]
 [ 1.01211038 -0.69724501 -1.15129699]]
Biases:
[[-2.64010355]
 [ 3.64016704]]

After Traning:
Weight:
[[  7.88943031 -22.17345146   1.89560938]
 [ -0.61318962  -1.88274501 -19.55819699]]
Biases:
[[-7.64010355]
 [-0.35983296]]

End Epoch: 3
Speed: 0.015990495681762695
1[P] 2[O] 3[O] 4[B] 5[P] 6[O] 7[P] 8[W] 9[P] 10[P] 
11[W] 12[B] 13[W] 14[W] 15[O] 16[B] 17[B] 18[B] 19[B] 20[O] 
21[P] 22[P] 23[O] 24[O] 25[W] 26[P] 27[P] 28[B] 29[W] 30[O] 
31[B] 32[P] 33[W] 34[O] 35[B] 36[P] 37[O] 38[W] 39[P] 40[B] 

Error Number : 0
End Test: 40
--------------------------------------------------
Test 41:

Initial:
Weight:
[[ 6.68707523  6.39039582  6.05345195]
 [-2.67575668 -6.77807958  6.70492354]]
Biases:
[[-5.66151283]
 [ 1.52314898]]

After Traning:
Weight:
[[  6.32737523 -12.81850418  -0.46654805]
 [ -0.69445668   0.61782042 -21.82037646]]
Biases:
[[-4.66151283]
 [ 5.52314898]]

End Epoch: 3
Speed: 0.015991687774658203
1[P] 2[O] 3[O] 4[B] 5[P] 6[O] 7[P] 8[W] 9[P] 10[P] 
11[W] 12[B] 13[W] 14[W] 15[O] 16[B] 17[B] 18[B] 19[B] 20[O] 
21[P] 22[P] 23[O] 24[O] 25[W] 26[P] 27[P] 28[B] 29[W] 30[O] 
31[B] 32[P] 33[W] 34[O] 35[B] 36[P] 37[O] 38[W] 39[P] 40[B] 

Error Number : 0
End Test: 41
--------------------------------------------------
Test 42:

Initial:
Weight:
[[-1.00490583  4.96915872  4.2391292 ]
 [ 9.98578421 -4.79534043 -8.3937044 ]]
Biases:
[[ 1.63753482]
 [-1.98804617]]

After Traning:
Weight:
[[  0.98219417 -11.66894128   1.0841292 ]
 [ -1.07041579   1.36385957 -20.2234044 ]]
Biases:
[[3.63753482]
 [2.01195383]]

End Epoch: 4
Speed: 0.026984214782714844
1[W] 2[O] 3[O] 4[B] 5[P] 6[O] 7[P] 8[W] 9[W] 10[P] 
11[W] 12[B] 13[W] 14[W] 15[O] 16[B] 17[B] 18[B] 19[B] 20[O] 
21[P] 22[P] 23[O] 24[O] 25[W] 26[P] 27[P] 28[B] 29[W] 30[O] 
31[B] 32[P] 33[W] 34[O] 35[B] 36[P] 37[O] 38[W] 39[P] 40[B] 

Error Number : 0
End Test: 42
--------------------------------------------------
Test 43:

Initial:
Weight:
[[-5.28615396  3.59927042  9.24553235]
 [ 5.59827603  8.96612887 -9.65242607]]
Biases:
[[-2.27500475]
 [ 9.12151645]]

After Traning:
Weight:
[[  1.08564604 -11.95972958  -0.72646765]
 [  1.58327603  -0.48267113 -16.07792607]]
Biases:
[[-3.27500475]
 [ 8.12151645]]

End Epoch: 3
Speed: 0.01598978042602539
1[W] 2[O] 3[O] 4[B] 5[P] 6[O] 7[P] 8[W] 9[W] 10[P] 
11[W] 12[B] 13[W] 14[W] 15[O] 16[B] 17[B] 18[B] 19[B] 20[O] 
21[P] 22[P] 23[O] 24[O] 25[W] 26[P] 27[P] 28[B] 29[W] 30[O] 
31[B] 32[P] 33[W] 34[O] 35[B] 36[P] 37[O] 38[W] 39[P] 40[B] 

Error Number : 0
End Test: 43
--------------------------------------------------
Test 44:

Initial:
Weight:
[[-3.82744904  9.52640119 -8.11892956]
 [-8.62575326 -5.26417212 -5.48466522]]
Biases:
[[ 2.72270839]
 [-7.74186948]]

After Traning:
Weight:
[[  3.68435096 -14.26529881  -0.51032956]
 [  2.25324674   1.36752788 -25.63546522]]
Biases:
[[ 0.72270839]
 [-1.74186948]]

End Epoch: 3
Speed: 0.0159909725189209
1[W] 2[O] 3[O] 4[B] 5[P] 6[O] 7[P] 8[W] 9[W] 10[P] 
11[W] 12[B] 13[W] 14[W] 15[O] 16[B] 17[B] 18[B] 19[B] 20[O] 
21[P] 22[P] 23[O] 24[O] 25[W] 26[P] 27[P] 28[B] 29[W] 30[O] 
31[B] 32[P] 33[W] 34[O] 35[B] 36[P] 37[O] 38[W] 39[P] 40[B] 

Error Number : 0
End Test: 44
--------------------------------------------------
Test 45:

Initial:
Weight:
[[ 6.63249954  6.53355804  3.55106704]
 [ 7.55357879 -1.96305926 -8.59789556]]
Biases:
[[-2.59518477]
 [ 4.75857854]]

After Traning:
Weight:
[[  3.65659954 -13.38664196  -0.92863296]
 [  1.94057879   0.49274074 -22.57799556]]
Biases:
[[-1.59518477]
 [ 3.75857854]]

End Epoch: 3
Speed: 0.01798868179321289
1[W] 2[O] 3[O] 4[B] 5[P] 6[O] 7[P] 8[W] 9[W] 10[P] 
11[W] 12[B] 13[W] 14[W] 15[O] 16[B] 17[B] 18[B] 19[B] 20[O] 
21[P] 22[P] 23[O] 24[O] 25[W] 26[P] 27[P] 28[B] 29[W] 30[O] 
31[B] 32[P] 33[W] 34[O] 35[B] 36[P] 37[O] 38[W] 39[P] 40[B] 

Error Number : 0
End Test: 45
--------------------------------------------------
Test 46:

Initial:
Weight:
[[-0.73869524 -2.8485043  -2.04921309]
 [-2.03307919 -6.60748379  6.60176475]]
Biases:
[[-9.79506001]
 [-4.43839   ]]

After Traning:
Weight:
[[  7.86460476 -20.7232043    1.26648691]
 [ -1.74987919   1.44671621 -22.08493525]]
Biases:
[[-10.79506001]
 [ -2.43839   ]]

End Epoch: 3
Speed: 0.01699066162109375
1[P] 2[O] 3[O] 4[B] 5[P] 6[O] 7[P] 8[W] 9[P] 10[P] 
11[W] 12[B] 13[W] 14[W] 15[O] 16[B] 17[B] 18[B] 19[B] 20[O] 
21[P] 22[P] 23[O] 24[O] 25[W] 26[P] 27[P] 28[B] 29[W] 30[O] 
31[B] 32[P] 33[W] 34[O] 35[B] 36[P] 37[O] 38[W] 39[P] 40[B] 

Error Number : 0
End Test: 46
--------------------------------------------------
Test 47:

Initial:
Weight:
[[ 3.21625427  6.63608977 -5.62477587]
 [-8.73783237  0.79126944  6.41898562]]
Biases:
[[0.53946559]
 [0.77878545]]

After Traning:
Weight:
[[  3.72235427 -24.85541023   2.53132413]
 [ -0.48143237   0.07186944 -17.60561438]]
Biases:
[[3.53946559]
 [3.77878545]]

End Epoch: 3
Speed: 0.016990184783935547
1[W] 2[O] 3[O] 4[B] 5[P] 6[O] 7[P] 8[W] 9[W] 10[P] 
11[W] 12[B] 13[W] 14[W] 15[O] 16[B] 17[B] 18[B] 19[B] 20[O] 
21[P] 22[P] 23[O] 24[O] 25[W] 26[P] 27[P] 28[B] 29[W] 30[O] 
31[B] 32[P] 33[W] 34[O] 35[B] 36[P] 37[O] 38[W] 39[P] 40[B] 

Error Number : 0
End Test: 47
--------------------------------------------------
Test 48:

Initial:
Weight:
[[ 9.2828442  -3.43172819 -9.66383796]
 [-6.86898017 -7.05775387  4.60880327]]
Biases:
[[6.04789346]
 [5.3985082 ]]

After Traning:
Weight:
[[  4.3449442  -20.99012819  -0.79763796]
 [  1.35951983  -0.17815387 -16.15109673]]
Biases:
[[5.04789346]
 [5.3985082 ]]

End Epoch: 3
Speed: 0.016989946365356445
1[W] 2[O] 3[O] 4[B] 5[P] 6[O] 7[P] 8[W] 9[W] 10[P] 
11[W] 12[B] 13[W] 14[W] 15[O] 16[B] 17[B] 18[B] 19[B] 20[O] 
21[P] 22[P] 23[O] 24[O] 25[W] 26[P] 27[P] 28[B] 29[W] 30[O] 
31[B] 32[P] 33[W] 34[O] 35[B] 36[P] 37[O] 38[W] 39[P] 40[B] 

Error Number : 0
End Test: 48
--------------------------------------------------
Test 49:

Initial:
Weight:
[[-0.39089517  3.37301838  4.15345845]
 [-4.06246673  0.4411898  -6.44279989]]
Biases:
[[ 4.01675266]
 [-3.81120706]]

After Traning:
Weight:
[[  5.38640483 -17.28518162   0.62975845]
 [ -2.08036673  -0.6820102  -24.44969989]]
Biases:
[[1.01675266]
 [1.18879294]]

End Epoch: 3
Speed: 0.016989707946777344
1[P] 2[O] 3[O] 4[B] 5[P] 6[O] 7[P] 8[W] 9[P] 10[P] 
11[W] 12[B] 13[W] 14[W] 15[O] 16[B] 17[B] 18[B] 19[B] 20[O] 
21[P] 22[P] 23[O] 24[O] 25[W] 26[P] 27[P] 28[B] 29[W] 30[O] 
31[B] 32[P] 33[W] 34[O] 35[B] 36[P] 37[O] 38[W] 39[P] 40[B] 

Error Number : 0
End Test: 49
--------------------------------------------------
Test 50:

Initial:
Weight:
[[ 8.01010976 -6.83990013 -2.5369252 ]
 [ 4.75375186 -7.03296542  6.29565832]]
Biases:
[[-7.13374451]
 [-3.19768713]]

After Traning:
Weight:
[[  5.11270976 -26.64130013   2.7888748 ]
 [  0.41965186  -1.52496542 -13.48634168]]
Biases:
[[-6.13374451]
 [-1.19768713]]

End Epoch: 3
Speed: 0.015990734100341797
1[W] 2[O] 3[O] 4[B] 5[P] 6[O] 7[P] 8[W] 9[W] 10[P] 
11[W] 12[B] 13[W] 14[W] 15[O] 16[B] 17[B] 18[B] 19[B] 20[O] 
21[P] 22[P] 23[O] 24[O] 25[W] 26[P] 27[P] 28[B] 29[W] 30[O] 
31[B] 32[P] 33[W] 34[O] 35[B] 36[P] 37[O] 38[W] 39[P] 40[B] 

Error Number : 0
End Test: 50
--------------------------------------------------
Test 51:

Initial:
Weight:
[[ 5.44112246  1.93008599  2.30315918]
 [-0.59733406  0.51948503  3.23062317]]
Biases:
[[4.75205255]
 [4.71987693]]

After Traning:
Weight:
[[ 4.85662246e+00 -1.59856140e+01  9.20459183e-01]
 [-2.40963406e+00 -1.60149681e-02 -1.78676768e+01]]
Biases:
[[-0.24794745]
 [ 1.71987693]]

End Epoch: 3
Speed: 0.01699066162109375
1[P] 2[O] 3[O] 4[B] 5[P] 6[O] 7[P] 8[W] 9[W] 10[P] 
11[W] 12[B] 13[W] 14[W] 15[O] 16[B] 17[B] 18[B] 19[B] 20[O] 
21[P] 22[P] 23[O] 24[O] 25[W] 26[P] 27[P] 28[B] 29[W] 30[O] 
31[B] 32[P] 33[W] 34[O] 35[B] 36[P] 37[O] 38[W] 39[P] 40[B] 

Error Number : 0
End Test: 51
--------------------------------------------------
Test 52:

Initial:
Weight:
[[ 9.31646803 -9.5371353   0.38801598]
 [ 5.04492793 -0.18716757 -9.82461401]]
Biases:
[[-1.04147429]
 [ 4.1606191 ]]

After Traning:
Weight:
[[  8.15956803 -22.9626353    1.88141598]
 [  0.60092793  -1.19366757 -17.08391401]]
Biases:
[[-8.04147429]
 [ 4.1606191 ]]

End Epoch: 3
Speed: 0.016989707946777344
1[P] 2[O] 3[O] 4[B] 5[P] 6[O] 7[P] 8[W] 9[P] 10[P] 
11[W] 12[B] 13[W] 14[W] 15[O] 16[B] 17[B] 18[B] 19[B] 20[O] 
21[P] 22[P] 23[O] 24[O] 25[W] 26[P] 27[P] 28[B] 29[W] 30[O] 
31[B] 32[P] 33[W] 34[O] 35[B] 36[P] 37[O] 38[W] 39[P] 40[B] 

Error Number : 0
End Test: 52
--------------------------------------------------
Test 53:

Initial:
Weight:
[[ 2.5892115   0.78900251 -6.62255941]
 [-7.8307858  -4.71024463  8.46959013]]
Biases:
[[ 6.0984868 ]
 [-5.33684947]]

After Traning:
Weight:
[[  8.1013115  -33.68999749  -5.68675941]
 [  2.5723142    1.23665537 -26.76220987]]
Biases:
[[-5.9015132 ]
 [-4.33684947]]

End Epoch: 7
Speed: 0.04897165298461914
1[W] 2[O] 3[O] 4[B] 5[P] 6[O] 7[P] 8[W] 9[W] 10[P] 
11[W] 12[B] 13[W] 14[W] 15[O] 16[B] 17[B] 18[B] 19[B] 20[O] 
21[P] 22[P] 23[O] 24[O] 25[W] 26[P] 27[P] 28[B] 29[W] 30[O] 
31[O] 32[P] 33[W] 34[O] 35[B] 36[P] 37[O] 38[W] 39[P] 40[B] 

Error Number : 0
End Test: 53
--------------------------------------------------
Test 54:

Initial:
Weight:
[[-5.53421823  5.69178498 -0.38424902]
 [ 1.46402265  9.05263043 -2.88010963]]
Biases:
[[-5.14522259]
 [-4.95282575]]

After Traning:
Weight:
[[  8.46298177 -24.94801502   1.68175098]
 [  0.13372265   2.24843043 -20.04710963]]
Biases:
[[-8.14522259]
 [ 0.04717425]]

End Epoch: 4
Speed: 0.023986339569091797
1[P] 2[O] 3[O] 4[B] 5[P] 6[O] 7[P] 8[W] 9[W] 10[P] 
11[W] 12[B] 13[W] 14[W] 15[O] 16[B] 17[B] 18[B] 19[B] 20[O] 
21[P] 22[P] 23[O] 24[O] 25[W] 26[P] 27[P] 28[B] 29[W] 30[O] 
31[B] 32[P] 33[W] 34[O] 35[B] 36[P] 37[O] 38[W] 39[P] 40[B] 

Error Number : 0
End Test: 54
--------------------------------------------------
Test 55:

Initial:
Weight:
[[-3.47271681  4.83668949  2.34411768]
 [ 0.97217104 -2.74773376 -9.37615541]]
Biases:
[[0.82021426]
 [6.04139968]]

After Traning:
Weight:
[[  6.69328319 -16.36941051  -0.25988232]
 [ -2.88312896   1.33476624 -21.80645541]]
Biases:
[[-1.17978574]
 [ 7.04139968]]

End Epoch: 3
Speed: 0.016989946365356445
1[P] 2[O] 3[O] 4[B] 5[P] 6[O] 7[P] 8[W] 9[P] 10[P] 
11[W] 12[B] 13[W] 14[W] 15[O] 16[B] 17[B] 18[B] 19[B] 20[O] 
21[P] 22[P] 23[O] 24[O] 25[W] 26[P] 27[P] 28[B] 29[W] 30[O] 
31[B] 32[P] 33[W] 34[O] 35[B] 36[P] 37[O] 38[W] 39[P] 40[B] 

Error Number : 0
End Test: 55
--------------------------------------------------
Test 56:

Initial:
Weight:
[[ 6.37377138 -1.79765694  3.48973354]
 [ 4.07377193  0.67684016 -7.60524043]]
Biases:
[[7.31232739]
 [1.80835439]]

After Traning:
Weight:
[[  5.00017138 -15.53225694  -1.80916646]
 [ -0.82162807  -0.06455984 -11.56664043]]
Biases:
[[2.31232739]
 [3.80835439]]

End Epoch: 3
Speed: 0.019988059997558594
1[W] 2[O] 3[O] 4[B] 5[P] 6[O] 7[P] 8[W] 9[W] 10[P] 
11[W] 12[B] 13[W] 14[W] 15[O] 16[B] 17[B] 18[B] 19[B] 20[O] 
21[P] 22[P] 23[O] 24[O] 25[W] 26[P] 27[P] 28[B] 29[W] 30[O] 
31[B] 32[P] 33[W] 34[O] 35[B] 36[P] 37[O] 38[W] 39[P] 40[B] 

Error Number : 0
End Test: 56
--------------------------------------------------
Test 57:

Initial:
Weight:
[[-2.84089438  7.74095536  6.77343205]
 [-4.47336287 -9.59357751 -3.54100169]]
Biases:
[[-1.89981877]
 [ 0.93050009]]

After Traning:
Weight:
[[  7.29190562 -20.38724464   1.52083205]
 [  1.50703713  -0.81007751 -15.92410169]]
Biases:
[[-5.89981877]
 [ 2.93050009]]

End Epoch: 4
Speed: 0.029983043670654297
1[P] 2[O] 3[O] 4[B] 5[P] 6[O] 7[P] 8[W] 9[P] 10[P] 
11[W] 12[B] 13[W] 14[W] 15[O] 16[B] 17[B] 18[B] 19[B] 20[O] 
21[P] 22[P] 23[O] 24[O] 25[W] 26[P] 27[P] 28[B] 29[W] 30[O] 
31[B] 32[P] 33[W] 34[O] 35[B] 36[P] 37[O] 38[W] 39[P] 40[B] 

Error Number : 0
End Test: 57
--------------------------------------------------
Test 58:

Initial:
Weight:
[[ 1.80425369  2.34813001 -9.83694943]
 [-1.81197462 -8.66794095 -7.7843182 ]]
Biases:
[[-8.49079799]
 [-4.17870213]]

After Traning:
Weight:
[[  9.22945369 -24.62926999  -0.61714943]
 [  0.78722538  -0.25804095 -13.5326182 ]]
Biases:
[[-9.49079799]
 [-5.17870213]]

End Epoch: 4
Speed: 0.024985074996948242
1[W] 2[O] 3[O] 4[B] 5[P] 6[O] 7[P] 8[W] 9[W] 10[P] 
11[W] 12[B] 13[W] 14[W] 15[O] 16[B] 17[B] 18[B] 19[B] 20[O] 
21[P] 22[P] 23[O] 24[O] 25[W] 26[P] 27[P] 28[B] 29[W] 30[O] 
31[B] 32[P] 33[W] 34[O] 35[B] 36[P] 37[O] 38[W] 39[P] 40[B] 

Error Number : 0
End Test: 58
--------------------------------------------------
Test 59:

Initial:
Weight:
[[ 8.77009021  8.44720252 -0.64680435]
 [-5.44101928  9.43824434 -5.86649764]]
Biases:
[[7.77154384]
 [2.2031863 ]]

After Traning:
Weight:
[[  6.41899021 -17.35199748  -0.38590435]
 [ -0.36961928  -2.74065566 -23.39059764]]
Biases:
[[4.77154384]
 [2.2031863 ]]

End Epoch: 3
Speed: 0.016989946365356445
1[P] 2[O] 3[O] 4[B] 5[P] 6[O] 7[P] 8[W] 9[P] 10[P] 
11[W] 12[B] 13[W] 14[W] 15[O] 16[B] 17[B] 18[B] 19[B] 20[O] 
21[P] 22[P] 23[O] 24[O] 25[W] 26[P] 27[P] 28[B] 29[W] 30[O] 
31[B] 32[P] 33[W] 34[O] 35[B] 36[P] 37[O] 38[W] 39[P] 40[B] 

Error Number : 0
End Test: 59
--------------------------------------------------
Test 60:

Initial:
Weight:
[[ 7.61276594  9.44121464 -2.75742102]
 [ 2.98762706 -8.43532323 -2.12023527]]
Biases:
[[-1.65779775]
 [-2.39183948]]

After Traning:
Weight:
[[  5.35226594 -13.21188536   0.61167898]
 [ -1.40817294   1.27127677 -24.01323527]]
Biases:
[[-2.65779775]
 [ 0.60816052]]

End Epoch: 3
Speed: 0.016989707946777344
1[P] 2[O] 3[O] 4[B] 5[P] 6[O] 7[P] 8[W] 9[P] 10[P] 
11[W] 12[B] 13[W] 14[W] 15[O] 16[B] 17[B] 18[B] 19[B] 20[O] 
21[P] 22[P] 23[O] 24[O] 25[W] 26[P] 27[P] 28[B] 29[W] 30[O] 
31[B] 32[P] 33[W] 34[O] 35[B] 36[P] 37[O] 38[W] 39[P] 40[B] 

Error Number : 0
End Test: 60
--------------------------------------------------
Test 61:

Initial:
Weight:
[[-6.92192057  3.73475747  0.49026003]
 [-6.20136999 -7.47275251 -8.96596109]]
Biases:
[[-9.01412277]
 [-2.65527677]]

After Traning:
Weight:
[[  6.76567943 -26.79934253  -4.86353997]
 [  1.00743001  -1.63385251 -21.62336109]]
Biases:
[[-8.01412277]
 [-0.65527677]]

End Epoch: 4
Speed: 0.024985074996948242
1[W] 2[O] 3[O] 4[B] 5[P] 6[O] 7[P] 8[W] 9[W] 10[P] 
11[W] 12[B] 13[W] 14[W] 15[O] 16[B] 17[B] 18[B] 19[B] 20[O] 
21[P] 22[P] 23[O] 24[O] 25[W] 26[P] 27[P] 28[B] 29[W] 30[O] 
31[O] 32[P] 33[W] 34[O] 35[B] 36[P] 37[O] 38[W] 39[W] 40[B] 

Error Number : 0
End Test: 61
--------------------------------------------------
Test 62:

Initial:
Weight:
[[ 9.91729631  3.45199184 -2.8873416 ]
 [ 2.39825424 -1.87382628 -5.57831115]]
Biases:
[[-9.33240727]
 [ 3.5159838 ]]

After Traning:
Weight:
[[  8.33899631 -19.07070816  -2.8617416 ]
 [ -1.43604576   1.09767372 -18.22651115]]
Biases:
[[-6.33240727]
 [ 4.5159838 ]]

End Epoch: 3
Speed: 0.016920804977416992
1[W] 2[O] 3[O] 4[B] 5[P] 6[O] 7[P] 8[W] 9[W] 10[P] 
11[W] 12[B] 13[W] 14[W] 15[O] 16[B] 17[B] 18[B] 19[B] 20[O] 
21[P] 22[P] 23[O] 24[O] 25[W] 26[P] 27[P] 28[B] 29[W] 30[O] 
31[B] 32[P] 33[W] 34[O] 35[B] 36[P] 37[O] 38[W] 39[W] 40[B] 

Error Number : 0
End Test: 62
--------------------------------------------------
Test 63:

Initial:
Weight:
[[-7.40686938  9.53578053 -6.94001643]
 [-3.58981667  4.15853014 -4.35768396]]
Biases:
[[ 1.42907393]
 [-3.53506809]]

After Traning:
Weight:
[[ 4.46373062e+00 -9.91351947e+00 -1.80031643e+00]
 [-1.76166672e-02  2.08113014e+00 -2.30388840e+01]]
Biases:
[[3.42907393]
 [1.46493191]]

End Epoch: 3
Speed: 0.016989707946777344
1[W] 2[O] 3[O] 4[B] 5[P] 6[O] 7[P] 8[W] 9[P] 10[P] 
11[W] 12[B] 13[W] 14[W] 15[O] 16[B] 17[B] 18[B] 19[B] 20[O] 
21[P] 22[P] 23[O] 24[O] 25[W] 26[P] 27[P] 28[B] 29[W] 30[O] 
31[B] 32[P] 33[W] 34[O] 35[B] 36[P] 37[O] 38[W] 39[W] 40[B] 

Error Number : 0
End Test: 63
--------------------------------------------------
Test 64:

Initial:
Weight:
[[ 5.77225561 -9.64149283 -3.33520414]
 [-2.18270412 -3.54255035  4.73843948]]
Biases:
[[-6.15064768]
 [ 9.76293919]]

After Traning:
Weight:
[[  3.10135561 -26.12419283  -2.92910414]
 [  0.11369588  -1.55665035 -20.42526052]]
Biases:
[[-6.15064768]
 [ 6.76293919]]

End Epoch: 4
Speed: 0.024985551834106445
1[W] 2[O] 3[O] 4[B] 5[P] 6[O] 7[P] 8[W] 9[W] 10[P] 
11[W] 12[B] 13[W] 14[W] 15[O] 16[B] 17[B] 18[B] 19[B] 20[O] 
21[P] 22[P] 23[O] 24[O] 25[W] 26[P] 27[P] 28[B] 29[W] 30[O] 
31[B] 32[P] 33[W] 34[O] 35[B] 36[P] 37[O] 38[W] 39[P] 40[B] 

Error Number : 0
End Test: 64
--------------------------------------------------
Test 65:

Initial:
Weight:
[[-6.97868292 -1.69498848 -8.11962318]
 [-9.46393152 -7.65807678  8.1408324 ]]
Biases:
[[-3.18091937]
 [-2.89916118]]

After Traning:
Weight:
[[  8.91521708 -16.41148848  -0.99132318]
 [ -1.94763152  -1.45147678 -16.1562676 ]]
Biases:
[[-4.18091937]
 [-2.89916118]]

End Epoch: 3
Speed: 0.016990184783935547
1[P] 2[O] 3[O] 4[B] 5[P] 6[O] 7[P] 8[W] 9[P] 10[P] 
11[W] 12[B] 13[W] 14[W] 15[O] 16[B] 17[B] 18[B] 19[B] 20[O] 
21[P] 22[P] 23[O] 24[O] 25[W] 26[P] 27[P] 28[B] 29[W] 30[O] 
31[B] 32[P] 33[W] 34[O] 35[B] 36[P] 37[O] 38[W] 39[P] 40[B] 

Error Number : 0
End Test: 65
--------------------------------------------------
Test 66:

Initial:
Weight:
[[-1.9137419  -4.58238839  7.79964943]
 [ 6.65986914  9.60977355  9.31483507]]
Biases:
[[-4.68131957]
 [ 5.33203796]]

After Traning:
Weight:
[[ 10.4654581  -26.58788839  -1.05715057]
 [ -2.28983086  -2.03322645 -25.76176493]]
Biases:
[[-3.68131957]
 [ 4.33203796]]

End Epoch: 3
Speed: 0.0159914493560791
1[W] 2[O] 3[O] 4[B] 5[P] 6[O] 7[P] 8[W] 9[P] 10[P] 
11[W] 12[B] 13[W] 14[W] 15[O] 16[B] 17[B] 18[B] 19[B] 20[O] 
21[P] 22[P] 23[O] 24[O] 25[W] 26[P] 27[P] 28[B] 29[W] 30[O] 
31[B] 32[P] 33[W] 34[O] 35[B] 36[P] 37[O] 38[W] 39[P] 40[B] 

Error Number : 0
End Test: 66
--------------------------------------------------
Test 67:

Initial:
Weight:
[[-2.25420304  8.39755825 -2.34653627]
 [ 0.30534197 -2.93945341  5.51685329]]
Biases:
[[3.41195598]
 [2.96666099]]

After Traning:
Weight:
[[  6.00019696 -18.18384175  -3.61903627]
 [  1.43284197   1.56514659 -22.97854671]]
Biases:
[[-4.58804402]
 [ 1.96666099]]

End Epoch: 3
Speed: 0.01699066162109375
1[W] 2[O] 3[O] 4[B] 5[P] 6[O] 7[P] 8[W] 9[W] 10[P] 
11[W] 12[B] 13[W] 14[W] 15[O] 16[B] 17[B] 18[B] 19[B] 20[O] 
21[P] 22[P] 23[O] 24[O] 25[W] 26[P] 27[P] 28[B] 29[W] 30[O] 
31[B] 32[P] 33[W] 34[O] 35[B] 36[P] 37[O] 38[W] 39[W] 40[B] 

Error Number : 0
End Test: 67
--------------------------------------------------
Test 68:

Initial:
Weight:
[[ 9.57160434 -1.79821227 -7.08078648]
 [-5.74748059 -9.87612058 -1.4260498 ]]
Biases:
[[ 2.37903213]
 [-3.46117588]]

After Traning:
Weight:
[[  5.45910434 -21.37891227  -1.27008648]
 [  2.16261941   1.49937942 -26.4223498 ]]
Biases:
[[-0.62096787]
 [-1.46117588]]

End Epoch: 4
Speed: 0.024985551834106445
1[W] 2[O] 3[O] 4[B] 5[P] 6[O] 7[P] 8[W] 9[W] 10[P] 
11[W] 12[B] 13[W] 14[W] 15[O] 16[B] 17[B] 18[B] 19[B] 20[O] 
21[P] 22[P] 23[O] 24[O] 25[W] 26[P] 27[P] 28[B] 29[W] 30[O] 
31[B] 32[P] 33[W] 34[O] 35[B] 36[P] 37[O] 38[W] 39[P] 40[B] 

Error Number : 0
End Test: 68
--------------------------------------------------
Test 69:

Initial:
Weight:
[[ 2.04296542 -9.82146291  5.10223132]
 [-1.25751648 -1.16285335  6.91642471]]
Biases:
[[ 8.07922621]
 [-5.5075841 ]]

After Traning:
Weight:
[[  7.69946542 -25.99846291   2.60083132]
 [ -0.18401648  -0.36715335 -19.17087529]]
Biases:
[[ 0.07922621]
 [-3.5075841 ]]

End Epoch: 3
Speed: 0.016990184783935547
1[P] 2[O] 3[O] 4[B] 5[P] 6[O] 7[P] 8[W] 9[P] 10[P] 
11[W] 12[B] 13[W] 14[W] 15[O] 16[B] 17[B] 18[B] 19[B] 20[O] 
21[P] 22[P] 23[O] 24[O] 25[W] 26[P] 27[P] 28[B] 29[W] 30[O] 
31[B] 32[P] 33[W] 34[O] 35[B] 36[P] 37[O] 38[W] 39[P] 40[B] 

Error Number : 0
End Test: 69
--------------------------------------------------
Test 70:

Initial:
Weight:
[[ 2.05166631 -1.69547656 -7.14179924]
 [ 1.73179874 -3.7948128   1.89078482]]
Biases:
[[-0.66344056]
 [-2.23836824]]

After Traning:
Weight:
[[  5.55856631 -28.66877656   1.97140076]
 [ -0.14870126  -0.8578128  -14.65961518]]
Biases:
[[-3.66344056]
 [-1.23836824]]

End Epoch: 3
Speed: 0.01698899269104004
1[W] 2[O] 3[O] 4[B] 5[P] 6[O] 7[P] 8[W] 9[W] 10[P] 
11[W] 12[B] 13[W] 14[W] 15[O] 16[B] 17[B] 18[B] 19[B] 20[O] 
21[P] 22[P] 23[O] 24[O] 25[W] 26[P] 27[P] 28[B] 29[W] 30[O] 
31[B] 32[P] 33[W] 34[O] 35[B] 36[P] 37[O] 38[W] 39[P] 40[B] 

Error Number : 0
End Test: 70
--------------------------------------------------
Test 71:

Initial:
Weight:
[[-3.60112105 -8.33301606 -1.58161422]
 [-8.12093699  9.43104508  6.93088919]]
Biases:
[[ 7.85685892]
 [-7.8226013 ]]

After Traning:
Weight:
[[  5.47757895 -19.79771606  -1.31161422]
 [ -1.16353699   0.19514508 -15.69961081]]
Biases:
[[ 1.85685892]
 [-3.8226013 ]]

End Epoch: 3
Speed: 0.016989707946777344
1[W] 2[O] 3[O] 4[B] 5[P] 6[O] 7[P] 8[W] 9[W] 10[P] 
11[W] 12[B] 13[W] 14[W] 15[O] 16[B] 17[B] 18[B] 19[B] 20[O] 
21[P] 22[P] 23[O] 24[O] 25[W] 26[P] 27[P] 28[B] 29[W] 30[O] 
31[B] 32[P] 33[W] 34[O] 35[B] 36[P] 37[O] 38[W] 39[P] 40[B] 

Error Number : 0
End Test: 71
--------------------------------------------------
Test 72:

Initial:
Weight:
[[-4.27075743 -2.71459279  9.20117622]
 [-8.8095831   4.49002058 -3.21369848]]
Biases:
[[8.25775954]
 [9.02085322]]

After Traning:
Weight:
[[  9.22714257 -21.47049279  -1.87802378]
 [  1.3113169    0.23652058 -19.93959848]]
Biases:
[[ 4.25775954]
 [10.02085322]]

End Epoch: 4
Speed: 0.02498483657836914
1[P] 2[O] 3[O] 4[B] 5[P] 6[O] 7[P] 8[W] 9[P] 10[P] 
11[W] 12[B] 13[W] 14[W] 15[O] 16[B] 17[B] 18[B] 19[B] 20[O] 
21[P] 22[P] 23[O] 24[O] 25[W] 26[P] 27[P] 28[B] 29[W] 30[O] 
31[B] 32[P] 33[W] 34[O] 35[B] 36[P] 37[O] 38[W] 39[P] 40[B] 

Error Number : 0
End Test: 72
--------------------------------------------------
Test 73:

Initial:
Weight:
[[-9.12344205 -7.11713698  3.73596241]
 [-6.27204417  0.76814159  4.63620281]]
Biases:
[[2.2414871 ]
 [2.38976989]]

After Traning:
Weight:
[[  5.64125795 -27.80833698  -4.14163759]
 [ -2.90304417  -0.48365841 -24.09729719]]
Biases:
[[-6.7585129 ]
 [ 4.38976989]]

End Epoch: 4
Speed: 0.02398538589477539
1[W] 2[O] 3[O] 4[B] 5[P] 6[O] 7[P] 8[W] 9[W] 10[P] 
11[W] 12[B] 13[W] 14[W] 15[O] 16[B] 17[B] 18[B] 19[B] 20[O] 
21[P] 22[P] 23[O] 24[O] 25[W] 26[P] 27[P] 28[B] 29[W] 30[O] 
31[B] 32[P] 33[W] 34[O] 35[B] 36[P] 37[O] 38[W] 39[P] 40[B] 

Error Number : 0
End Test: 73
--------------------------------------------------
Test 74:

Initial:
Weight:
[[ 0.80619468  7.3738657  -6.12942622]
 [-0.25250909  1.40872757  3.73854768]]
Biases:
[[1.70472962]
 [3.83669532]]

After Traning:
Weight:
[[  3.89549468 -29.1237343   -3.40622622]
 [  1.85549091   0.73502757 -16.85085232]]
Biases:
[[-3.29527038]
 [ 0.83669532]]

End Epoch: 4
Speed: 0.024985313415527344
1[W] 2[O] 3[O] 4[B] 5[P] 6[O] 7[P] 8[W] 9[W] 10[P] 
11[W] 12[B] 13[W] 14[W] 15[O] 16[B] 17[B] 18[B] 19[B] 20[O] 
21[P] 22[P] 23[O] 24[O] 25[W] 26[P] 27[P] 28[B] 29[W] 30[O] 
31[B] 32[P] 33[W] 34[O] 35[B] 36[P] 37[O] 38[W] 39[P] 40[B] 

Error Number : 0
End Test: 74
--------------------------------------------------
Test 75:

Initial:
Weight:
[[-0.97625691 -4.18149928  3.86276411]
 [-1.33272336 -0.15161302  6.31925054]]
Biases:
[[4.97233492]
 [1.75066571]]

After Traning:
Weight:
[[  4.47424309 -14.56589928  -1.24883589]
 [  0.62847664  -2.45801302 -20.74584946]]
Biases:
[[2.97233492]
 [2.75066571]]

End Epoch: 3
Speed: 0.01746058464050293
1[W] 2[O] 3[O] 4[B] 5[P] 6[O] 7[P] 8[W] 9[W] 10[P] 
11[W] 12[B] 13[W] 14[W] 15[O] 16[B] 17[B] 18[B] 19[B] 20[O] 
21[P] 22[P] 23[O] 24[O] 25[W] 26[P] 27[P] 28[B] 29[W] 30[O] 
31[B] 32[P] 33[W] 34[O] 35[B] 36[P] 37[O] 38[W] 39[P] 40[B] 

Error Number : 0
End Test: 75
--------------------------------------------------
Test 76:

Initial:
Weight:
[[ 0.91861244  3.04104089  9.24752416]
 [ 5.74304657  6.37433731 -4.0947665 ]]
Biases:
[[-7.38774315]
 [-6.08629863]]

After Traning:
Weight:
[[  6.38561244 -22.91295911   2.27452416]
 [  1.30634657  -1.76306269 -21.2419665 ]]
Biases:
[[-8.38774315]
 [ 0.91370137]]

End Epoch: 3
Speed: 0.0159909725189209
1[W] 2[O] 3[O] 4[B] 5[P] 6[O] 7[P] 8[W] 9[W] 10[P] 
11[W] 12[B] 13[W] 14[W] 15[O] 16[B] 17[B] 18[B] 19[B] 20[O] 
21[P] 22[P] 23[O] 24[O] 25[W] 26[P] 27[P] 28[B] 29[W] 30[O] 
31[B] 32[P] 33[W] 34[O] 35[B] 36[P] 37[O] 38[W] 39[P] 40[B] 

Error Number : 0
End Test: 76
--------------------------------------------------
Test 77:

Initial:
Weight:
[[-9.36862535  8.24868398  6.47553578]
 [-2.85255228 -8.96057863 -0.51524611]]
Biases:
[[ 4.57706113]
 [-4.81947378]]

After Traning:
Weight:
[[  5.57397465 -12.21211602  -2.40966422]
 [ -1.12725228   1.71592137 -21.40814611]]
Biases:
[[ 2.57706113]
 [-0.81947378]]

End Epoch: 3
Speed: 0.0179901123046875
1[W] 2[O] 3[O] 4[B] 5[P] 6[O] 7[P] 8[W] 9[P] 10[P] 
11[W] 12[B] 13[W] 14[W] 15[O] 16[B] 17[B] 18[B] 19[B] 20[O] 
21[P] 22[P] 23[O] 24[O] 25[W] 26[P] 27[P] 28[B] 29[W] 30[O] 
31[B] 32[P] 33[W] 34[O] 35[B] 36[P] 37[O] 38[W] 39[W] 40[B] 

Error Number : 0
End Test: 77
--------------------------------------------------
Test 78:

Initial:
Weight:
[[5.6221949  4.55972708 9.40599127]
 [4.02945568 5.8877814  6.44045797]]
Biases:
[[ 1.47295027]
 [-2.750029  ]]

After Traning:
Weight:
[[  4.7252949   -9.82347292  -1.59880873]
 [ -1.29784432  -1.6503186  -27.02484203]]
Biases:
[[1.47295027]
 [0.249971  ]]

End Epoch: 3
Speed: 0.015990018844604492
1[W] 2[O] 3[O] 4[B] 5[P] 6[O] 7[P] 8[W] 9[P] 10[P] 
11[W] 12[B] 13[W] 14[W] 15[O] 16[B] 17[B] 18[B] 19[B] 20[O] 
21[P] 22[P] 23[O] 24[O] 25[W] 26[P] 27[P] 28[B] 29[W] 30[O] 
31[B] 32[P] 33[W] 34[O] 35[B] 36[P] 37[O] 38[W] 39[W] 40[B] 

Error Number : 0
End Test: 78
--------------------------------------------------
Test 79:

Initial:
Weight:
[[-3.60298681  1.35000281 -2.11074371]
 [-4.1431861  -7.85741743 -5.51887625]]
Biases:
[[ 6.92135594]
 [-4.09934398]]

After Traning:
Weight:
[[  7.30321319 -19.61839719  -3.07814371]
 [ -2.4923861   -1.35971743 -22.89047625]]
Biases:
[[5.92135594]
 [1.90065602]]

End Epoch: 3
Speed: 0.016989946365356445
1[W] 2[O] 3[O] 4[B] 5[P] 6[O] 7[P] 8[W] 9[W] 10[P] 
11[W] 12[B] 13[W] 14[W] 15[O] 16[B] 17[B] 18[B] 19[B] 20[O] 
21[P] 22[P] 23[O] 24[O] 25[W] 26[P] 27[P] 28[B] 29[W] 30[O] 
31[B] 32[P] 33[W] 34[O] 35[B] 36[P] 37[O] 38[W] 39[P] 40[B] 

Error Number : 0
End Test: 79
--------------------------------------------------
Test 80:

Initial:
Weight:
[[-6.22963835 -3.98870913 -4.52776969]
 [-1.66905756  8.48066739 -5.26236826]]
Biases:
[[ 5.86331736]
 [-0.51971791]]

After Traning:
Weight:
[[ 6.36096165e+00 -1.34714091e+01 -1.68206969e+00]
 [ 5.14243998e-03  1.56476739e+00 -1.98472683e+01]]
Biases:
[[2.86331736]
 [4.48028209]]

End Epoch: 3
Speed: 0.016990184783935547
1[P] 2[O] 3[O] 4[B] 5[P] 6[O] 7[P] 8[W] 9[P] 10[P] 
11[W] 12[B] 13[W] 14[W] 15[O] 16[B] 17[B] 18[B] 19[B] 20[O] 
21[P] 22[P] 23[O] 24[O] 25[W] 26[P] 27[P] 28[B] 29[W] 30[O] 
31[B] 32[P] 33[W] 34[O] 35[B] 36[P] 37[O] 38[W] 39[P] 40[B] 

Error Number : 0
End Test: 80
--------------------------------------------------
Test 81:

Initial:
Weight:
[[-3.50851067  3.09761615 -2.66762267]
 [-6.96368474 -6.1205476   8.62187106]]
Biases:
[[-7.80001421]
 [ 0.9614544 ]]

After Traning:
Weight:
[[  3.31928933 -10.41838385  -1.99852267]
 [ -1.23248474   1.5742524  -22.56772894]]
Biases:
[[-4.80001421]
 [-3.0385456 ]]

End Epoch: 3
Speed: 0.015994787216186523
1[W] 2[O] 3[O] 4[B] 5[P] 6[O] 7[P] 8[W] 9[W] 10[P] 
11[W] 12[B] 13[W] 14[W] 15[O] 16[B] 17[B] 18[B] 19[B] 20[O] 
21[P] 22[P] 23[O] 24[O] 25[W] 26[P] 27[P] 28[B] 29[W] 30[O] 
31[B] 32[P] 33[W] 34[O] 35[B] 36[P] 37[O] 38[W] 39[W] 40[B] 

Error Number : 0
End Test: 81
--------------------------------------------------
Test 82:

Initial:
Weight:
[[ 3.30401653 -9.18780788 -3.6749048 ]
 [-6.01025546 -1.91159854  7.70464913]]
Biases:
[[-1.21743722]
 [ 4.48858329]]

After Traning:
Weight:
[[ 10.06821653 -20.10030788  -2.0848048 ]
 [  0.97684454  -2.53519854 -24.27135087]]
Biases:
[[-3.21743722]
 [ 8.48858329]]

End Epoch: 4
Speed: 0.024986743927001953
1[P] 2[O] 3[O] 4[B] 5[P] 6[O] 7[P] 8[W] 9[P] 10[P] 
11[W] 12[B] 13[W] 14[W] 15[O] 16[B] 17[B] 18[B] 19[B] 20[O] 
21[P] 22[P] 23[O] 24[O] 25[W] 26[P] 27[P] 28[B] 29[W] 30[O] 
31[B] 32[P] 33[W] 34[O] 35[B] 36[P] 37[O] 38[W] 39[P] 40[B] 

Error Number : 0
End Test: 82
--------------------------------------------------
Test 83:

Initial:
Weight:
[[-5.19770865 -6.11234564 -4.33401975]
 [-5.26255002  6.62433876  7.39547783]]
Biases:
[[-2.10918663]
 [-4.57045989]]

After Traning:
Weight:
[[  7.85099135 -18.66464564  -2.17231975]
 [ -1.48915002  -1.55136124 -21.75452217]]
Biases:
[[-0.10918663]
 [-0.57045989]]

End Epoch: 3
Speed: 0.016990184783935547
1[W] 2[O] 3[O] 4[B] 5[P] 6[O] 7[P] 8[W] 9[P] 10[P] 
11[W] 12[B] 13[W] 14[W] 15[O] 16[B] 17[B] 18[B] 19[B] 20[O] 
21[P] 22[P] 23[O] 24[O] 25[W] 26[P] 27[P] 28[B] 29[W] 30[O] 
31[B] 32[P] 33[W] 34[O] 35[B] 36[P] 37[O] 38[W] 39[P] 40[B] 

Error Number : 0
End Test: 83
--------------------------------------------------
Test 84:

Initial:
Weight:
[[-3.40771302  1.7335418   9.00752164]
 [ 3.39722838 -2.8741725  -5.4506641 ]]
Biases:
[[3.91676854]
 [4.86425045]]

After Traning:
Weight:
[[  1.62628698 -10.9925582   -0.05057836]
 [  0.26152838   0.5740275  -14.0075641 ]]
Biases:
[[2.91676854]
 [1.86425045]]

End Epoch: 3
Speed: 0.10593843460083008
1[W] 2[O] 3[O] 4[B] 5[P] 6[O] 7[P] 8[W] 9[W] 10[P] 
11[W] 12[B] 13[W] 14[W] 15[O] 16[B] 17[B] 18[B] 19[B] 20[O] 
21[P] 22[P] 23[O] 24[O] 25[W] 26[P] 27[P] 28[B] 29[W] 30[O] 
31[B] 32[P] 33[W] 34[O] 35[B] 36[P] 37[O] 38[W] 39[P] 40[B] 

Error Number : 0
End Test: 84
--------------------------------------------------
Test 85:

Initial:
Weight:
[[-4.37800694 -9.96062886  5.34324491]
 [ 0.48532752  4.25251556 -4.5038733 ]]
Biases:
[[-1.59428827]
 [-9.71342869]]

After Traning:
Weight:
[[  6.08579306 -30.21222886   1.78324491]
 [  0.66762752   0.53401556 -12.9502733 ]]
Biases:
[[-9.59428827]
 [-4.71342869]]

End Epoch: 4
Speed: 0.024158000946044922
1[W] 2[O] 3[O] 4[B] 5[P] 6[O] 7[P] 8[W] 9[W] 10[P] 
11[W] 12[B] 13[W] 14[W] 15[O] 16[B] 17[B] 18[B] 19[B] 20[O] 
21[P] 22[P] 23[O] 24[O] 25[W] 26[P] 27[P] 28[B] 29[W] 30[O] 
31[B] 32[P] 33[W] 34[O] 35[B] 36[P] 37[O] 38[W] 39[P] 40[B] 

Error Number : 0
End Test: 85
--------------------------------------------------
Test 86:

Initial:
Weight:
[[-3.7194831  -6.07525175  3.78714143]
 [-2.57325699 -9.18684577  4.86483014]]
Biases:
[[-3.96243605]
 [-2.7035002 ]]

After Traning:
Weight:
[[  4.7843169  -14.85385175  -0.29555857]
 [  2.22414301  -0.54824577 -27.92546986]]
Biases:
[[-4.96243605]
 [-2.7035002 ]]

End Epoch: 3
Speed: 0.01699042320251465
1[W] 2[O] 3[O] 4[B] 5[P] 6[O] 7[P] 8[W] 9[W] 10[P] 
11[W] 12[B] 13[W] 14[W] 15[O] 16[B] 17[B] 18[B] 19[B] 20[O] 
21[P] 22[P] 23[O] 24[O] 25[W] 26[P] 27[P] 28[B] 29[W] 30[O] 
31[B] 32[P] 33[W] 34[O] 35[B] 36[P] 37[O] 38[W] 39[P] 40[B] 

Error Number : 0
End Test: 86
--------------------------------------------------
Test 87:

Initial:
Weight:
[[ 3.52737793  7.14653692 -4.14500594]
 [ 1.29235808 -7.90696167  8.97489838]]
Biases:
[[ 3.96952263]
 [-2.6508651 ]]

After Traning:
Weight:
[[  1.90557793 -17.51646308   1.30499406]
 [ -1.16004192  -0.35656167 -14.77270162]]
Biases:
[[ 0.96952263]
 [-2.6508651 ]]

End Epoch: 3
Speed: 0.016991376876831055
1[W] 2[O] 3[O] 4[B] 5[P] 6[O] 7[P] 8[W] 9[W] 10[P] 
11[W] 12[B] 13[W] 14[W] 15[O] 16[B] 17[B] 18[B] 19[B] 20[O] 
21[P] 22[P] 23[O] 24[O] 25[W] 26[P] 27[P] 28[B] 29[W] 30[O] 
31[B] 32[P] 33[W] 34[O] 35[B] 36[P] 37[O] 38[W] 39[P] 40[B] 

Error Number : 0
End Test: 87
--------------------------------------------------
Test 88:

Initial:
Weight:
[[ 9.15542703 -2.09461539  7.44991121]
 [-0.66731144 -2.57822365 -9.40629501]]
Biases:
[[-1.80738344]
 [-1.58096593]]

After Traning:
Weight:
[[  3.52812703 -14.07701539   1.59661121]
 [  1.36368856   0.58527635 -13.83449501]]
Biases:
[[-5.80738344]
 [-2.58096593]]

End Epoch: 3
Speed: 0.01801919937133789
1[W] 2[O] 3[O] 4[B] 5[P] 6[O] 7[P] 8[W] 9[W] 10[P] 
11[W] 12[B] 13[W] 14[W] 15[O] 16[B] 17[B] 18[B] 19[B] 20[O] 
21[P] 22[P] 23[O] 24[O] 25[W] 26[P] 27[P] 28[B] 29[W] 30[O] 
31[B] 32[P] 33[W] 34[O] 35[B] 36[P] 37[O] 38[W] 39[P] 40[B] 

Error Number : 0
End Test: 88
--------------------------------------------------
Test 89:

Initial:
Weight:
[[ 3.02387211 -4.00507204  8.32797508]
 [-7.0017338   2.62175909 -7.64436985]]
Biases:
[[-1.68689849]
 [ 4.64611461]]

After Traning:
Weight:
[[  6.32937211 -18.53007204  -2.35162492]
 [  0.8075662   -1.68264091 -16.87666985]]
Biases:
[[-5.68689849]
 [ 5.64611461]]

End Epoch: 3
Speed: 0.017990589141845703
1[W] 2[O] 3[O] 4[B] 5[P] 6[O] 7[P] 8[W] 9[W] 10[P] 
11[W] 12[B] 13[W] 14[W] 15[O] 16[B] 17[B] 18[B] 19[B] 20[O] 
21[P] 22[P] 23[O] 24[O] 25[W] 26[P] 27[P] 28[B] 29[W] 30[O] 
31[B] 32[P] 33[W] 34[O] 35[B] 36[P] 37[O] 38[W] 39[P] 40[B] 

Error Number : 0
End Test: 89
--------------------------------------------------
Test 90:

Initial:
Weight:
[[ 2.22822693 -9.55975595  1.41443125]
 [ 9.31282625  1.1238371  -0.89388204]]
Biases:
[[ 6.12412258]
 [-8.45572195]]

After Traning:
Weight:
[[  3.84962693 -25.51355595   2.34933125]
 [ -0.10647375   0.1920371  -14.85288204]]
Biases:
[[ 6.12412258]
 [-5.45572195]]

End Epoch: 3
Speed: 0.017397403717041016
1[W] 2[O] 3[O] 4[B] 5[P] 6[O] 7[P] 8[W] 9[W] 10[P] 
11[W] 12[B] 13[W] 14[W] 15[O] 16[B] 17[B] 18[B] 19[B] 20[O] 
21[P] 22[P] 23[O] 24[O] 25[W] 26[P] 27[P] 28[B] 29[W] 30[O] 
31[B] 32[P] 33[W] 34[O] 35[B] 36[P] 37[O] 38[W] 39[P] 40[B] 

Error Number : 0
End Test: 90
--------------------------------------------------
Test 91:

Initial:
Weight:
[[-7.58156317  8.88445702  8.01612415]
 [-9.50149432 -7.85836831  7.90034409]]
Biases:
[[3.65467759]
 [8.64673443]]

After Traning:
Weight:
[[  6.96873683 -21.46664298  -1.57137585]
 [  0.90410568   1.14353169 -20.87735591]]
Biases:
[[-0.34532241]
 [ 5.64673443]]

End Epoch: 3
Speed: 0.016990184783935547
1[W] 2[O] 3[O] 4[B] 5[P] 6[O] 7[P] 8[W] 9[W] 10[P] 
11[W] 12[B] 13[W] 14[W] 15[O] 16[B] 17[B] 18[B] 19[B] 20[O] 
21[P] 22[P] 23[O] 24[O] 25[W] 26[P] 27[P] 28[B] 29[W] 30[O] 
31[B] 32[P] 33[W] 34[O] 35[B] 36[P] 37[O] 38[W] 39[P] 40[B] 

Error Number : 0
End Test: 91
--------------------------------------------------
Test 92:

Initial:
Weight:
[[-3.98964039 -4.47597449 -6.92128031]
 [-8.22580467  2.2328998  -4.35811164]]
Biases:
[[8.54547547]
 [2.04252458]]

After Traning:
Weight:
[[  2.74325961 -18.22927449   0.53621969]
 [ -1.41800467   0.1063998  -20.49981164]]
Biases:
[[6.54547547]
 [3.04252458]]

End Epoch: 3
Speed: 0.015990018844604492
1[W] 2[O] 3[O] 4[B] 5[P] 6[O] 7[P] 8[W] 9[W] 10[P] 
11[W] 12[B] 13[W] 14[W] 15[O] 16[B] 17[B] 18[B] 19[B] 20[O] 
21[P] 22[P] 23[O] 24[O] 25[W] 26[P] 27[P] 28[B] 29[W] 30[O] 
31[B] 32[P] 33[W] 34[O] 35[B] 36[P] 37[O] 38[W] 39[P] 40[B] 

Error Number : 0
End Test: 92
--------------------------------------------------
Test 93:

Initial:
Weight:
[[-6.50882152  8.72541327 -1.49976821]
 [ 0.87519441  6.6349928  -2.96289782]]
Biases:
[[3.77427398]
 [6.03677614]]

After Traning:
Weight:
[[  2.81957848 -15.54238673  -1.51736821]
 [ -2.16070559  -0.5103072  -20.99469782]]
Biases:
[[-0.22572602]
 [ 3.03677614]]

End Epoch: 3
Speed: 0.018988609313964844
1[W] 2[O] 3[O] 4[B] 5[P] 6[O] 7[P] 8[W] 9[W] 10[P] 
11[W] 12[B] 13[W] 14[W] 15[O] 16[B] 17[B] 18[B] 19[B] 20[O] 
21[P] 22[P] 23[O] 24[O] 25[W] 26[P] 27[P] 28[B] 29[W] 30[O] 
31[B] 32[P] 33[W] 34[O] 35[B] 36[P] 37[O] 38[W] 39[P] 40[B] 

Error Number : 0
End Test: 93
--------------------------------------------------
Test 94:

Initial:
Weight:
[[-8.91593481 -1.83668058  9.8677181 ]
 [-5.73995371 -2.12858292 -9.20146054]]
Biases:
[[ 9.57419357]
 [-9.43614833]]

After Traning:
Weight:
[[  2.63966519 -20.46738058   1.8088181 ]
 [ -1.34985371   1.74621708 -23.98226054]]
Biases:
[[ 5.57419357]
 [-5.43614833]]

End Epoch: 3
Speed: 0.018988609313964844
1[W] 2[O] 3[O] 4[B] 5[P] 6[O] 7[P] 8[W] 9[W] 10[P] 
11[W] 12[B] 13[W] 14[W] 15[O] 16[B] 17[B] 18[B] 19[B] 20[O] 
21[P] 22[P] 23[O] 24[O] 25[W] 26[P] 27[P] 28[B] 29[W] 30[O] 
31[B] 32[P] 33[W] 34[O] 35[B] 36[P] 37[O] 38[W] 39[P] 40[B] 

Error Number : 0
End Test: 94
--------------------------------------------------
Test 95:

Initial:
Weight:
[[ 9.92407922  6.15011637 -4.56633899]
 [-1.59522078 -9.66802859 -8.03756001]]
Biases:
[[0.80639659]
 [1.35368095]]

After Traning:
Weight:
[[  2.47557922 -22.33088363   1.32216101]
 [ -0.49642078   1.66747141 -18.28546001]]
Biases:
[[2.80639659]
 [2.35368095]]

End Epoch: 3
Speed: 0.014990806579589844
1[W] 2[O] 3[O] 4[B] 5[P] 6[O] 7[P] 8[W] 9[W] 10[P] 
11[W] 12[B] 13[W] 14[W] 15[O] 16[B] 17[B] 18[B] 19[B] 20[O] 
21[P] 22[P] 23[O] 24[O] 25[W] 26[P] 27[P] 28[B] 29[W] 30[O] 
31[B] 32[P] 33[W] 34[O] 35[B] 36[P] 37[O] 38[W] 39[P] 40[B] 

Error Number : 0
End Test: 95
--------------------------------------------------
Test 96:

Initial:
Weight:
[[-9.72762397 -0.35626633  2.45544144]
 [ 5.51388482  5.36273992  9.93370597]]
Biases:
[[ 4.57362348]
 [-6.20784498]]

After Traning:
Weight:
[[  5.02777603 -13.28156633  -0.96825856]
 [  0.89978482  -0.59376008 -16.27989403]]
Biases:
[[ 3.57362348]
 [-2.20784498]]

End Epoch: 3
Speed: 0.016990184783935547
1[P] 2[O] 3[O] 4[B] 5[P] 6[O] 7[P] 8[W] 9[P] 10[P] 
11[W] 12[B] 13[W] 14[W] 15[O] 16[B] 17[B] 18[B] 19[B] 20[O] 
21[P] 22[P] 23[O] 24[O] 25[W] 26[P] 27[P] 28[B] 29[W] 30[O] 
31[B] 32[P] 33[W] 34[O] 35[B] 36[P] 37[O] 38[W] 39[P] 40[B] 

Error Number : 0
End Test: 96
--------------------------------------------------
Test 97:

Initial:
Weight:
[[ 7.00095808 -1.89440937  3.26790402]
 [ 5.04591576 -5.80535896  6.09365594]]
Biases:
[[ 8.34554602]
 [-1.61663174]]

After Traning:
Weight:
[[  0.74015808  -8.78700937   0.84330402]
 [ -0.41118424  -2.23175896 -15.55694406]]
Biases:
[[ 5.34554602]
 [-0.61663174]]

End Epoch: 3
Speed: 0.0159909725189209
1[W] 2[O] 3[O] 4[B] 5[P] 6[O] 7[P] 8[W] 9[W] 10[P] 
11[P] 12[B] 13[W] 14[W] 15[O] 16[B] 17[B] 18[B] 19[B] 20[O] 
21[P] 22[P] 23[O] 24[O] 25[W] 26[P] 27[P] 28[B] 29[W] 30[O] 
31[B] 32[P] 33[W] 34[O] 35[B] 36[P] 37[O] 38[W] 39[P] 40[B] 

Error Number : 0
End Test: 97
--------------------------------------------------
Test 98:

Initial:
Weight:
[[ 8.73308743 -6.78216598 -3.78931986]
 [-6.21760436 -2.96269099 -2.96812574]]
Biases:
[[8.05338318]
 [2.53415673]]

After Traning:
Weight:
[[  8.32148743 -18.07216598  -1.79611986]
 [ -1.69100436  -1.82599099 -21.22162574]]
Biases:
[[3.05338318]
 [2.53415673]]

End Epoch: 3
Speed: 0.0179901123046875
1[P] 2[O] 3[O] 4[B] 5[P] 6[O] 7[P] 8[W] 9[P] 10[P] 
11[W] 12[B] 13[W] 14[W] 15[O] 16[B] 17[B] 18[B] 19[B] 20[O] 
21[P] 22[P] 23[O] 24[O] 25[W] 26[P] 27[P] 28[B] 29[W] 30[O] 
31[B] 32[P] 33[W] 34[O] 35[B] 36[P] 37[O] 38[W] 39[P] 40[B] 

Error Number : 0
End Test: 98
--------------------------------------------------
Test 99:

Initial:
Weight:
[[ 5.39254697  2.14955906  5.46383882]
 [-9.451122   -5.99878569 -1.07789621]]
Biases:
[[7.53674753]
 [1.61230296]]

After Traning:
Weight:
[[  6.01424697 -21.67724094   1.83313882]
 [ -2.123222     0.13261431 -17.84449621]]
Biases:
[[1.53674753]
 [1.61230296]]

End Epoch: 3
Speed: 0.016989469528198242
1[P] 2[O] 3[O] 4[B] 5[P] 6[O] 7[P] 8[W] 9[W] 10[P] 
11[W] 12[B] 13[W] 14[W] 15[O] 16[B] 17[B] 18[B] 19[B] 20[O] 
21[P] 22[P] 23[O] 24[O] 25[W] 26[P] 27[P] 28[B] 29[W] 30[O] 
31[B] 32[P] 33[W] 34[O] 35[B] 36[P] 37[O] 38[W] 39[P] 40[B] 

Error Number : 0
End Test: 99
--------------------------------------------------
Test 100:

Initial:
Weight:
[[ 2.86265757 -8.22946282  2.65647944]
 [ 2.70830687  2.39305712  5.97801144]]
Biases:
[[-7.53359301]
 [-4.0125115 ]]

After Traning:
Weight:
[[  3.77135757 -20.26246282  -3.42692056]
 [  1.90800687  -0.33704288 -22.14748856]]
Biases:
[[-8.53359301]
 [-2.0125115 ]]

End Epoch: 3
Speed: 0.0179898738861084
1[W] 2[O] 3[O] 4[B] 5[P] 6[O] 7[P] 8[W] 9[W] 10[P] 
11[W] 12[B] 13[W] 14[W] 15[O] 16[B] 17[B] 18[B] 19[B] 20[O] 
21[P] 22[P] 23[O] 24[O] 25[W] 26[P] 27[P] 28[B] 29[W] 30[O] 
31[B] 32[P] 33[W] 34[O] 35[B] 36[P] 37[O] 38[W] 39[W] 40[B] 

Error Number : 0
End Test: 100
--------------------------------------------------
Total Error: 0
Avg Error: 0.0
Total Time: 2.0351805686950684 sec
Avg Time: 0.020351805686950684 sec
